                              1 ;--------------------------------------------------------
                              2 ; File Created by SDCC : free open source ANSI-C Compiler
                              3 ; Version 2.8.0 #5117 (Mar 23 2008) (MINGW32)
                              4 ; This file was generated Sun Jan 30 19:17:31 2011
                              5 ;--------------------------------------------------------
                              6 	.module config
                              7 	.optsdcc -mmcs51 --model-large
                              8 	
                              9 ;--------------------------------------------------------
                             10 ; Public variables in this module
                             11 ;--------------------------------------------------------
                             12 	.globl _config
                             13 	.globl _P7_7
                             14 	.globl _P7_6
                             15 	.globl _P7_5
                             16 	.globl _P7_4
                             17 	.globl _P7_3
                             18 	.globl _P7_2
                             19 	.globl _P7_1
                             20 	.globl _P7_0
                             21 	.globl _SPIF
                             22 	.globl _WCOL
                             23 	.globl _MODF
                             24 	.globl _RXOVRN
                             25 	.globl _NSSMD1
                             26 	.globl _NSSMD0
                             27 	.globl _TXBMT
                             28 	.globl _SPIEN
                             29 	.globl _P6_7
                             30 	.globl _P6_6
                             31 	.globl _P6_5
                             32 	.globl _P6_4
                             33 	.globl _P6_3
                             34 	.globl _P6_2
                             35 	.globl _P6_1
                             36 	.globl _P6_0
                             37 	.globl _AD2EN
                             38 	.globl _AD2TM
                             39 	.globl _AD2INT
                             40 	.globl _AD2BUSY
                             41 	.globl _AD2CM2
                             42 	.globl _AD2CM1
                             43 	.globl _AD2CM0
                             44 	.globl _AD2WINT
                             45 	.globl _AD0EN
                             46 	.globl _AD0TM
                             47 	.globl _AD0INT
                             48 	.globl _AD0BUSY
                             49 	.globl _AD0CM1
                             50 	.globl _AD0CM0
                             51 	.globl _AD0WINT
                             52 	.globl _AD0LJST
                             53 	.globl _P5_7
                             54 	.globl _P5_6
                             55 	.globl _P5_5
                             56 	.globl _P5_4
                             57 	.globl _P5_3
                             58 	.globl _P5_2
                             59 	.globl _P5_1
                             60 	.globl _P5_0
                             61 	.globl _CF
                             62 	.globl _CR
                             63 	.globl _CCF5
                             64 	.globl _CCF4
                             65 	.globl _CCF3
                             66 	.globl _CCF2
                             67 	.globl _CCF1
                             68 	.globl _CCF0
                             69 	.globl _CY
                             70 	.globl _AC
                             71 	.globl _F0
                             72 	.globl _RS1
                             73 	.globl _RS0
                             74 	.globl _OV
                             75 	.globl _F1
                             76 	.globl _P
                             77 	.globl _P4_7
                             78 	.globl _P4_6
                             79 	.globl _P4_5
                             80 	.globl _P4_4
                             81 	.globl _P4_3
                             82 	.globl _P4_2
                             83 	.globl _P4_1
                             84 	.globl _P4_0
                             85 	.globl _TF4
                             86 	.globl _EXF4
                             87 	.globl _EXEN4
                             88 	.globl _TR4
                             89 	.globl _CT4
                             90 	.globl _CPRL4
                             91 	.globl _TF3
                             92 	.globl _EXF3
                             93 	.globl _EXEN3
                             94 	.globl _TR3
                             95 	.globl _CT3
                             96 	.globl _CPRL3
                             97 	.globl _TF2
                             98 	.globl _EXF2
                             99 	.globl _EXEN2
                            100 	.globl _TR2
                            101 	.globl _CT2
                            102 	.globl _CPRL2
                            103 	.globl _MAC0HO
                            104 	.globl _MAC0Z
                            105 	.globl _MAC0SO
                            106 	.globl _MAC0N
                            107 	.globl _BUSY
                            108 	.globl _ENSMB
                            109 	.globl _STA
                            110 	.globl _STO
                            111 	.globl _SI
                            112 	.globl _AA
                            113 	.globl _SMBFTE
                            114 	.globl _SMBTOE
                            115 	.globl _PT2
                            116 	.globl _PS
                            117 	.globl _PS0
                            118 	.globl _PT1
                            119 	.globl _PX1
                            120 	.globl _PT0
                            121 	.globl _PX0
                            122 	.globl _P3_7
                            123 	.globl _P3_6
                            124 	.globl _P3_5
                            125 	.globl _P3_4
                            126 	.globl _P3_3
                            127 	.globl _P3_2
                            128 	.globl _P3_1
                            129 	.globl _P3_0
                            130 	.globl _EA
                            131 	.globl _ET2
                            132 	.globl _ES
                            133 	.globl _ES0
                            134 	.globl _ET1
                            135 	.globl _EX1
                            136 	.globl _ET0
                            137 	.globl _EX0
                            138 	.globl _P2_7
                            139 	.globl _P2_6
                            140 	.globl _P2_5
                            141 	.globl _P2_4
                            142 	.globl _P2_3
                            143 	.globl _P2_2
                            144 	.globl _P2_1
                            145 	.globl _P2_0
                            146 	.globl _S1MODE
                            147 	.globl _MCE1
                            148 	.globl _REN1
                            149 	.globl _TB81
                            150 	.globl _RB81
                            151 	.globl _TI1
                            152 	.globl _RI1
                            153 	.globl _SM00
                            154 	.globl _SM10
                            155 	.globl _SM20
                            156 	.globl _REN
                            157 	.globl _REN0
                            158 	.globl _TB80
                            159 	.globl _RB80
                            160 	.globl _TI
                            161 	.globl _TI0
                            162 	.globl _RI
                            163 	.globl _RI0
                            164 	.globl _P1_7
                            165 	.globl _P1_6
                            166 	.globl _P1_5
                            167 	.globl _P1_4
                            168 	.globl _P1_3
                            169 	.globl _P1_2
                            170 	.globl _P1_1
                            171 	.globl _P1_0
                            172 	.globl _FLHBUSY
                            173 	.globl _CP1EN
                            174 	.globl _CP1OUT
                            175 	.globl _CP1RIF
                            176 	.globl _CP1FIF
                            177 	.globl _CP1HYP1
                            178 	.globl _CP1HYP0
                            179 	.globl _CP1HYN1
                            180 	.globl _CP1HYN0
                            181 	.globl _CP0EN
                            182 	.globl _CP0OUT
                            183 	.globl _CP0RIF
                            184 	.globl _CP0FIF
                            185 	.globl _CP0HYP1
                            186 	.globl _CP0HYP0
                            187 	.globl _CP0HYN1
                            188 	.globl _CP0HYN0
                            189 	.globl _TF1
                            190 	.globl _TR1
                            191 	.globl _TF0
                            192 	.globl _TR0
                            193 	.globl _IE1
                            194 	.globl _IT1
                            195 	.globl _IE0
                            196 	.globl _IT0
                            197 	.globl _P0_7
                            198 	.globl _P0_6
                            199 	.globl _P0_5
                            200 	.globl _P0_4
                            201 	.globl _P0_3
                            202 	.globl _P0_2
                            203 	.globl _P0_1
                            204 	.globl _P0_0
                            205 	.globl _MAC0RND
                            206 	.globl _MAC0ACC
                            207 	.globl _MAC0A
                            208 	.globl _RCAP4
                            209 	.globl _TMR4
                            210 	.globl _DAC1
                            211 	.globl _RCAP3
                            212 	.globl _TMR3
                            213 	.globl _PCA0CP5
                            214 	.globl _PCA0CP4
                            215 	.globl _PCA0CP3
                            216 	.globl _PCA0CP2
                            217 	.globl _PCA0CP1
                            218 	.globl _PCA0CP0
                            219 	.globl _PCA0
                            220 	.globl _DAC0
                            221 	.globl _ADC0LT
                            222 	.globl _ADC0GT
                            223 	.globl _ADC0
                            224 	.globl _RCAP2
                            225 	.globl _TMR2
                            226 	.globl _TMR1
                            227 	.globl _TMR0
                            228 	.globl _P7
                            229 	.globl _P6
                            230 	.globl _XBR2
                            231 	.globl _XBR1
                            232 	.globl _XBR0
                            233 	.globl _P5
                            234 	.globl _P4
                            235 	.globl _FLACL
                            236 	.globl _P1MDIN
                            237 	.globl _P3MDOUT
                            238 	.globl _P2MDOUT
                            239 	.globl _P1MDOUT
                            240 	.globl _P0MDOUT
                            241 	.globl _CCH0LC
                            242 	.globl _CCH0TN
                            243 	.globl _CCH0CN
                            244 	.globl _P7MDOUT
                            245 	.globl _P6MDOUT
                            246 	.globl _P5MDOUT
                            247 	.globl _P4MDOUT
                            248 	.globl _CCH0MA
                            249 	.globl _CLKSEL
                            250 	.globl _SFRPGCN
                            251 	.globl _PLL0FLT
                            252 	.globl _PLL0MUL
                            253 	.globl _PLL0DIV
                            254 	.globl _OSCXCN
                            255 	.globl _OSCICL
                            256 	.globl _OSCICN
                            257 	.globl _PLL0CN
                            258 	.globl _FLSTAT
                            259 	.globl _MAC0RNDH
                            260 	.globl _MAC0RNDL
                            261 	.globl _MAC0CF
                            262 	.globl _MAC0AH
                            263 	.globl _MAC0AL
                            264 	.globl _MAC0STA
                            265 	.globl _MAC0OVR
                            266 	.globl _MAC0ACC3
                            267 	.globl _MAC0ACC2
                            268 	.globl _MAC0ACC1
                            269 	.globl _MAC0ACC0
                            270 	.globl _MAC0BH
                            271 	.globl _MAC0BL
                            272 	.globl _ADC2CN
                            273 	.globl _TMR4H
                            274 	.globl _TMR4L
                            275 	.globl _RCAP4H
                            276 	.globl _RCAP4L
                            277 	.globl _TMR4CF
                            278 	.globl _TMR4CN
                            279 	.globl _ADC2LT
                            280 	.globl _ADC2GT
                            281 	.globl _ADC2
                            282 	.globl _ADC2CF
                            283 	.globl _AMX2SL
                            284 	.globl _AMX2CF
                            285 	.globl _CPT1MD
                            286 	.globl _CPT1CN
                            287 	.globl _DAC1CN
                            288 	.globl _DAC1H
                            289 	.globl _DAC1L
                            290 	.globl _TMR3H
                            291 	.globl _TMR3L
                            292 	.globl _RCAP3H
                            293 	.globl _RCAP3L
                            294 	.globl _TMR3CF
                            295 	.globl _TMR3CN
                            296 	.globl _SBUF1
                            297 	.globl _SCON1
                            298 	.globl _CPT0MD
                            299 	.globl _CPT0CN
                            300 	.globl _PCA0CPH1
                            301 	.globl _PCA0CPL1
                            302 	.globl _PCA0CPH0
                            303 	.globl _PCA0CPL0
                            304 	.globl _PCA0H
                            305 	.globl _PCA0L
                            306 	.globl _SPI0CN
                            307 	.globl _RSTSRC
                            308 	.globl _PCA0CPH4
                            309 	.globl _PCA0CPL4
                            310 	.globl _PCA0CPH3
                            311 	.globl _PCA0CPL3
                            312 	.globl _PCA0CPH2
                            313 	.globl _PCA0CPL2
                            314 	.globl _ADC0CN
                            315 	.globl _PCA0CPH5
                            316 	.globl _PCA0CPL5
                            317 	.globl _PCA0CPM5
                            318 	.globl _PCA0CPM4
                            319 	.globl _PCA0CPM3
                            320 	.globl _PCA0CPM2
                            321 	.globl _PCA0CPM1
                            322 	.globl _PCA0CPM0
                            323 	.globl _PCA0MD
                            324 	.globl _PCA0CN
                            325 	.globl _DAC0CN
                            326 	.globl _DAC0H
                            327 	.globl _DAC0L
                            328 	.globl _REF0CN
                            329 	.globl _SMB0CR
                            330 	.globl _TH2
                            331 	.globl _TMR2H
                            332 	.globl _TL2
                            333 	.globl _TMR2L
                            334 	.globl _RCAP2H
                            335 	.globl _RCAP2L
                            336 	.globl _TMR2CF
                            337 	.globl _TMR2CN
                            338 	.globl _ADC0LTH
                            339 	.globl _ADC0LTL
                            340 	.globl _ADC0GTH
                            341 	.globl _ADC0GTL
                            342 	.globl _SMB0ADR
                            343 	.globl _SMB0DAT
                            344 	.globl _SMB0STA
                            345 	.globl _SMB0CN
                            346 	.globl _ADC0H
                            347 	.globl _ADC0L
                            348 	.globl _ADC0CF
                            349 	.globl _AMX0SL
                            350 	.globl _AMX0CF
                            351 	.globl _SADEN0
                            352 	.globl _FLSCL
                            353 	.globl _SADDR0
                            354 	.globl _EMI0CF
                            355 	.globl __XPAGE
                            356 	.globl _EMI0CN
                            357 	.globl _EMI0TC
                            358 	.globl _SPI0CKR
                            359 	.globl _SPI0DAT
                            360 	.globl _SPI0CFG
                            361 	.globl _SBUF
                            362 	.globl _SBUF0
                            363 	.globl _SCON
                            364 	.globl _SCON0
                            365 	.globl _SSTA0
                            366 	.globl _PSCTL
                            367 	.globl _CKCON
                            368 	.globl _TH1
                            369 	.globl _TH0
                            370 	.globl _TL1
                            371 	.globl _TL0
                            372 	.globl _TMOD
                            373 	.globl _TCON
                            374 	.globl _WDTCN
                            375 	.globl _EIP2
                            376 	.globl _EIP1
                            377 	.globl _B
                            378 	.globl _EIE2
                            379 	.globl _EIE1
                            380 	.globl _ACC
                            381 	.globl _PSW
                            382 	.globl _IP
                            383 	.globl _PSBANK
                            384 	.globl _P3
                            385 	.globl _IE
                            386 	.globl _P2
                            387 	.globl _P1
                            388 	.globl _PCON
                            389 	.globl _SFRLAST
                            390 	.globl _SFRNEXT
                            391 	.globl _SFRPAGE
                            392 	.globl _DPH
                            393 	.globl _DPL
                            394 	.globl _SP
                            395 	.globl _P0
                            396 	.globl _wdt_resets
                            397 ;--------------------------------------------------------
                            398 ; special function registers
                            399 ;--------------------------------------------------------
                            400 	.area RSEG    (DATA)
                    0080    401 G$P0$0$0 == 0x0080
                    0080    402 _P0	=	0x0080
                    0081    403 G$SP$0$0 == 0x0081
                    0081    404 _SP	=	0x0081
                    0082    405 G$DPL$0$0 == 0x0082
                    0082    406 _DPL	=	0x0082
                    0083    407 G$DPH$0$0 == 0x0083
                    0083    408 _DPH	=	0x0083
                    0084    409 G$SFRPAGE$0$0 == 0x0084
                    0084    410 _SFRPAGE	=	0x0084
                    0085    411 G$SFRNEXT$0$0 == 0x0085
                    0085    412 _SFRNEXT	=	0x0085
                    0086    413 G$SFRLAST$0$0 == 0x0086
                    0086    414 _SFRLAST	=	0x0086
                    0087    415 G$PCON$0$0 == 0x0087
                    0087    416 _PCON	=	0x0087
                    0090    417 G$P1$0$0 == 0x0090
                    0090    418 _P1	=	0x0090
                    00A0    419 G$P2$0$0 == 0x00a0
                    00A0    420 _P2	=	0x00a0
                    00A8    421 G$IE$0$0 == 0x00a8
                    00A8    422 _IE	=	0x00a8
                    00B0    423 G$P3$0$0 == 0x00b0
                    00B0    424 _P3	=	0x00b0
                    00B1    425 G$PSBANK$0$0 == 0x00b1
                    00B1    426 _PSBANK	=	0x00b1
                    00B8    427 G$IP$0$0 == 0x00b8
                    00B8    428 _IP	=	0x00b8
                    00D0    429 G$PSW$0$0 == 0x00d0
                    00D0    430 _PSW	=	0x00d0
                    00E0    431 G$ACC$0$0 == 0x00e0
                    00E0    432 _ACC	=	0x00e0
                    00E6    433 G$EIE1$0$0 == 0x00e6
                    00E6    434 _EIE1	=	0x00e6
                    00E7    435 G$EIE2$0$0 == 0x00e7
                    00E7    436 _EIE2	=	0x00e7
                    00F0    437 G$B$0$0 == 0x00f0
                    00F0    438 _B	=	0x00f0
                    00F6    439 G$EIP1$0$0 == 0x00f6
                    00F6    440 _EIP1	=	0x00f6
                    00F7    441 G$EIP2$0$0 == 0x00f7
                    00F7    442 _EIP2	=	0x00f7
                    00FF    443 G$WDTCN$0$0 == 0x00ff
                    00FF    444 _WDTCN	=	0x00ff
                    0088    445 G$TCON$0$0 == 0x0088
                    0088    446 _TCON	=	0x0088
                    0089    447 G$TMOD$0$0 == 0x0089
                    0089    448 _TMOD	=	0x0089
                    008A    449 G$TL0$0$0 == 0x008a
                    008A    450 _TL0	=	0x008a
                    008B    451 G$TL1$0$0 == 0x008b
                    008B    452 _TL1	=	0x008b
                    008C    453 G$TH0$0$0 == 0x008c
                    008C    454 _TH0	=	0x008c
                    008D    455 G$TH1$0$0 == 0x008d
                    008D    456 _TH1	=	0x008d
                    008E    457 G$CKCON$0$0 == 0x008e
                    008E    458 _CKCON	=	0x008e
                    008F    459 G$PSCTL$0$0 == 0x008f
                    008F    460 _PSCTL	=	0x008f
                    0091    461 G$SSTA0$0$0 == 0x0091
                    0091    462 _SSTA0	=	0x0091
                    0098    463 G$SCON0$0$0 == 0x0098
                    0098    464 _SCON0	=	0x0098
                    0098    465 G$SCON$0$0 == 0x0098
                    0098    466 _SCON	=	0x0098
                    0099    467 G$SBUF0$0$0 == 0x0099
                    0099    468 _SBUF0	=	0x0099
                    0099    469 G$SBUF$0$0 == 0x0099
                    0099    470 _SBUF	=	0x0099
                    009A    471 G$SPI0CFG$0$0 == 0x009a
                    009A    472 _SPI0CFG	=	0x009a
                    009B    473 G$SPI0DAT$0$0 == 0x009b
                    009B    474 _SPI0DAT	=	0x009b
                    009D    475 G$SPI0CKR$0$0 == 0x009d
                    009D    476 _SPI0CKR	=	0x009d
                    00A1    477 G$EMI0TC$0$0 == 0x00a1
                    00A1    478 _EMI0TC	=	0x00a1
                    00A2    479 G$EMI0CN$0$0 == 0x00a2
                    00A2    480 _EMI0CN	=	0x00a2
                    00A2    481 G$_XPAGE$0$0 == 0x00a2
                    00A2    482 __XPAGE	=	0x00a2
                    00A3    483 G$EMI0CF$0$0 == 0x00a3
                    00A3    484 _EMI0CF	=	0x00a3
                    00A9    485 G$SADDR0$0$0 == 0x00a9
                    00A9    486 _SADDR0	=	0x00a9
                    00B7    487 G$FLSCL$0$0 == 0x00b7
                    00B7    488 _FLSCL	=	0x00b7
                    00B9    489 G$SADEN0$0$0 == 0x00b9
                    00B9    490 _SADEN0	=	0x00b9
                    00BA    491 G$AMX0CF$0$0 == 0x00ba
                    00BA    492 _AMX0CF	=	0x00ba
                    00BB    493 G$AMX0SL$0$0 == 0x00bb
                    00BB    494 _AMX0SL	=	0x00bb
                    00BC    495 G$ADC0CF$0$0 == 0x00bc
                    00BC    496 _ADC0CF	=	0x00bc
                    00BE    497 G$ADC0L$0$0 == 0x00be
                    00BE    498 _ADC0L	=	0x00be
                    00BF    499 G$ADC0H$0$0 == 0x00bf
                    00BF    500 _ADC0H	=	0x00bf
                    00C0    501 G$SMB0CN$0$0 == 0x00c0
                    00C0    502 _SMB0CN	=	0x00c0
                    00C1    503 G$SMB0STA$0$0 == 0x00c1
                    00C1    504 _SMB0STA	=	0x00c1
                    00C2    505 G$SMB0DAT$0$0 == 0x00c2
                    00C2    506 _SMB0DAT	=	0x00c2
                    00C3    507 G$SMB0ADR$0$0 == 0x00c3
                    00C3    508 _SMB0ADR	=	0x00c3
                    00C4    509 G$ADC0GTL$0$0 == 0x00c4
                    00C4    510 _ADC0GTL	=	0x00c4
                    00C5    511 G$ADC0GTH$0$0 == 0x00c5
                    00C5    512 _ADC0GTH	=	0x00c5
                    00C6    513 G$ADC0LTL$0$0 == 0x00c6
                    00C6    514 _ADC0LTL	=	0x00c6
                    00C7    515 G$ADC0LTH$0$0 == 0x00c7
                    00C7    516 _ADC0LTH	=	0x00c7
                    00C8    517 G$TMR2CN$0$0 == 0x00c8
                    00C8    518 _TMR2CN	=	0x00c8
                    00C9    519 G$TMR2CF$0$0 == 0x00c9
                    00C9    520 _TMR2CF	=	0x00c9
                    00CA    521 G$RCAP2L$0$0 == 0x00ca
                    00CA    522 _RCAP2L	=	0x00ca
                    00CB    523 G$RCAP2H$0$0 == 0x00cb
                    00CB    524 _RCAP2H	=	0x00cb
                    00CC    525 G$TMR2L$0$0 == 0x00cc
                    00CC    526 _TMR2L	=	0x00cc
                    00CC    527 G$TL2$0$0 == 0x00cc
                    00CC    528 _TL2	=	0x00cc
                    00CD    529 G$TMR2H$0$0 == 0x00cd
                    00CD    530 _TMR2H	=	0x00cd
                    00CD    531 G$TH2$0$0 == 0x00cd
                    00CD    532 _TH2	=	0x00cd
                    00CF    533 G$SMB0CR$0$0 == 0x00cf
                    00CF    534 _SMB0CR	=	0x00cf
                    00D1    535 G$REF0CN$0$0 == 0x00d1
                    00D1    536 _REF0CN	=	0x00d1
                    00D2    537 G$DAC0L$0$0 == 0x00d2
                    00D2    538 _DAC0L	=	0x00d2
                    00D3    539 G$DAC0H$0$0 == 0x00d3
                    00D3    540 _DAC0H	=	0x00d3
                    00D4    541 G$DAC0CN$0$0 == 0x00d4
                    00D4    542 _DAC0CN	=	0x00d4
                    00D8    543 G$PCA0CN$0$0 == 0x00d8
                    00D8    544 _PCA0CN	=	0x00d8
                    00D9    545 G$PCA0MD$0$0 == 0x00d9
                    00D9    546 _PCA0MD	=	0x00d9
                    00DA    547 G$PCA0CPM0$0$0 == 0x00da
                    00DA    548 _PCA0CPM0	=	0x00da
                    00DB    549 G$PCA0CPM1$0$0 == 0x00db
                    00DB    550 _PCA0CPM1	=	0x00db
                    00DC    551 G$PCA0CPM2$0$0 == 0x00dc
                    00DC    552 _PCA0CPM2	=	0x00dc
                    00DD    553 G$PCA0CPM3$0$0 == 0x00dd
                    00DD    554 _PCA0CPM3	=	0x00dd
                    00DE    555 G$PCA0CPM4$0$0 == 0x00de
                    00DE    556 _PCA0CPM4	=	0x00de
                    00DF    557 G$PCA0CPM5$0$0 == 0x00df
                    00DF    558 _PCA0CPM5	=	0x00df
                    00E1    559 G$PCA0CPL5$0$0 == 0x00e1
                    00E1    560 _PCA0CPL5	=	0x00e1
                    00E2    561 G$PCA0CPH5$0$0 == 0x00e2
                    00E2    562 _PCA0CPH5	=	0x00e2
                    00E8    563 G$ADC0CN$0$0 == 0x00e8
                    00E8    564 _ADC0CN	=	0x00e8
                    00E9    565 G$PCA0CPL2$0$0 == 0x00e9
                    00E9    566 _PCA0CPL2	=	0x00e9
                    00EA    567 G$PCA0CPH2$0$0 == 0x00ea
                    00EA    568 _PCA0CPH2	=	0x00ea
                    00EB    569 G$PCA0CPL3$0$0 == 0x00eb
                    00EB    570 _PCA0CPL3	=	0x00eb
                    00EC    571 G$PCA0CPH3$0$0 == 0x00ec
                    00EC    572 _PCA0CPH3	=	0x00ec
                    00ED    573 G$PCA0CPL4$0$0 == 0x00ed
                    00ED    574 _PCA0CPL4	=	0x00ed
                    00EE    575 G$PCA0CPH4$0$0 == 0x00ee
                    00EE    576 _PCA0CPH4	=	0x00ee
                    00EF    577 G$RSTSRC$0$0 == 0x00ef
                    00EF    578 _RSTSRC	=	0x00ef
                    00F8    579 G$SPI0CN$0$0 == 0x00f8
                    00F8    580 _SPI0CN	=	0x00f8
                    00F9    581 G$PCA0L$0$0 == 0x00f9
                    00F9    582 _PCA0L	=	0x00f9
                    00FA    583 G$PCA0H$0$0 == 0x00fa
                    00FA    584 _PCA0H	=	0x00fa
                    00FB    585 G$PCA0CPL0$0$0 == 0x00fb
                    00FB    586 _PCA0CPL0	=	0x00fb
                    00FC    587 G$PCA0CPH0$0$0 == 0x00fc
                    00FC    588 _PCA0CPH0	=	0x00fc
                    00FD    589 G$PCA0CPL1$0$0 == 0x00fd
                    00FD    590 _PCA0CPL1	=	0x00fd
                    00FE    591 G$PCA0CPH1$0$0 == 0x00fe
                    00FE    592 _PCA0CPH1	=	0x00fe
                    0088    593 G$CPT0CN$0$0 == 0x0088
                    0088    594 _CPT0CN	=	0x0088
                    0089    595 G$CPT0MD$0$0 == 0x0089
                    0089    596 _CPT0MD	=	0x0089
                    0098    597 G$SCON1$0$0 == 0x0098
                    0098    598 _SCON1	=	0x0098
                    0099    599 G$SBUF1$0$0 == 0x0099
                    0099    600 _SBUF1	=	0x0099
                    00C8    601 G$TMR3CN$0$0 == 0x00c8
                    00C8    602 _TMR3CN	=	0x00c8
                    00C9    603 G$TMR3CF$0$0 == 0x00c9
                    00C9    604 _TMR3CF	=	0x00c9
                    00CA    605 G$RCAP3L$0$0 == 0x00ca
                    00CA    606 _RCAP3L	=	0x00ca
                    00CB    607 G$RCAP3H$0$0 == 0x00cb
                    00CB    608 _RCAP3H	=	0x00cb
                    00CC    609 G$TMR3L$0$0 == 0x00cc
                    00CC    610 _TMR3L	=	0x00cc
                    00CD    611 G$TMR3H$0$0 == 0x00cd
                    00CD    612 _TMR3H	=	0x00cd
                    00D2    613 G$DAC1L$0$0 == 0x00d2
                    00D2    614 _DAC1L	=	0x00d2
                    00D3    615 G$DAC1H$0$0 == 0x00d3
                    00D3    616 _DAC1H	=	0x00d3
                    00D4    617 G$DAC1CN$0$0 == 0x00d4
                    00D4    618 _DAC1CN	=	0x00d4
                    0088    619 G$CPT1CN$0$0 == 0x0088
                    0088    620 _CPT1CN	=	0x0088
                    0089    621 G$CPT1MD$0$0 == 0x0089
                    0089    622 _CPT1MD	=	0x0089
                    00BA    623 G$AMX2CF$0$0 == 0x00ba
                    00BA    624 _AMX2CF	=	0x00ba
                    00BB    625 G$AMX2SL$0$0 == 0x00bb
                    00BB    626 _AMX2SL	=	0x00bb
                    00BC    627 G$ADC2CF$0$0 == 0x00bc
                    00BC    628 _ADC2CF	=	0x00bc
                    00BE    629 G$ADC2$0$0 == 0x00be
                    00BE    630 _ADC2	=	0x00be
                    00C4    631 G$ADC2GT$0$0 == 0x00c4
                    00C4    632 _ADC2GT	=	0x00c4
                    00C6    633 G$ADC2LT$0$0 == 0x00c6
                    00C6    634 _ADC2LT	=	0x00c6
                    00C8    635 G$TMR4CN$0$0 == 0x00c8
                    00C8    636 _TMR4CN	=	0x00c8
                    00C9    637 G$TMR4CF$0$0 == 0x00c9
                    00C9    638 _TMR4CF	=	0x00c9
                    00CA    639 G$RCAP4L$0$0 == 0x00ca
                    00CA    640 _RCAP4L	=	0x00ca
                    00CB    641 G$RCAP4H$0$0 == 0x00cb
                    00CB    642 _RCAP4H	=	0x00cb
                    00CC    643 G$TMR4L$0$0 == 0x00cc
                    00CC    644 _TMR4L	=	0x00cc
                    00CD    645 G$TMR4H$0$0 == 0x00cd
                    00CD    646 _TMR4H	=	0x00cd
                    00E8    647 G$ADC2CN$0$0 == 0x00e8
                    00E8    648 _ADC2CN	=	0x00e8
                    0091    649 G$MAC0BL$0$0 == 0x0091
                    0091    650 _MAC0BL	=	0x0091
                    0092    651 G$MAC0BH$0$0 == 0x0092
                    0092    652 _MAC0BH	=	0x0092
                    0093    653 G$MAC0ACC0$0$0 == 0x0093
                    0093    654 _MAC0ACC0	=	0x0093
                    0094    655 G$MAC0ACC1$0$0 == 0x0094
                    0094    656 _MAC0ACC1	=	0x0094
                    0095    657 G$MAC0ACC2$0$0 == 0x0095
                    0095    658 _MAC0ACC2	=	0x0095
                    0096    659 G$MAC0ACC3$0$0 == 0x0096
                    0096    660 _MAC0ACC3	=	0x0096
                    0097    661 G$MAC0OVR$0$0 == 0x0097
                    0097    662 _MAC0OVR	=	0x0097
                    00C0    663 G$MAC0STA$0$0 == 0x00c0
                    00C0    664 _MAC0STA	=	0x00c0
                    00C1    665 G$MAC0AL$0$0 == 0x00c1
                    00C1    666 _MAC0AL	=	0x00c1
                    00C2    667 G$MAC0AH$0$0 == 0x00c2
                    00C2    668 _MAC0AH	=	0x00c2
                    00C3    669 G$MAC0CF$0$0 == 0x00c3
                    00C3    670 _MAC0CF	=	0x00c3
                    00CE    671 G$MAC0RNDL$0$0 == 0x00ce
                    00CE    672 _MAC0RNDL	=	0x00ce
                    00CF    673 G$MAC0RNDH$0$0 == 0x00cf
                    00CF    674 _MAC0RNDH	=	0x00cf
                    0088    675 G$FLSTAT$0$0 == 0x0088
                    0088    676 _FLSTAT	=	0x0088
                    0089    677 G$PLL0CN$0$0 == 0x0089
                    0089    678 _PLL0CN	=	0x0089
                    008A    679 G$OSCICN$0$0 == 0x008a
                    008A    680 _OSCICN	=	0x008a
                    008B    681 G$OSCICL$0$0 == 0x008b
                    008B    682 _OSCICL	=	0x008b
                    008C    683 G$OSCXCN$0$0 == 0x008c
                    008C    684 _OSCXCN	=	0x008c
                    008D    685 G$PLL0DIV$0$0 == 0x008d
                    008D    686 _PLL0DIV	=	0x008d
                    008E    687 G$PLL0MUL$0$0 == 0x008e
                    008E    688 _PLL0MUL	=	0x008e
                    008F    689 G$PLL0FLT$0$0 == 0x008f
                    008F    690 _PLL0FLT	=	0x008f
                    0096    691 G$SFRPGCN$0$0 == 0x0096
                    0096    692 _SFRPGCN	=	0x0096
                    0097    693 G$CLKSEL$0$0 == 0x0097
                    0097    694 _CLKSEL	=	0x0097
                    009A    695 G$CCH0MA$0$0 == 0x009a
                    009A    696 _CCH0MA	=	0x009a
                    009C    697 G$P4MDOUT$0$0 == 0x009c
                    009C    698 _P4MDOUT	=	0x009c
                    009D    699 G$P5MDOUT$0$0 == 0x009d
                    009D    700 _P5MDOUT	=	0x009d
                    009E    701 G$P6MDOUT$0$0 == 0x009e
                    009E    702 _P6MDOUT	=	0x009e
                    009F    703 G$P7MDOUT$0$0 == 0x009f
                    009F    704 _P7MDOUT	=	0x009f
                    00A1    705 G$CCH0CN$0$0 == 0x00a1
                    00A1    706 _CCH0CN	=	0x00a1
                    00A2    707 G$CCH0TN$0$0 == 0x00a2
                    00A2    708 _CCH0TN	=	0x00a2
                    00A3    709 G$CCH0LC$0$0 == 0x00a3
                    00A3    710 _CCH0LC	=	0x00a3
                    00A4    711 G$P0MDOUT$0$0 == 0x00a4
                    00A4    712 _P0MDOUT	=	0x00a4
                    00A5    713 G$P1MDOUT$0$0 == 0x00a5
                    00A5    714 _P1MDOUT	=	0x00a5
                    00A6    715 G$P2MDOUT$0$0 == 0x00a6
                    00A6    716 _P2MDOUT	=	0x00a6
                    00A7    717 G$P3MDOUT$0$0 == 0x00a7
                    00A7    718 _P3MDOUT	=	0x00a7
                    00AD    719 G$P1MDIN$0$0 == 0x00ad
                    00AD    720 _P1MDIN	=	0x00ad
                    00B7    721 G$FLACL$0$0 == 0x00b7
                    00B7    722 _FLACL	=	0x00b7
                    00C8    723 G$P4$0$0 == 0x00c8
                    00C8    724 _P4	=	0x00c8
                    00D8    725 G$P5$0$0 == 0x00d8
                    00D8    726 _P5	=	0x00d8
                    00E1    727 G$XBR0$0$0 == 0x00e1
                    00E1    728 _XBR0	=	0x00e1
                    00E2    729 G$XBR1$0$0 == 0x00e2
                    00E2    730 _XBR1	=	0x00e2
                    00E3    731 G$XBR2$0$0 == 0x00e3
                    00E3    732 _XBR2	=	0x00e3
                    00E8    733 G$P6$0$0 == 0x00e8
                    00E8    734 _P6	=	0x00e8
                    00F8    735 G$P7$0$0 == 0x00f8
                    00F8    736 _P7	=	0x00f8
                    8C8A    737 G$TMR0$0$0 == 0x8c8a
                    8C8A    738 _TMR0	=	0x8c8a
                    8D8B    739 G$TMR1$0$0 == 0x8d8b
                    8D8B    740 _TMR1	=	0x8d8b
                    CDCC    741 G$TMR2$0$0 == 0xcdcc
                    CDCC    742 _TMR2	=	0xcdcc
                    CBCA    743 G$RCAP2$0$0 == 0xcbca
                    CBCA    744 _RCAP2	=	0xcbca
                    BFBE    745 G$ADC0$0$0 == 0xbfbe
                    BFBE    746 _ADC0	=	0xbfbe
                    C5C4    747 G$ADC0GT$0$0 == 0xc5c4
                    C5C4    748 _ADC0GT	=	0xc5c4
                    C7C6    749 G$ADC0LT$0$0 == 0xc7c6
                    C7C6    750 _ADC0LT	=	0xc7c6
                    D3D2    751 G$DAC0$0$0 == 0xd3d2
                    D3D2    752 _DAC0	=	0xd3d2
                    FAF9    753 G$PCA0$0$0 == 0xfaf9
                    FAF9    754 _PCA0	=	0xfaf9
                    FCFB    755 G$PCA0CP0$0$0 == 0xfcfb
                    FCFB    756 _PCA0CP0	=	0xfcfb
                    FEFD    757 G$PCA0CP1$0$0 == 0xfefd
                    FEFD    758 _PCA0CP1	=	0xfefd
                    EAE9    759 G$PCA0CP2$0$0 == 0xeae9
                    EAE9    760 _PCA0CP2	=	0xeae9
                    ECEB    761 G$PCA0CP3$0$0 == 0xeceb
                    ECEB    762 _PCA0CP3	=	0xeceb
                    EEED    763 G$PCA0CP4$0$0 == 0xeeed
                    EEED    764 _PCA0CP4	=	0xeeed
                    E2E1    765 G$PCA0CP5$0$0 == 0xe2e1
                    E2E1    766 _PCA0CP5	=	0xe2e1
                    CDCC    767 G$TMR3$0$0 == 0xcdcc
                    CDCC    768 _TMR3	=	0xcdcc
                    CBCA    769 G$RCAP3$0$0 == 0xcbca
                    CBCA    770 _RCAP3	=	0xcbca
                    D3D2    771 G$DAC1$0$0 == 0xd3d2
                    D3D2    772 _DAC1	=	0xd3d2
                    CDCC    773 G$TMR4$0$0 == 0xcdcc
                    CDCC    774 _TMR4	=	0xcdcc
                    CBCA    775 G$RCAP4$0$0 == 0xcbca
                    CBCA    776 _RCAP4	=	0xcbca
                    C2C1    777 G$MAC0A$0$0 == 0xc2c1
                    C2C1    778 _MAC0A	=	0xc2c1
                    96959493    779 G$MAC0ACC$0$0 == 0x96959493
                    96959493    780 _MAC0ACC	=	0x96959493
                    CFCE    781 G$MAC0RND$0$0 == 0xcfce
                    CFCE    782 _MAC0RND	=	0xcfce
                            783 ;--------------------------------------------------------
                            784 ; special function bits
                            785 ;--------------------------------------------------------
                            786 	.area RSEG    (DATA)
                    0080    787 G$P0_0$0$0 == 0x0080
                    0080    788 _P0_0	=	0x0080
                    0081    789 G$P0_1$0$0 == 0x0081
                    0081    790 _P0_1	=	0x0081
                    0082    791 G$P0_2$0$0 == 0x0082
                    0082    792 _P0_2	=	0x0082
                    0083    793 G$P0_3$0$0 == 0x0083
                    0083    794 _P0_3	=	0x0083
                    0084    795 G$P0_4$0$0 == 0x0084
                    0084    796 _P0_4	=	0x0084
                    0085    797 G$P0_5$0$0 == 0x0085
                    0085    798 _P0_5	=	0x0085
                    0086    799 G$P0_6$0$0 == 0x0086
                    0086    800 _P0_6	=	0x0086
                    0087    801 G$P0_7$0$0 == 0x0087
                    0087    802 _P0_7	=	0x0087
                    0088    803 G$IT0$0$0 == 0x0088
                    0088    804 _IT0	=	0x0088
                    0089    805 G$IE0$0$0 == 0x0089
                    0089    806 _IE0	=	0x0089
                    008A    807 G$IT1$0$0 == 0x008a
                    008A    808 _IT1	=	0x008a
                    008B    809 G$IE1$0$0 == 0x008b
                    008B    810 _IE1	=	0x008b
                    008C    811 G$TR0$0$0 == 0x008c
                    008C    812 _TR0	=	0x008c
                    008D    813 G$TF0$0$0 == 0x008d
                    008D    814 _TF0	=	0x008d
                    008E    815 G$TR1$0$0 == 0x008e
                    008E    816 _TR1	=	0x008e
                    008F    817 G$TF1$0$0 == 0x008f
                    008F    818 _TF1	=	0x008f
                    0088    819 G$CP0HYN0$0$0 == 0x0088
                    0088    820 _CP0HYN0	=	0x0088
                    0089    821 G$CP0HYN1$0$0 == 0x0089
                    0089    822 _CP0HYN1	=	0x0089
                    008A    823 G$CP0HYP0$0$0 == 0x008a
                    008A    824 _CP0HYP0	=	0x008a
                    008B    825 G$CP0HYP1$0$0 == 0x008b
                    008B    826 _CP0HYP1	=	0x008b
                    008C    827 G$CP0FIF$0$0 == 0x008c
                    008C    828 _CP0FIF	=	0x008c
                    008D    829 G$CP0RIF$0$0 == 0x008d
                    008D    830 _CP0RIF	=	0x008d
                    008E    831 G$CP0OUT$0$0 == 0x008e
                    008E    832 _CP0OUT	=	0x008e
                    008F    833 G$CP0EN$0$0 == 0x008f
                    008F    834 _CP0EN	=	0x008f
                    0088    835 G$CP1HYN0$0$0 == 0x0088
                    0088    836 _CP1HYN0	=	0x0088
                    0089    837 G$CP1HYN1$0$0 == 0x0089
                    0089    838 _CP1HYN1	=	0x0089
                    008A    839 G$CP1HYP0$0$0 == 0x008a
                    008A    840 _CP1HYP0	=	0x008a
                    008B    841 G$CP1HYP1$0$0 == 0x008b
                    008B    842 _CP1HYP1	=	0x008b
                    008C    843 G$CP1FIF$0$0 == 0x008c
                    008C    844 _CP1FIF	=	0x008c
                    008D    845 G$CP1RIF$0$0 == 0x008d
                    008D    846 _CP1RIF	=	0x008d
                    008E    847 G$CP1OUT$0$0 == 0x008e
                    008E    848 _CP1OUT	=	0x008e
                    008F    849 G$CP1EN$0$0 == 0x008f
                    008F    850 _CP1EN	=	0x008f
                    0088    851 G$FLHBUSY$0$0 == 0x0088
                    0088    852 _FLHBUSY	=	0x0088
                    0090    853 G$P1_0$0$0 == 0x0090
                    0090    854 _P1_0	=	0x0090
                    0091    855 G$P1_1$0$0 == 0x0091
                    0091    856 _P1_1	=	0x0091
                    0092    857 G$P1_2$0$0 == 0x0092
                    0092    858 _P1_2	=	0x0092
                    0093    859 G$P1_3$0$0 == 0x0093
                    0093    860 _P1_3	=	0x0093
                    0094    861 G$P1_4$0$0 == 0x0094
                    0094    862 _P1_4	=	0x0094
                    0095    863 G$P1_5$0$0 == 0x0095
                    0095    864 _P1_5	=	0x0095
                    0096    865 G$P1_6$0$0 == 0x0096
                    0096    866 _P1_6	=	0x0096
                    0097    867 G$P1_7$0$0 == 0x0097
                    0097    868 _P1_7	=	0x0097
                    0098    869 G$RI0$0$0 == 0x0098
                    0098    870 _RI0	=	0x0098
                    0098    871 G$RI$0$0 == 0x0098
                    0098    872 _RI	=	0x0098
                    0099    873 G$TI0$0$0 == 0x0099
                    0099    874 _TI0	=	0x0099
                    0099    875 G$TI$0$0 == 0x0099
                    0099    876 _TI	=	0x0099
                    009A    877 G$RB80$0$0 == 0x009a
                    009A    878 _RB80	=	0x009a
                    009B    879 G$TB80$0$0 == 0x009b
                    009B    880 _TB80	=	0x009b
                    009C    881 G$REN0$0$0 == 0x009c
                    009C    882 _REN0	=	0x009c
                    009C    883 G$REN$0$0 == 0x009c
                    009C    884 _REN	=	0x009c
                    009D    885 G$SM20$0$0 == 0x009d
                    009D    886 _SM20	=	0x009d
                    009E    887 G$SM10$0$0 == 0x009e
                    009E    888 _SM10	=	0x009e
                    009F    889 G$SM00$0$0 == 0x009f
                    009F    890 _SM00	=	0x009f
                    0098    891 G$RI1$0$0 == 0x0098
                    0098    892 _RI1	=	0x0098
                    0099    893 G$TI1$0$0 == 0x0099
                    0099    894 _TI1	=	0x0099
                    009A    895 G$RB81$0$0 == 0x009a
                    009A    896 _RB81	=	0x009a
                    009B    897 G$TB81$0$0 == 0x009b
                    009B    898 _TB81	=	0x009b
                    009C    899 G$REN1$0$0 == 0x009c
                    009C    900 _REN1	=	0x009c
                    009D    901 G$MCE1$0$0 == 0x009d
                    009D    902 _MCE1	=	0x009d
                    009F    903 G$S1MODE$0$0 == 0x009f
                    009F    904 _S1MODE	=	0x009f
                    00A0    905 G$P2_0$0$0 == 0x00a0
                    00A0    906 _P2_0	=	0x00a0
                    00A1    907 G$P2_1$0$0 == 0x00a1
                    00A1    908 _P2_1	=	0x00a1
                    00A2    909 G$P2_2$0$0 == 0x00a2
                    00A2    910 _P2_2	=	0x00a2
                    00A3    911 G$P2_3$0$0 == 0x00a3
                    00A3    912 _P2_3	=	0x00a3
                    00A4    913 G$P2_4$0$0 == 0x00a4
                    00A4    914 _P2_4	=	0x00a4
                    00A5    915 G$P2_5$0$0 == 0x00a5
                    00A5    916 _P2_5	=	0x00a5
                    00A6    917 G$P2_6$0$0 == 0x00a6
                    00A6    918 _P2_6	=	0x00a6
                    00A7    919 G$P2_7$0$0 == 0x00a7
                    00A7    920 _P2_7	=	0x00a7
                    00A8    921 G$EX0$0$0 == 0x00a8
                    00A8    922 _EX0	=	0x00a8
                    00A9    923 G$ET0$0$0 == 0x00a9
                    00A9    924 _ET0	=	0x00a9
                    00AA    925 G$EX1$0$0 == 0x00aa
                    00AA    926 _EX1	=	0x00aa
                    00AB    927 G$ET1$0$0 == 0x00ab
                    00AB    928 _ET1	=	0x00ab
                    00AC    929 G$ES0$0$0 == 0x00ac
                    00AC    930 _ES0	=	0x00ac
                    00AC    931 G$ES$0$0 == 0x00ac
                    00AC    932 _ES	=	0x00ac
                    00AD    933 G$ET2$0$0 == 0x00ad
                    00AD    934 _ET2	=	0x00ad
                    00AF    935 G$EA$0$0 == 0x00af
                    00AF    936 _EA	=	0x00af
                    00B0    937 G$P3_0$0$0 == 0x00b0
                    00B0    938 _P3_0	=	0x00b0
                    00B1    939 G$P3_1$0$0 == 0x00b1
                    00B1    940 _P3_1	=	0x00b1
                    00B2    941 G$P3_2$0$0 == 0x00b2
                    00B2    942 _P3_2	=	0x00b2
                    00B3    943 G$P3_3$0$0 == 0x00b3
                    00B3    944 _P3_3	=	0x00b3
                    00B4    945 G$P3_4$0$0 == 0x00b4
                    00B4    946 _P3_4	=	0x00b4
                    00B5    947 G$P3_5$0$0 == 0x00b5
                    00B5    948 _P3_5	=	0x00b5
                    00B6    949 G$P3_6$0$0 == 0x00b6
                    00B6    950 _P3_6	=	0x00b6
                    00B7    951 G$P3_7$0$0 == 0x00b7
                    00B7    952 _P3_7	=	0x00b7
                    00B8    953 G$PX0$0$0 == 0x00b8
                    00B8    954 _PX0	=	0x00b8
                    00B9    955 G$PT0$0$0 == 0x00b9
                    00B9    956 _PT0	=	0x00b9
                    00BA    957 G$PX1$0$0 == 0x00ba
                    00BA    958 _PX1	=	0x00ba
                    00BB    959 G$PT1$0$0 == 0x00bb
                    00BB    960 _PT1	=	0x00bb
                    00BC    961 G$PS0$0$0 == 0x00bc
                    00BC    962 _PS0	=	0x00bc
                    00BC    963 G$PS$0$0 == 0x00bc
                    00BC    964 _PS	=	0x00bc
                    00BD    965 G$PT2$0$0 == 0x00bd
                    00BD    966 _PT2	=	0x00bd
                    00C0    967 G$SMBTOE$0$0 == 0x00c0
                    00C0    968 _SMBTOE	=	0x00c0
                    00C1    969 G$SMBFTE$0$0 == 0x00c1
                    00C1    970 _SMBFTE	=	0x00c1
                    00C2    971 G$AA$0$0 == 0x00c2
                    00C2    972 _AA	=	0x00c2
                    00C3    973 G$SI$0$0 == 0x00c3
                    00C3    974 _SI	=	0x00c3
                    00C4    975 G$STO$0$0 == 0x00c4
                    00C4    976 _STO	=	0x00c4
                    00C5    977 G$STA$0$0 == 0x00c5
                    00C5    978 _STA	=	0x00c5
                    00C6    979 G$ENSMB$0$0 == 0x00c6
                    00C6    980 _ENSMB	=	0x00c6
                    00C7    981 G$BUSY$0$0 == 0x00c7
                    00C7    982 _BUSY	=	0x00c7
                    00C0    983 G$MAC0N$0$0 == 0x00c0
                    00C0    984 _MAC0N	=	0x00c0
                    00C1    985 G$MAC0SO$0$0 == 0x00c1
                    00C1    986 _MAC0SO	=	0x00c1
                    00C2    987 G$MAC0Z$0$0 == 0x00c2
                    00C2    988 _MAC0Z	=	0x00c2
                    00C3    989 G$MAC0HO$0$0 == 0x00c3
                    00C3    990 _MAC0HO	=	0x00c3
                    00C8    991 G$CPRL2$0$0 == 0x00c8
                    00C8    992 _CPRL2	=	0x00c8
                    00C9    993 G$CT2$0$0 == 0x00c9
                    00C9    994 _CT2	=	0x00c9
                    00CA    995 G$TR2$0$0 == 0x00ca
                    00CA    996 _TR2	=	0x00ca
                    00CB    997 G$EXEN2$0$0 == 0x00cb
                    00CB    998 _EXEN2	=	0x00cb
                    00CE    999 G$EXF2$0$0 == 0x00ce
                    00CE   1000 _EXF2	=	0x00ce
                    00CF   1001 G$TF2$0$0 == 0x00cf
                    00CF   1002 _TF2	=	0x00cf
                    00C8   1003 G$CPRL3$0$0 == 0x00c8
                    00C8   1004 _CPRL3	=	0x00c8
                    00C9   1005 G$CT3$0$0 == 0x00c9
                    00C9   1006 _CT3	=	0x00c9
                    00CA   1007 G$TR3$0$0 == 0x00ca
                    00CA   1008 _TR3	=	0x00ca
                    00CB   1009 G$EXEN3$0$0 == 0x00cb
                    00CB   1010 _EXEN3	=	0x00cb
                    00CE   1011 G$EXF3$0$0 == 0x00ce
                    00CE   1012 _EXF3	=	0x00ce
                    00CF   1013 G$TF3$0$0 == 0x00cf
                    00CF   1014 _TF3	=	0x00cf
                    00C8   1015 G$CPRL4$0$0 == 0x00c8
                    00C8   1016 _CPRL4	=	0x00c8
                    00C9   1017 G$CT4$0$0 == 0x00c9
                    00C9   1018 _CT4	=	0x00c9
                    00CA   1019 G$TR4$0$0 == 0x00ca
                    00CA   1020 _TR4	=	0x00ca
                    00CB   1021 G$EXEN4$0$0 == 0x00cb
                    00CB   1022 _EXEN4	=	0x00cb
                    00CE   1023 G$EXF4$0$0 == 0x00ce
                    00CE   1024 _EXF4	=	0x00ce
                    00CF   1025 G$TF4$0$0 == 0x00cf
                    00CF   1026 _TF4	=	0x00cf
                    00C8   1027 G$P4_0$0$0 == 0x00c8
                    00C8   1028 _P4_0	=	0x00c8
                    00C9   1029 G$P4_1$0$0 == 0x00c9
                    00C9   1030 _P4_1	=	0x00c9
                    00CA   1031 G$P4_2$0$0 == 0x00ca
                    00CA   1032 _P4_2	=	0x00ca
                    00CB   1033 G$P4_3$0$0 == 0x00cb
                    00CB   1034 _P4_3	=	0x00cb
                    00CC   1035 G$P4_4$0$0 == 0x00cc
                    00CC   1036 _P4_4	=	0x00cc
                    00CD   1037 G$P4_5$0$0 == 0x00cd
                    00CD   1038 _P4_5	=	0x00cd
                    00CE   1039 G$P4_6$0$0 == 0x00ce
                    00CE   1040 _P4_6	=	0x00ce
                    00CF   1041 G$P4_7$0$0 == 0x00cf
                    00CF   1042 _P4_7	=	0x00cf
                    00D0   1043 G$P$0$0 == 0x00d0
                    00D0   1044 _P	=	0x00d0
                    00D1   1045 G$F1$0$0 == 0x00d1
                    00D1   1046 _F1	=	0x00d1
                    00D2   1047 G$OV$0$0 == 0x00d2
                    00D2   1048 _OV	=	0x00d2
                    00D3   1049 G$RS0$0$0 == 0x00d3
                    00D3   1050 _RS0	=	0x00d3
                    00D4   1051 G$RS1$0$0 == 0x00d4
                    00D4   1052 _RS1	=	0x00d4
                    00D5   1053 G$F0$0$0 == 0x00d5
                    00D5   1054 _F0	=	0x00d5
                    00D6   1055 G$AC$0$0 == 0x00d6
                    00D6   1056 _AC	=	0x00d6
                    00D7   1057 G$CY$0$0 == 0x00d7
                    00D7   1058 _CY	=	0x00d7
                    00D8   1059 G$CCF0$0$0 == 0x00d8
                    00D8   1060 _CCF0	=	0x00d8
                    00D9   1061 G$CCF1$0$0 == 0x00d9
                    00D9   1062 _CCF1	=	0x00d9
                    00DA   1063 G$CCF2$0$0 == 0x00da
                    00DA   1064 _CCF2	=	0x00da
                    00DB   1065 G$CCF3$0$0 == 0x00db
                    00DB   1066 _CCF3	=	0x00db
                    00DC   1067 G$CCF4$0$0 == 0x00dc
                    00DC   1068 _CCF4	=	0x00dc
                    00DD   1069 G$CCF5$0$0 == 0x00dd
                    00DD   1070 _CCF5	=	0x00dd
                    00DE   1071 G$CR$0$0 == 0x00de
                    00DE   1072 _CR	=	0x00de
                    00DF   1073 G$CF$0$0 == 0x00df
                    00DF   1074 _CF	=	0x00df
                    00D8   1075 G$P5_0$0$0 == 0x00d8
                    00D8   1076 _P5_0	=	0x00d8
                    00D9   1077 G$P5_1$0$0 == 0x00d9
                    00D9   1078 _P5_1	=	0x00d9
                    00DA   1079 G$P5_2$0$0 == 0x00da
                    00DA   1080 _P5_2	=	0x00da
                    00DB   1081 G$P5_3$0$0 == 0x00db
                    00DB   1082 _P5_3	=	0x00db
                    00DC   1083 G$P5_4$0$0 == 0x00dc
                    00DC   1084 _P5_4	=	0x00dc
                    00DD   1085 G$P5_5$0$0 == 0x00dd
                    00DD   1086 _P5_5	=	0x00dd
                    00DE   1087 G$P5_6$0$0 == 0x00de
                    00DE   1088 _P5_6	=	0x00de
                    00DF   1089 G$P5_7$0$0 == 0x00df
                    00DF   1090 _P5_7	=	0x00df
                    00E8   1091 G$AD0LJST$0$0 == 0x00e8
                    00E8   1092 _AD0LJST	=	0x00e8
                    00E9   1093 G$AD0WINT$0$0 == 0x00e9
                    00E9   1094 _AD0WINT	=	0x00e9
                    00EA   1095 G$AD0CM0$0$0 == 0x00ea
                    00EA   1096 _AD0CM0	=	0x00ea
                    00EB   1097 G$AD0CM1$0$0 == 0x00eb
                    00EB   1098 _AD0CM1	=	0x00eb
                    00EC   1099 G$AD0BUSY$0$0 == 0x00ec
                    00EC   1100 _AD0BUSY	=	0x00ec
                    00ED   1101 G$AD0INT$0$0 == 0x00ed
                    00ED   1102 _AD0INT	=	0x00ed
                    00EE   1103 G$AD0TM$0$0 == 0x00ee
                    00EE   1104 _AD0TM	=	0x00ee
                    00EF   1105 G$AD0EN$0$0 == 0x00ef
                    00EF   1106 _AD0EN	=	0x00ef
                    00E8   1107 G$AD2WINT$0$0 == 0x00e8
                    00E8   1108 _AD2WINT	=	0x00e8
                    00E9   1109 G$AD2CM0$0$0 == 0x00e9
                    00E9   1110 _AD2CM0	=	0x00e9
                    00EA   1111 G$AD2CM1$0$0 == 0x00ea
                    00EA   1112 _AD2CM1	=	0x00ea
                    00EB   1113 G$AD2CM2$0$0 == 0x00eb
                    00EB   1114 _AD2CM2	=	0x00eb
                    00EC   1115 G$AD2BUSY$0$0 == 0x00ec
                    00EC   1116 _AD2BUSY	=	0x00ec
                    00ED   1117 G$AD2INT$0$0 == 0x00ed
                    00ED   1118 _AD2INT	=	0x00ed
                    00EE   1119 G$AD2TM$0$0 == 0x00ee
                    00EE   1120 _AD2TM	=	0x00ee
                    00EF   1121 G$AD2EN$0$0 == 0x00ef
                    00EF   1122 _AD2EN	=	0x00ef
                    00E8   1123 G$P6_0$0$0 == 0x00e8
                    00E8   1124 _P6_0	=	0x00e8
                    00E9   1125 G$P6_1$0$0 == 0x00e9
                    00E9   1126 _P6_1	=	0x00e9
                    00EA   1127 G$P6_2$0$0 == 0x00ea
                    00EA   1128 _P6_2	=	0x00ea
                    00EB   1129 G$P6_3$0$0 == 0x00eb
                    00EB   1130 _P6_3	=	0x00eb
                    00EC   1131 G$P6_4$0$0 == 0x00ec
                    00EC   1132 _P6_4	=	0x00ec
                    00ED   1133 G$P6_5$0$0 == 0x00ed
                    00ED   1134 _P6_5	=	0x00ed
                    00EE   1135 G$P6_6$0$0 == 0x00ee
                    00EE   1136 _P6_6	=	0x00ee
                    00EF   1137 G$P6_7$0$0 == 0x00ef
                    00EF   1138 _P6_7	=	0x00ef
                    00F8   1139 G$SPIEN$0$0 == 0x00f8
                    00F8   1140 _SPIEN	=	0x00f8
                    00F9   1141 G$TXBMT$0$0 == 0x00f9
                    00F9   1142 _TXBMT	=	0x00f9
                    00FA   1143 G$NSSMD0$0$0 == 0x00fa
                    00FA   1144 _NSSMD0	=	0x00fa
                    00FB   1145 G$NSSMD1$0$0 == 0x00fb
                    00FB   1146 _NSSMD1	=	0x00fb
                    00FC   1147 G$RXOVRN$0$0 == 0x00fc
                    00FC   1148 _RXOVRN	=	0x00fc
                    00FD   1149 G$MODF$0$0 == 0x00fd
                    00FD   1150 _MODF	=	0x00fd
                    00FE   1151 G$WCOL$0$0 == 0x00fe
                    00FE   1152 _WCOL	=	0x00fe
                    00FF   1153 G$SPIF$0$0 == 0x00ff
                    00FF   1154 _SPIF	=	0x00ff
                    00F8   1155 G$P7_0$0$0 == 0x00f8
                    00F8   1156 _P7_0	=	0x00f8
                    00F9   1157 G$P7_1$0$0 == 0x00f9
                    00F9   1158 _P7_1	=	0x00f9
                    00FA   1159 G$P7_2$0$0 == 0x00fa
                    00FA   1160 _P7_2	=	0x00fa
                    00FB   1161 G$P7_3$0$0 == 0x00fb
                    00FB   1162 _P7_3	=	0x00fb
                    00FC   1163 G$P7_4$0$0 == 0x00fc
                    00FC   1164 _P7_4	=	0x00fc
                    00FD   1165 G$P7_5$0$0 == 0x00fd
                    00FD   1166 _P7_5	=	0x00fd
                    00FE   1167 G$P7_6$0$0 == 0x00fe
                    00FE   1168 _P7_6	=	0x00fe
                    00FF   1169 G$P7_7$0$0 == 0x00ff
                    00FF   1170 _P7_7	=	0x00ff
                           1171 ;--------------------------------------------------------
                           1172 ; overlayable register banks
                           1173 ;--------------------------------------------------------
                           1174 	.area REG_BANK_0	(REL,OVR,DATA)
   0000                    1175 	.ds 8
                           1176 ;--------------------------------------------------------
                           1177 ; internal ram data
                           1178 ;--------------------------------------------------------
                           1179 	.area DSEG    (DATA)
                           1180 ;--------------------------------------------------------
                           1181 ; overlayable items in internal ram 
                           1182 ;--------------------------------------------------------
                           1183 	.area OSEG    (OVR,DATA)
                           1184 ;--------------------------------------------------------
                           1185 ; indirectly addressable internal ram data
                           1186 ;--------------------------------------------------------
                           1187 	.area ISEG    (DATA)
                           1188 ;--------------------------------------------------------
                           1189 ; absolute internal ram data
                           1190 ;--------------------------------------------------------
                           1191 	.area IABS    (ABS,DATA)
                           1192 	.area IABS    (ABS,DATA)
                           1193 ;--------------------------------------------------------
                           1194 ; bit data
                           1195 ;--------------------------------------------------------
                           1196 	.area BSEG    (BIT)
                           1197 ;--------------------------------------------------------
                           1198 ; paged external ram data
                           1199 ;--------------------------------------------------------
                           1200 	.area PSEG    (PAG,XDATA)
                           1201 ;--------------------------------------------------------
                           1202 ; external ram data
                           1203 ;--------------------------------------------------------
                           1204 	.area XSEG    (XDATA)
                    0000   1205 G$wdt_resets$0$0==.
   0000                    1206 _wdt_resets::
   0000                    1207 	.ds 1
                    0001   1208 Lconfig$t$1$1==.
   0001                    1209 _config_t_1_1:
   0001                    1210 	.ds 1
                           1211 ;--------------------------------------------------------
                           1212 ; absolute external ram data
                           1213 ;--------------------------------------------------------
                           1214 	.area XABS    (ABS,XDATA)
                           1215 ;--------------------------------------------------------
                           1216 ; external initialized ram data
                           1217 ;--------------------------------------------------------
                           1218 	.area XISEG   (XDATA)
                           1219 	.area HOME    (CODE)
                           1220 	.area GSINIT0 (CODE)
                           1221 	.area GSINIT1 (CODE)
                           1222 	.area GSINIT2 (CODE)
                           1223 	.area GSINIT3 (CODE)
                           1224 	.area GSINIT4 (CODE)
                           1225 	.area GSINIT5 (CODE)
                           1226 	.area GSINIT  (CODE)
                           1227 	.area GSFINAL (CODE)
                           1228 	.area CSEG    (CODE)
                           1229 ;--------------------------------------------------------
                           1230 ; global & static initialisations
                           1231 ;--------------------------------------------------------
                           1232 	.area HOME    (CODE)
                           1233 	.area GSINIT  (CODE)
                           1234 	.area GSFINAL (CODE)
                           1235 	.area GSINIT  (CODE)
                           1236 ;--------------------------------------------------------
                           1237 ; Home
                           1238 ;--------------------------------------------------------
                           1239 	.area HOME    (CODE)
                           1240 	.area HOME    (CODE)
                           1241 ;--------------------------------------------------------
                           1242 ; code
                           1243 ;--------------------------------------------------------
                           1244 	.area CSEG    (CODE)
                           1245 ;------------------------------------------------------------
                           1246 ;Allocation info for local variables in function 'config'
                           1247 ;------------------------------------------------------------
                           1248 ;t                         Allocated with name '_config_t_1_1'
                           1249 ;------------------------------------------------------------
                    0000   1250 	G$config$0$0 ==.
                    0000   1251 	C$config.c$42$0$0 ==.
                           1252 ;	..\ip_avenger\config.c:42: void config() {
                           1253 ;	-----------------------------------------
                           1254 ;	 function config
                           1255 ;	-----------------------------------------
   0000                    1256 _config:
                    0002   1257 	ar2 = 0x02
                    0003   1258 	ar3 = 0x03
                    0004   1259 	ar4 = 0x04
                    0005   1260 	ar5 = 0x05
                    0006   1261 	ar6 = 0x06
                    0007   1262 	ar7 = 0x07
                    0000   1263 	ar0 = 0x00
                    0001   1264 	ar1 = 0x01
                    0000   1265 	C$config.c$45$1$0 ==.
                           1266 ;	..\ip_avenger\config.c:45: unsigned char t = RSTSRC;
                    0000   1267 	C$config.c$48$1$1 ==.
                           1268 ;	..\ip_avenger\config.c:48: if (t & 0x02)
   0000 90s00r01           1269 	mov	dptr,#_config_t_1_1
   0003 E5 EF              1270 	mov	a,_RSTSRC
   0005 F0                 1271 	movx	@dptr,a
   0006 E0                 1272 	movx	a,@dptr
   0007 FA                 1273 	mov	r2,a
   0008 30 E1 07           1274 	jnb	acc.1,00104$
                    000B   1275 	C$config.c$49$1$1 ==.
                           1276 ;	..\ip_avenger\config.c:49: wdt_resets = 0;
   000B 90s00r00           1277 	mov	dptr,#_wdt_resets
   000E E4                 1278 	clr	a
   000F F0                 1279 	movx	@dptr,a
   0010 80 0E              1280 	sjmp	00105$
   0012                    1281 00104$:
                    0012   1282 	C$config.c$50$1$1 ==.
                           1283 ;	..\ip_avenger\config.c:50: else if (t & 0x08)
   0012 EA                 1284 	mov	a,r2
   0013 30 E3 0A           1285 	jnb	acc.3,00105$
                    0016   1286 	C$config.c$51$1$1 ==.
                           1287 ;	..\ip_avenger\config.c:51: wdt_resets++;
   0016 90s00r00           1288 	mov	dptr,#_wdt_resets
   0019 E0                 1289 	movx	a,@dptr
   001A FA                 1290 	mov	r2,a
   001B 90s00r00           1291 	mov	dptr,#_wdt_resets
   001E 04                 1292 	inc	a
   001F F0                 1293 	movx	@dptr,a
   0020                    1294 00105$:
                    0020   1295 	C$config.c$54$1$1 ==.
                           1296 ;	..\ip_avenger\config.c:54: WDTCN     = 0xFF;
   0020 75 FF FF           1297 	mov	_WDTCN,#0xFF
                    0023   1298 	C$config.c$55$1$1 ==.
                           1299 ;	..\ip_avenger\config.c:55: WDTCN     = 0x07;
   0023 75 FF 07           1300 	mov	_WDTCN,#0x07
                    0026   1301 	C$config.c$63$1$1 ==.
                           1302 ;	..\ip_avenger\config.c:63: SFRPAGE = CONFIG_PAGE;
   0026 75 84 0F           1303 	mov	_SFRPAGE,#0x0F
                    0029   1304 	C$config.c$64$1$1 ==.
                           1305 ;	..\ip_avenger\config.c:64: SFRPGCN = 0x01;         // use the SFR hardware stack for interrupts.
   0029 75 96 01           1306 	mov	_SFRPGCN,#0x01
                    002C   1307 	C$config.c$80$1$1 ==.
                           1308 ;	..\ip_avenger\config.c:80: SFRPAGE   = CONFIG_PAGE;
   002C 75 84 0F           1309 	mov	_SFRPAGE,#0x0F
                    002F   1310 	C$config.c$81$1$1 ==.
                           1311 ;	..\ip_avenger\config.c:81: OSCXCN    = 0x20;       // EXTERNAL Oscillator Control Register
   002F 75 8C 20           1312 	mov	_OSCXCN,#0x20
                    0032   1313 	C$config.c$82$1$1 ==.
                           1314 ;	..\ip_avenger\config.c:82: CLKSEL    = 0x01;       // Select external oscillator
   0032 75 97 01           1315 	mov	_CLKSEL,#0x01
                    0035   1316 	C$config.c$121$1$1 ==.
                           1317 ;	..\ip_avenger\config.c:121: XBR0	= 0x04;	// Enable UART0 for debug prints
   0035 75 E1 04           1318 	mov	_XBR0,#0x04
                    0038   1319 	C$config.c$122$1$1 ==.
                           1320 ;	..\ip_avenger\config.c:122: XBR1	= 0x00;
   0038 75 E2 00           1321 	mov	_XBR1,#0x00
                    003B   1322 	C$config.c$123$1$1 ==.
                           1323 ;	..\ip_avenger\config.c:123: XBR2	= 0x42; // Enable Crossbar/weak pups, EMIF on low ports
   003B 75 E3 42           1324 	mov	_XBR2,#0x42
                    003E   1325 	C$config.c$129$1$1 ==.
                           1326 ;	..\ip_avenger\config.c:129: P0MDOUT = 0xE1; // Output configuration for P0
   003E 75 A4 E1           1327 	mov	_P0MDOUT,#0xE1
                    0041   1328 	C$config.c$130$1$1 ==.
                           1329 ;	..\ip_avenger\config.c:130: P1MDOUT = 0x0F; // Output configuration for P1
   0041 75 A5 0F           1330 	mov	_P1MDOUT,#0x0F
                    0044   1331 	C$config.c$131$1$1 ==.
                           1332 ;	..\ip_avenger\config.c:131: P2MDOUT = 0xFF; // Output configuration for P2
   0044 75 A6 FF           1333 	mov	_P2MDOUT,#0xFF
                    0047   1334 	C$config.c$132$1$1 ==.
                           1335 ;	..\ip_avenger\config.c:132: P3MDOUT = 0xFF; // Output configuration for P3
   0047 75 A7 FF           1336 	mov	_P3MDOUT,#0xFF
                    004A   1337 	C$config.c$133$1$1 ==.
                           1338 ;	..\ip_avenger\config.c:133: P1MDIN  = 0xFF; // Input configuration for P1
   004A 75 AD FF           1339 	mov	_P1MDIN,#0xFF
                    004D   1340 	C$config.c$139$1$1 ==.
                           1341 ;	..\ip_avenger\config.c:139: P0 = 0xFF;
   004D 75 80 FF           1342 	mov	_P0,#0xFF
                    0050   1343 	C$config.c$140$1$1 ==.
                           1344 ;	..\ip_avenger\config.c:140: P1 = 0x0C;  /* This will clear the relays and turn the led's off */
   0050 75 90 0C           1345 	mov	_P1,#0x0C
                    0053   1346 	C$config.c$150$1$1 ==.
                           1347 ;	..\ip_avenger\config.c:150: SFRPAGE   = EMI0_PAGE;
   0053 75 84 00           1348 	mov	_SFRPAGE,#0x00
                    0056   1349 	C$config.c$152$1$1 ==.
                           1350 ;	..\ip_avenger\config.c:152: EMI0CN = 0x88;		// Ext Mem page reg set  for 0x1000-0x10FF
   0056 75 A2 88           1351 	mov	_EMI0CN,#0x88
                    0059   1352 	C$config.c$153$1$1 ==.
                           1353 ;	..\ip_avenger\config.c:153: EMI0CF = 0x04;		// Ext Mem Split on and offchip XRAM nonmultiplexed, Low ports
   0059 75 A3 04           1354 	mov	_EMI0CF,#0x04
                    005C   1355 	C$config.c$154$1$1 ==.
                           1356 ;	..\ip_avenger\config.c:154: EMI0TC = 0x41;		// Tacs = 40ns, Tacw = 40ns, Tach = 40ns Cyle = 120nS
   005C 75 A1 41           1357 	mov	_EMI0TC,#0x41
                    005F   1358 	C$config.c$163$1$1 ==.
                           1359 ;	..\ip_avenger\config.c:163: REF0CN = 0x02;
   005F 75 D1 02           1360 	mov	_REF0CN,#0x02
                    0062   1361 	C$config.c$164$1$1 ==.
                           1362 ;	..\ip_avenger\config.c:164: ADC0CN = 0x81;  // enable ADC0, data is left-justified
   0062 75 E8 81           1363 	mov	_ADC0CN,#0x81
                    0065   1364 	C$config.c$165$1$1 ==.
                    0065   1365 	XG$config$0$0 ==.
   0065 22                 1366 	ret
                           1367 	.area CSEG    (CODE)
                           1368 	.area CONST   (CODE)
                           1369 	.area XINIT   (CODE)
                           1370 	.area CABS    (ABS,CODE)
