                              1 ;--------------------------------------------------------
                              2 ; File Created by SDCC : free open source ANSI-C Compiler
                              3 ; Version 2.8.0 #5117 (Mar 23 2008) (MINGW32)
                              4 ; This file was generated Sun Jan 30 19:17:30 2011
                              5 ;--------------------------------------------------------
                              6 	.module CUart
                              7 	.optsdcc -mmcs51 --model-large
                              8 	
                              9 ;--------------------------------------------------------
                             10 ; Public variables in this module
                             11 ;--------------------------------------------------------
                             12 	.globl _baudrates
                             13 	.globl _P7_7
                             14 	.globl _P7_6
                             15 	.globl _P7_5
                             16 	.globl _P7_4
                             17 	.globl _P7_3
                             18 	.globl _P7_2
                             19 	.globl _P7_1
                             20 	.globl _P7_0
                             21 	.globl _SPIF
                             22 	.globl _WCOL
                             23 	.globl _MODF
                             24 	.globl _RXOVRN
                             25 	.globl _NSSMD1
                             26 	.globl _NSSMD0
                             27 	.globl _TXBMT
                             28 	.globl _SPIEN
                             29 	.globl _P6_7
                             30 	.globl _P6_6
                             31 	.globl _P6_5
                             32 	.globl _P6_4
                             33 	.globl _P6_3
                             34 	.globl _P6_2
                             35 	.globl _P6_1
                             36 	.globl _P6_0
                             37 	.globl _AD2EN
                             38 	.globl _AD2TM
                             39 	.globl _AD2INT
                             40 	.globl _AD2BUSY
                             41 	.globl _AD2CM2
                             42 	.globl _AD2CM1
                             43 	.globl _AD2CM0
                             44 	.globl _AD2WINT
                             45 	.globl _AD0EN
                             46 	.globl _AD0TM
                             47 	.globl _AD0INT
                             48 	.globl _AD0BUSY
                             49 	.globl _AD0CM1
                             50 	.globl _AD0CM0
                             51 	.globl _AD0WINT
                             52 	.globl _AD0LJST
                             53 	.globl _P5_7
                             54 	.globl _P5_6
                             55 	.globl _P5_5
                             56 	.globl _P5_4
                             57 	.globl _P5_3
                             58 	.globl _P5_2
                             59 	.globl _P5_1
                             60 	.globl _P5_0
                             61 	.globl _CF
                             62 	.globl _CR
                             63 	.globl _CCF5
                             64 	.globl _CCF4
                             65 	.globl _CCF3
                             66 	.globl _CCF2
                             67 	.globl _CCF1
                             68 	.globl _CCF0
                             69 	.globl _CY
                             70 	.globl _AC
                             71 	.globl _F0
                             72 	.globl _RS1
                             73 	.globl _RS0
                             74 	.globl _OV
                             75 	.globl _F1
                             76 	.globl _P
                             77 	.globl _P4_7
                             78 	.globl _P4_6
                             79 	.globl _P4_5
                             80 	.globl _P4_4
                             81 	.globl _P4_3
                             82 	.globl _P4_2
                             83 	.globl _P4_1
                             84 	.globl _P4_0
                             85 	.globl _TF4
                             86 	.globl _EXF4
                             87 	.globl _EXEN4
                             88 	.globl _TR4
                             89 	.globl _CT4
                             90 	.globl _CPRL4
                             91 	.globl _TF3
                             92 	.globl _EXF3
                             93 	.globl _EXEN3
                             94 	.globl _TR3
                             95 	.globl _CT3
                             96 	.globl _CPRL3
                             97 	.globl _TF2
                             98 	.globl _EXF2
                             99 	.globl _EXEN2
                            100 	.globl _TR2
                            101 	.globl _CT2
                            102 	.globl _CPRL2
                            103 	.globl _MAC0HO
                            104 	.globl _MAC0Z
                            105 	.globl _MAC0SO
                            106 	.globl _MAC0N
                            107 	.globl _BUSY
                            108 	.globl _ENSMB
                            109 	.globl _STA
                            110 	.globl _STO
                            111 	.globl _SI
                            112 	.globl _AA
                            113 	.globl _SMBFTE
                            114 	.globl _SMBTOE
                            115 	.globl _PT2
                            116 	.globl _PS
                            117 	.globl _PS0
                            118 	.globl _PT1
                            119 	.globl _PX1
                            120 	.globl _PT0
                            121 	.globl _PX0
                            122 	.globl _P3_7
                            123 	.globl _P3_6
                            124 	.globl _P3_5
                            125 	.globl _P3_4
                            126 	.globl _P3_3
                            127 	.globl _P3_2
                            128 	.globl _P3_1
                            129 	.globl _P3_0
                            130 	.globl _EA
                            131 	.globl _ET2
                            132 	.globl _ES
                            133 	.globl _ES0
                            134 	.globl _ET1
                            135 	.globl _EX1
                            136 	.globl _ET0
                            137 	.globl _EX0
                            138 	.globl _P2_7
                            139 	.globl _P2_6
                            140 	.globl _P2_5
                            141 	.globl _P2_4
                            142 	.globl _P2_3
                            143 	.globl _P2_2
                            144 	.globl _P2_1
                            145 	.globl _P2_0
                            146 	.globl _S1MODE
                            147 	.globl _MCE1
                            148 	.globl _REN1
                            149 	.globl _TB81
                            150 	.globl _RB81
                            151 	.globl _TI1
                            152 	.globl _RI1
                            153 	.globl _SM00
                            154 	.globl _SM10
                            155 	.globl _SM20
                            156 	.globl _REN
                            157 	.globl _REN0
                            158 	.globl _TB80
                            159 	.globl _RB80
                            160 	.globl _TI
                            161 	.globl _TI0
                            162 	.globl _RI
                            163 	.globl _RI0
                            164 	.globl _P1_7
                            165 	.globl _P1_6
                            166 	.globl _P1_5
                            167 	.globl _P1_4
                            168 	.globl _P1_3
                            169 	.globl _P1_2
                            170 	.globl _P1_1
                            171 	.globl _P1_0
                            172 	.globl _FLHBUSY
                            173 	.globl _CP1EN
                            174 	.globl _CP1OUT
                            175 	.globl _CP1RIF
                            176 	.globl _CP1FIF
                            177 	.globl _CP1HYP1
                            178 	.globl _CP1HYP0
                            179 	.globl _CP1HYN1
                            180 	.globl _CP1HYN0
                            181 	.globl _CP0EN
                            182 	.globl _CP0OUT
                            183 	.globl _CP0RIF
                            184 	.globl _CP0FIF
                            185 	.globl _CP0HYP1
                            186 	.globl _CP0HYP0
                            187 	.globl _CP0HYN1
                            188 	.globl _CP0HYN0
                            189 	.globl _TF1
                            190 	.globl _TR1
                            191 	.globl _TF0
                            192 	.globl _TR0
                            193 	.globl _IE1
                            194 	.globl _IT1
                            195 	.globl _IE0
                            196 	.globl _IT0
                            197 	.globl _P0_7
                            198 	.globl _P0_6
                            199 	.globl _P0_5
                            200 	.globl _P0_4
                            201 	.globl _P0_3
                            202 	.globl _P0_2
                            203 	.globl _P0_1
                            204 	.globl _P0_0
                            205 	.globl _MAC0RND
                            206 	.globl _MAC0ACC
                            207 	.globl _MAC0A
                            208 	.globl _RCAP4
                            209 	.globl _TMR4
                            210 	.globl _DAC1
                            211 	.globl _RCAP3
                            212 	.globl _TMR3
                            213 	.globl _PCA0CP5
                            214 	.globl _PCA0CP4
                            215 	.globl _PCA0CP3
                            216 	.globl _PCA0CP2
                            217 	.globl _PCA0CP1
                            218 	.globl _PCA0CP0
                            219 	.globl _PCA0
                            220 	.globl _DAC0
                            221 	.globl _ADC0LT
                            222 	.globl _ADC0GT
                            223 	.globl _ADC0
                            224 	.globl _RCAP2
                            225 	.globl _TMR2
                            226 	.globl _TMR1
                            227 	.globl _TMR0
                            228 	.globl _P7
                            229 	.globl _P6
                            230 	.globl _XBR2
                            231 	.globl _XBR1
                            232 	.globl _XBR0
                            233 	.globl _P5
                            234 	.globl _P4
                            235 	.globl _FLACL
                            236 	.globl _P1MDIN
                            237 	.globl _P3MDOUT
                            238 	.globl _P2MDOUT
                            239 	.globl _P1MDOUT
                            240 	.globl _P0MDOUT
                            241 	.globl _CCH0LC
                            242 	.globl _CCH0TN
                            243 	.globl _CCH0CN
                            244 	.globl _P7MDOUT
                            245 	.globl _P6MDOUT
                            246 	.globl _P5MDOUT
                            247 	.globl _P4MDOUT
                            248 	.globl _CCH0MA
                            249 	.globl _CLKSEL
                            250 	.globl _SFRPGCN
                            251 	.globl _PLL0FLT
                            252 	.globl _PLL0MUL
                            253 	.globl _PLL0DIV
                            254 	.globl _OSCXCN
                            255 	.globl _OSCICL
                            256 	.globl _OSCICN
                            257 	.globl _PLL0CN
                            258 	.globl _FLSTAT
                            259 	.globl _MAC0RNDH
                            260 	.globl _MAC0RNDL
                            261 	.globl _MAC0CF
                            262 	.globl _MAC0AH
                            263 	.globl _MAC0AL
                            264 	.globl _MAC0STA
                            265 	.globl _MAC0OVR
                            266 	.globl _MAC0ACC3
                            267 	.globl _MAC0ACC2
                            268 	.globl _MAC0ACC1
                            269 	.globl _MAC0ACC0
                            270 	.globl _MAC0BH
                            271 	.globl _MAC0BL
                            272 	.globl _ADC2CN
                            273 	.globl _TMR4H
                            274 	.globl _TMR4L
                            275 	.globl _RCAP4H
                            276 	.globl _RCAP4L
                            277 	.globl _TMR4CF
                            278 	.globl _TMR4CN
                            279 	.globl _ADC2LT
                            280 	.globl _ADC2GT
                            281 	.globl _ADC2
                            282 	.globl _ADC2CF
                            283 	.globl _AMX2SL
                            284 	.globl _AMX2CF
                            285 	.globl _CPT1MD
                            286 	.globl _CPT1CN
                            287 	.globl _DAC1CN
                            288 	.globl _DAC1H
                            289 	.globl _DAC1L
                            290 	.globl _TMR3H
                            291 	.globl _TMR3L
                            292 	.globl _RCAP3H
                            293 	.globl _RCAP3L
                            294 	.globl _TMR3CF
                            295 	.globl _TMR3CN
                            296 	.globl _SBUF1
                            297 	.globl _SCON1
                            298 	.globl _CPT0MD
                            299 	.globl _CPT0CN
                            300 	.globl _PCA0CPH1
                            301 	.globl _PCA0CPL1
                            302 	.globl _PCA0CPH0
                            303 	.globl _PCA0CPL0
                            304 	.globl _PCA0H
                            305 	.globl _PCA0L
                            306 	.globl _SPI0CN
                            307 	.globl _RSTSRC
                            308 	.globl _PCA0CPH4
                            309 	.globl _PCA0CPL4
                            310 	.globl _PCA0CPH3
                            311 	.globl _PCA0CPL3
                            312 	.globl _PCA0CPH2
                            313 	.globl _PCA0CPL2
                            314 	.globl _ADC0CN
                            315 	.globl _PCA0CPH5
                            316 	.globl _PCA0CPL5
                            317 	.globl _PCA0CPM5
                            318 	.globl _PCA0CPM4
                            319 	.globl _PCA0CPM3
                            320 	.globl _PCA0CPM2
                            321 	.globl _PCA0CPM1
                            322 	.globl _PCA0CPM0
                            323 	.globl _PCA0MD
                            324 	.globl _PCA0CN
                            325 	.globl _DAC0CN
                            326 	.globl _DAC0H
                            327 	.globl _DAC0L
                            328 	.globl _REF0CN
                            329 	.globl _SMB0CR
                            330 	.globl _TH2
                            331 	.globl _TMR2H
                            332 	.globl _TL2
                            333 	.globl _TMR2L
                            334 	.globl _RCAP2H
                            335 	.globl _RCAP2L
                            336 	.globl _TMR2CF
                            337 	.globl _TMR2CN
                            338 	.globl _ADC0LTH
                            339 	.globl _ADC0LTL
                            340 	.globl _ADC0GTH
                            341 	.globl _ADC0GTL
                            342 	.globl _SMB0ADR
                            343 	.globl _SMB0DAT
                            344 	.globl _SMB0STA
                            345 	.globl _SMB0CN
                            346 	.globl _ADC0H
                            347 	.globl _ADC0L
                            348 	.globl _ADC0CF
                            349 	.globl _AMX0SL
                            350 	.globl _AMX0CF
                            351 	.globl _SADEN0
                            352 	.globl _FLSCL
                            353 	.globl _SADDR0
                            354 	.globl _EMI0CF
                            355 	.globl __XPAGE
                            356 	.globl _EMI0CN
                            357 	.globl _EMI0TC
                            358 	.globl _SPI0CKR
                            359 	.globl _SPI0DAT
                            360 	.globl _SPI0CFG
                            361 	.globl _SBUF
                            362 	.globl _SBUF0
                            363 	.globl _SCON
                            364 	.globl _SCON0
                            365 	.globl _SSTA0
                            366 	.globl _PSCTL
                            367 	.globl _CKCON
                            368 	.globl _TH1
                            369 	.globl _TH0
                            370 	.globl _TL1
                            371 	.globl _TL0
                            372 	.globl _TMOD
                            373 	.globl _TCON
                            374 	.globl _WDTCN
                            375 	.globl _EIP2
                            376 	.globl _EIP1
                            377 	.globl _B
                            378 	.globl _EIE2
                            379 	.globl _EIE1
                            380 	.globl _ACC
                            381 	.globl _PSW
                            382 	.globl _IP
                            383 	.globl _PSBANK
                            384 	.globl _P3
                            385 	.globl _IE
                            386 	.globl _P2
                            387 	.globl _P1
                            388 	.globl _PCON
                            389 	.globl _SFRLAST
                            390 	.globl _SFRNEXT
                            391 	.globl _SFRPAGE
                            392 	.globl _DPH
                            393 	.globl _DPL
                            394 	.globl _SP
                            395 	.globl _P0
                            396 	.globl _NIC_DAT
                            397 	.globl _NIC_REG
                            398 	.globl _CUart_init
                            399 	.globl _putchar
                            400 ;--------------------------------------------------------
                            401 ; special function registers
                            402 ;--------------------------------------------------------
                            403 	.area RSEG    (DATA)
                    0080    404 G$P0$0$0 == 0x0080
                    0080    405 _P0	=	0x0080
                    0081    406 G$SP$0$0 == 0x0081
                    0081    407 _SP	=	0x0081
                    0082    408 G$DPL$0$0 == 0x0082
                    0082    409 _DPL	=	0x0082
                    0083    410 G$DPH$0$0 == 0x0083
                    0083    411 _DPH	=	0x0083
                    0084    412 G$SFRPAGE$0$0 == 0x0084
                    0084    413 _SFRPAGE	=	0x0084
                    0085    414 G$SFRNEXT$0$0 == 0x0085
                    0085    415 _SFRNEXT	=	0x0085
                    0086    416 G$SFRLAST$0$0 == 0x0086
                    0086    417 _SFRLAST	=	0x0086
                    0087    418 G$PCON$0$0 == 0x0087
                    0087    419 _PCON	=	0x0087
                    0090    420 G$P1$0$0 == 0x0090
                    0090    421 _P1	=	0x0090
                    00A0    422 G$P2$0$0 == 0x00a0
                    00A0    423 _P2	=	0x00a0
                    00A8    424 G$IE$0$0 == 0x00a8
                    00A8    425 _IE	=	0x00a8
                    00B0    426 G$P3$0$0 == 0x00b0
                    00B0    427 _P3	=	0x00b0
                    00B1    428 G$PSBANK$0$0 == 0x00b1
                    00B1    429 _PSBANK	=	0x00b1
                    00B8    430 G$IP$0$0 == 0x00b8
                    00B8    431 _IP	=	0x00b8
                    00D0    432 G$PSW$0$0 == 0x00d0
                    00D0    433 _PSW	=	0x00d0
                    00E0    434 G$ACC$0$0 == 0x00e0
                    00E0    435 _ACC	=	0x00e0
                    00E6    436 G$EIE1$0$0 == 0x00e6
                    00E6    437 _EIE1	=	0x00e6
                    00E7    438 G$EIE2$0$0 == 0x00e7
                    00E7    439 _EIE2	=	0x00e7
                    00F0    440 G$B$0$0 == 0x00f0
                    00F0    441 _B	=	0x00f0
                    00F6    442 G$EIP1$0$0 == 0x00f6
                    00F6    443 _EIP1	=	0x00f6
                    00F7    444 G$EIP2$0$0 == 0x00f7
                    00F7    445 _EIP2	=	0x00f7
                    00FF    446 G$WDTCN$0$0 == 0x00ff
                    00FF    447 _WDTCN	=	0x00ff
                    0088    448 G$TCON$0$0 == 0x0088
                    0088    449 _TCON	=	0x0088
                    0089    450 G$TMOD$0$0 == 0x0089
                    0089    451 _TMOD	=	0x0089
                    008A    452 G$TL0$0$0 == 0x008a
                    008A    453 _TL0	=	0x008a
                    008B    454 G$TL1$0$0 == 0x008b
                    008B    455 _TL1	=	0x008b
                    008C    456 G$TH0$0$0 == 0x008c
                    008C    457 _TH0	=	0x008c
                    008D    458 G$TH1$0$0 == 0x008d
                    008D    459 _TH1	=	0x008d
                    008E    460 G$CKCON$0$0 == 0x008e
                    008E    461 _CKCON	=	0x008e
                    008F    462 G$PSCTL$0$0 == 0x008f
                    008F    463 _PSCTL	=	0x008f
                    0091    464 G$SSTA0$0$0 == 0x0091
                    0091    465 _SSTA0	=	0x0091
                    0098    466 G$SCON0$0$0 == 0x0098
                    0098    467 _SCON0	=	0x0098
                    0098    468 G$SCON$0$0 == 0x0098
                    0098    469 _SCON	=	0x0098
                    0099    470 G$SBUF0$0$0 == 0x0099
                    0099    471 _SBUF0	=	0x0099
                    0099    472 G$SBUF$0$0 == 0x0099
                    0099    473 _SBUF	=	0x0099
                    009A    474 G$SPI0CFG$0$0 == 0x009a
                    009A    475 _SPI0CFG	=	0x009a
                    009B    476 G$SPI0DAT$0$0 == 0x009b
                    009B    477 _SPI0DAT	=	0x009b
                    009D    478 G$SPI0CKR$0$0 == 0x009d
                    009D    479 _SPI0CKR	=	0x009d
                    00A1    480 G$EMI0TC$0$0 == 0x00a1
                    00A1    481 _EMI0TC	=	0x00a1
                    00A2    482 G$EMI0CN$0$0 == 0x00a2
                    00A2    483 _EMI0CN	=	0x00a2
                    00A2    484 G$_XPAGE$0$0 == 0x00a2
                    00A2    485 __XPAGE	=	0x00a2
                    00A3    486 G$EMI0CF$0$0 == 0x00a3
                    00A3    487 _EMI0CF	=	0x00a3
                    00A9    488 G$SADDR0$0$0 == 0x00a9
                    00A9    489 _SADDR0	=	0x00a9
                    00B7    490 G$FLSCL$0$0 == 0x00b7
                    00B7    491 _FLSCL	=	0x00b7
                    00B9    492 G$SADEN0$0$0 == 0x00b9
                    00B9    493 _SADEN0	=	0x00b9
                    00BA    494 G$AMX0CF$0$0 == 0x00ba
                    00BA    495 _AMX0CF	=	0x00ba
                    00BB    496 G$AMX0SL$0$0 == 0x00bb
                    00BB    497 _AMX0SL	=	0x00bb
                    00BC    498 G$ADC0CF$0$0 == 0x00bc
                    00BC    499 _ADC0CF	=	0x00bc
                    00BE    500 G$ADC0L$0$0 == 0x00be
                    00BE    501 _ADC0L	=	0x00be
                    00BF    502 G$ADC0H$0$0 == 0x00bf
                    00BF    503 _ADC0H	=	0x00bf
                    00C0    504 G$SMB0CN$0$0 == 0x00c0
                    00C0    505 _SMB0CN	=	0x00c0
                    00C1    506 G$SMB0STA$0$0 == 0x00c1
                    00C1    507 _SMB0STA	=	0x00c1
                    00C2    508 G$SMB0DAT$0$0 == 0x00c2
                    00C2    509 _SMB0DAT	=	0x00c2
                    00C3    510 G$SMB0ADR$0$0 == 0x00c3
                    00C3    511 _SMB0ADR	=	0x00c3
                    00C4    512 G$ADC0GTL$0$0 == 0x00c4
                    00C4    513 _ADC0GTL	=	0x00c4
                    00C5    514 G$ADC0GTH$0$0 == 0x00c5
                    00C5    515 _ADC0GTH	=	0x00c5
                    00C6    516 G$ADC0LTL$0$0 == 0x00c6
                    00C6    517 _ADC0LTL	=	0x00c6
                    00C7    518 G$ADC0LTH$0$0 == 0x00c7
                    00C7    519 _ADC0LTH	=	0x00c7
                    00C8    520 G$TMR2CN$0$0 == 0x00c8
                    00C8    521 _TMR2CN	=	0x00c8
                    00C9    522 G$TMR2CF$0$0 == 0x00c9
                    00C9    523 _TMR2CF	=	0x00c9
                    00CA    524 G$RCAP2L$0$0 == 0x00ca
                    00CA    525 _RCAP2L	=	0x00ca
                    00CB    526 G$RCAP2H$0$0 == 0x00cb
                    00CB    527 _RCAP2H	=	0x00cb
                    00CC    528 G$TMR2L$0$0 == 0x00cc
                    00CC    529 _TMR2L	=	0x00cc
                    00CC    530 G$TL2$0$0 == 0x00cc
                    00CC    531 _TL2	=	0x00cc
                    00CD    532 G$TMR2H$0$0 == 0x00cd
                    00CD    533 _TMR2H	=	0x00cd
                    00CD    534 G$TH2$0$0 == 0x00cd
                    00CD    535 _TH2	=	0x00cd
                    00CF    536 G$SMB0CR$0$0 == 0x00cf
                    00CF    537 _SMB0CR	=	0x00cf
                    00D1    538 G$REF0CN$0$0 == 0x00d1
                    00D1    539 _REF0CN	=	0x00d1
                    00D2    540 G$DAC0L$0$0 == 0x00d2
                    00D2    541 _DAC0L	=	0x00d2
                    00D3    542 G$DAC0H$0$0 == 0x00d3
                    00D3    543 _DAC0H	=	0x00d3
                    00D4    544 G$DAC0CN$0$0 == 0x00d4
                    00D4    545 _DAC0CN	=	0x00d4
                    00D8    546 G$PCA0CN$0$0 == 0x00d8
                    00D8    547 _PCA0CN	=	0x00d8
                    00D9    548 G$PCA0MD$0$0 == 0x00d9
                    00D9    549 _PCA0MD	=	0x00d9
                    00DA    550 G$PCA0CPM0$0$0 == 0x00da
                    00DA    551 _PCA0CPM0	=	0x00da
                    00DB    552 G$PCA0CPM1$0$0 == 0x00db
                    00DB    553 _PCA0CPM1	=	0x00db
                    00DC    554 G$PCA0CPM2$0$0 == 0x00dc
                    00DC    555 _PCA0CPM2	=	0x00dc
                    00DD    556 G$PCA0CPM3$0$0 == 0x00dd
                    00DD    557 _PCA0CPM3	=	0x00dd
                    00DE    558 G$PCA0CPM4$0$0 == 0x00de
                    00DE    559 _PCA0CPM4	=	0x00de
                    00DF    560 G$PCA0CPM5$0$0 == 0x00df
                    00DF    561 _PCA0CPM5	=	0x00df
                    00E1    562 G$PCA0CPL5$0$0 == 0x00e1
                    00E1    563 _PCA0CPL5	=	0x00e1
                    00E2    564 G$PCA0CPH5$0$0 == 0x00e2
                    00E2    565 _PCA0CPH5	=	0x00e2
                    00E8    566 G$ADC0CN$0$0 == 0x00e8
                    00E8    567 _ADC0CN	=	0x00e8
                    00E9    568 G$PCA0CPL2$0$0 == 0x00e9
                    00E9    569 _PCA0CPL2	=	0x00e9
                    00EA    570 G$PCA0CPH2$0$0 == 0x00ea
                    00EA    571 _PCA0CPH2	=	0x00ea
                    00EB    572 G$PCA0CPL3$0$0 == 0x00eb
                    00EB    573 _PCA0CPL3	=	0x00eb
                    00EC    574 G$PCA0CPH3$0$0 == 0x00ec
                    00EC    575 _PCA0CPH3	=	0x00ec
                    00ED    576 G$PCA0CPL4$0$0 == 0x00ed
                    00ED    577 _PCA0CPL4	=	0x00ed
                    00EE    578 G$PCA0CPH4$0$0 == 0x00ee
                    00EE    579 _PCA0CPH4	=	0x00ee
                    00EF    580 G$RSTSRC$0$0 == 0x00ef
                    00EF    581 _RSTSRC	=	0x00ef
                    00F8    582 G$SPI0CN$0$0 == 0x00f8
                    00F8    583 _SPI0CN	=	0x00f8
                    00F9    584 G$PCA0L$0$0 == 0x00f9
                    00F9    585 _PCA0L	=	0x00f9
                    00FA    586 G$PCA0H$0$0 == 0x00fa
                    00FA    587 _PCA0H	=	0x00fa
                    00FB    588 G$PCA0CPL0$0$0 == 0x00fb
                    00FB    589 _PCA0CPL0	=	0x00fb
                    00FC    590 G$PCA0CPH0$0$0 == 0x00fc
                    00FC    591 _PCA0CPH0	=	0x00fc
                    00FD    592 G$PCA0CPL1$0$0 == 0x00fd
                    00FD    593 _PCA0CPL1	=	0x00fd
                    00FE    594 G$PCA0CPH1$0$0 == 0x00fe
                    00FE    595 _PCA0CPH1	=	0x00fe
                    0088    596 G$CPT0CN$0$0 == 0x0088
                    0088    597 _CPT0CN	=	0x0088
                    0089    598 G$CPT0MD$0$0 == 0x0089
                    0089    599 _CPT0MD	=	0x0089
                    0098    600 G$SCON1$0$0 == 0x0098
                    0098    601 _SCON1	=	0x0098
                    0099    602 G$SBUF1$0$0 == 0x0099
                    0099    603 _SBUF1	=	0x0099
                    00C8    604 G$TMR3CN$0$0 == 0x00c8
                    00C8    605 _TMR3CN	=	0x00c8
                    00C9    606 G$TMR3CF$0$0 == 0x00c9
                    00C9    607 _TMR3CF	=	0x00c9
                    00CA    608 G$RCAP3L$0$0 == 0x00ca
                    00CA    609 _RCAP3L	=	0x00ca
                    00CB    610 G$RCAP3H$0$0 == 0x00cb
                    00CB    611 _RCAP3H	=	0x00cb
                    00CC    612 G$TMR3L$0$0 == 0x00cc
                    00CC    613 _TMR3L	=	0x00cc
                    00CD    614 G$TMR3H$0$0 == 0x00cd
                    00CD    615 _TMR3H	=	0x00cd
                    00D2    616 G$DAC1L$0$0 == 0x00d2
                    00D2    617 _DAC1L	=	0x00d2
                    00D3    618 G$DAC1H$0$0 == 0x00d3
                    00D3    619 _DAC1H	=	0x00d3
                    00D4    620 G$DAC1CN$0$0 == 0x00d4
                    00D4    621 _DAC1CN	=	0x00d4
                    0088    622 G$CPT1CN$0$0 == 0x0088
                    0088    623 _CPT1CN	=	0x0088
                    0089    624 G$CPT1MD$0$0 == 0x0089
                    0089    625 _CPT1MD	=	0x0089
                    00BA    626 G$AMX2CF$0$0 == 0x00ba
                    00BA    627 _AMX2CF	=	0x00ba
                    00BB    628 G$AMX2SL$0$0 == 0x00bb
                    00BB    629 _AMX2SL	=	0x00bb
                    00BC    630 G$ADC2CF$0$0 == 0x00bc
                    00BC    631 _ADC2CF	=	0x00bc
                    00BE    632 G$ADC2$0$0 == 0x00be
                    00BE    633 _ADC2	=	0x00be
                    00C4    634 G$ADC2GT$0$0 == 0x00c4
                    00C4    635 _ADC2GT	=	0x00c4
                    00C6    636 G$ADC2LT$0$0 == 0x00c6
                    00C6    637 _ADC2LT	=	0x00c6
                    00C8    638 G$TMR4CN$0$0 == 0x00c8
                    00C8    639 _TMR4CN	=	0x00c8
                    00C9    640 G$TMR4CF$0$0 == 0x00c9
                    00C9    641 _TMR4CF	=	0x00c9
                    00CA    642 G$RCAP4L$0$0 == 0x00ca
                    00CA    643 _RCAP4L	=	0x00ca
                    00CB    644 G$RCAP4H$0$0 == 0x00cb
                    00CB    645 _RCAP4H	=	0x00cb
                    00CC    646 G$TMR4L$0$0 == 0x00cc
                    00CC    647 _TMR4L	=	0x00cc
                    00CD    648 G$TMR4H$0$0 == 0x00cd
                    00CD    649 _TMR4H	=	0x00cd
                    00E8    650 G$ADC2CN$0$0 == 0x00e8
                    00E8    651 _ADC2CN	=	0x00e8
                    0091    652 G$MAC0BL$0$0 == 0x0091
                    0091    653 _MAC0BL	=	0x0091
                    0092    654 G$MAC0BH$0$0 == 0x0092
                    0092    655 _MAC0BH	=	0x0092
                    0093    656 G$MAC0ACC0$0$0 == 0x0093
                    0093    657 _MAC0ACC0	=	0x0093
                    0094    658 G$MAC0ACC1$0$0 == 0x0094
                    0094    659 _MAC0ACC1	=	0x0094
                    0095    660 G$MAC0ACC2$0$0 == 0x0095
                    0095    661 _MAC0ACC2	=	0x0095
                    0096    662 G$MAC0ACC3$0$0 == 0x0096
                    0096    663 _MAC0ACC3	=	0x0096
                    0097    664 G$MAC0OVR$0$0 == 0x0097
                    0097    665 _MAC0OVR	=	0x0097
                    00C0    666 G$MAC0STA$0$0 == 0x00c0
                    00C0    667 _MAC0STA	=	0x00c0
                    00C1    668 G$MAC0AL$0$0 == 0x00c1
                    00C1    669 _MAC0AL	=	0x00c1
                    00C2    670 G$MAC0AH$0$0 == 0x00c2
                    00C2    671 _MAC0AH	=	0x00c2
                    00C3    672 G$MAC0CF$0$0 == 0x00c3
                    00C3    673 _MAC0CF	=	0x00c3
                    00CE    674 G$MAC0RNDL$0$0 == 0x00ce
                    00CE    675 _MAC0RNDL	=	0x00ce
                    00CF    676 G$MAC0RNDH$0$0 == 0x00cf
                    00CF    677 _MAC0RNDH	=	0x00cf
                    0088    678 G$FLSTAT$0$0 == 0x0088
                    0088    679 _FLSTAT	=	0x0088
                    0089    680 G$PLL0CN$0$0 == 0x0089
                    0089    681 _PLL0CN	=	0x0089
                    008A    682 G$OSCICN$0$0 == 0x008a
                    008A    683 _OSCICN	=	0x008a
                    008B    684 G$OSCICL$0$0 == 0x008b
                    008B    685 _OSCICL	=	0x008b
                    008C    686 G$OSCXCN$0$0 == 0x008c
                    008C    687 _OSCXCN	=	0x008c
                    008D    688 G$PLL0DIV$0$0 == 0x008d
                    008D    689 _PLL0DIV	=	0x008d
                    008E    690 G$PLL0MUL$0$0 == 0x008e
                    008E    691 _PLL0MUL	=	0x008e
                    008F    692 G$PLL0FLT$0$0 == 0x008f
                    008F    693 _PLL0FLT	=	0x008f
                    0096    694 G$SFRPGCN$0$0 == 0x0096
                    0096    695 _SFRPGCN	=	0x0096
                    0097    696 G$CLKSEL$0$0 == 0x0097
                    0097    697 _CLKSEL	=	0x0097
                    009A    698 G$CCH0MA$0$0 == 0x009a
                    009A    699 _CCH0MA	=	0x009a
                    009C    700 G$P4MDOUT$0$0 == 0x009c
                    009C    701 _P4MDOUT	=	0x009c
                    009D    702 G$P5MDOUT$0$0 == 0x009d
                    009D    703 _P5MDOUT	=	0x009d
                    009E    704 G$P6MDOUT$0$0 == 0x009e
                    009E    705 _P6MDOUT	=	0x009e
                    009F    706 G$P7MDOUT$0$0 == 0x009f
                    009F    707 _P7MDOUT	=	0x009f
                    00A1    708 G$CCH0CN$0$0 == 0x00a1
                    00A1    709 _CCH0CN	=	0x00a1
                    00A2    710 G$CCH0TN$0$0 == 0x00a2
                    00A2    711 _CCH0TN	=	0x00a2
                    00A3    712 G$CCH0LC$0$0 == 0x00a3
                    00A3    713 _CCH0LC	=	0x00a3
                    00A4    714 G$P0MDOUT$0$0 == 0x00a4
                    00A4    715 _P0MDOUT	=	0x00a4
                    00A5    716 G$P1MDOUT$0$0 == 0x00a5
                    00A5    717 _P1MDOUT	=	0x00a5
                    00A6    718 G$P2MDOUT$0$0 == 0x00a6
                    00A6    719 _P2MDOUT	=	0x00a6
                    00A7    720 G$P3MDOUT$0$0 == 0x00a7
                    00A7    721 _P3MDOUT	=	0x00a7
                    00AD    722 G$P1MDIN$0$0 == 0x00ad
                    00AD    723 _P1MDIN	=	0x00ad
                    00B7    724 G$FLACL$0$0 == 0x00b7
                    00B7    725 _FLACL	=	0x00b7
                    00C8    726 G$P4$0$0 == 0x00c8
                    00C8    727 _P4	=	0x00c8
                    00D8    728 G$P5$0$0 == 0x00d8
                    00D8    729 _P5	=	0x00d8
                    00E1    730 G$XBR0$0$0 == 0x00e1
                    00E1    731 _XBR0	=	0x00e1
                    00E2    732 G$XBR1$0$0 == 0x00e2
                    00E2    733 _XBR1	=	0x00e2
                    00E3    734 G$XBR2$0$0 == 0x00e3
                    00E3    735 _XBR2	=	0x00e3
                    00E8    736 G$P6$0$0 == 0x00e8
                    00E8    737 _P6	=	0x00e8
                    00F8    738 G$P7$0$0 == 0x00f8
                    00F8    739 _P7	=	0x00f8
                    8C8A    740 G$TMR0$0$0 == 0x8c8a
                    8C8A    741 _TMR0	=	0x8c8a
                    8D8B    742 G$TMR1$0$0 == 0x8d8b
                    8D8B    743 _TMR1	=	0x8d8b
                    CDCC    744 G$TMR2$0$0 == 0xcdcc
                    CDCC    745 _TMR2	=	0xcdcc
                    CBCA    746 G$RCAP2$0$0 == 0xcbca
                    CBCA    747 _RCAP2	=	0xcbca
                    BFBE    748 G$ADC0$0$0 == 0xbfbe
                    BFBE    749 _ADC0	=	0xbfbe
                    C5C4    750 G$ADC0GT$0$0 == 0xc5c4
                    C5C4    751 _ADC0GT	=	0xc5c4
                    C7C6    752 G$ADC0LT$0$0 == 0xc7c6
                    C7C6    753 _ADC0LT	=	0xc7c6
                    D3D2    754 G$DAC0$0$0 == 0xd3d2
                    D3D2    755 _DAC0	=	0xd3d2
                    FAF9    756 G$PCA0$0$0 == 0xfaf9
                    FAF9    757 _PCA0	=	0xfaf9
                    FCFB    758 G$PCA0CP0$0$0 == 0xfcfb
                    FCFB    759 _PCA0CP0	=	0xfcfb
                    FEFD    760 G$PCA0CP1$0$0 == 0xfefd
                    FEFD    761 _PCA0CP1	=	0xfefd
                    EAE9    762 G$PCA0CP2$0$0 == 0xeae9
                    EAE9    763 _PCA0CP2	=	0xeae9
                    ECEB    764 G$PCA0CP3$0$0 == 0xeceb
                    ECEB    765 _PCA0CP3	=	0xeceb
                    EEED    766 G$PCA0CP4$0$0 == 0xeeed
                    EEED    767 _PCA0CP4	=	0xeeed
                    E2E1    768 G$PCA0CP5$0$0 == 0xe2e1
                    E2E1    769 _PCA0CP5	=	0xe2e1
                    CDCC    770 G$TMR3$0$0 == 0xcdcc
                    CDCC    771 _TMR3	=	0xcdcc
                    CBCA    772 G$RCAP3$0$0 == 0xcbca
                    CBCA    773 _RCAP3	=	0xcbca
                    D3D2    774 G$DAC1$0$0 == 0xd3d2
                    D3D2    775 _DAC1	=	0xd3d2
                    CDCC    776 G$TMR4$0$0 == 0xcdcc
                    CDCC    777 _TMR4	=	0xcdcc
                    CBCA    778 G$RCAP4$0$0 == 0xcbca
                    CBCA    779 _RCAP4	=	0xcbca
                    C2C1    780 G$MAC0A$0$0 == 0xc2c1
                    C2C1    781 _MAC0A	=	0xc2c1
                    96959493    782 G$MAC0ACC$0$0 == 0x96959493
                    96959493    783 _MAC0ACC	=	0x96959493
                    CFCE    784 G$MAC0RND$0$0 == 0xcfce
                    CFCE    785 _MAC0RND	=	0xcfce
                            786 ;--------------------------------------------------------
                            787 ; special function bits
                            788 ;--------------------------------------------------------
                            789 	.area RSEG    (DATA)
                    0080    790 G$P0_0$0$0 == 0x0080
                    0080    791 _P0_0	=	0x0080
                    0081    792 G$P0_1$0$0 == 0x0081
                    0081    793 _P0_1	=	0x0081
                    0082    794 G$P0_2$0$0 == 0x0082
                    0082    795 _P0_2	=	0x0082
                    0083    796 G$P0_3$0$0 == 0x0083
                    0083    797 _P0_3	=	0x0083
                    0084    798 G$P0_4$0$0 == 0x0084
                    0084    799 _P0_4	=	0x0084
                    0085    800 G$P0_5$0$0 == 0x0085
                    0085    801 _P0_5	=	0x0085
                    0086    802 G$P0_6$0$0 == 0x0086
                    0086    803 _P0_6	=	0x0086
                    0087    804 G$P0_7$0$0 == 0x0087
                    0087    805 _P0_7	=	0x0087
                    0088    806 G$IT0$0$0 == 0x0088
                    0088    807 _IT0	=	0x0088
                    0089    808 G$IE0$0$0 == 0x0089
                    0089    809 _IE0	=	0x0089
                    008A    810 G$IT1$0$0 == 0x008a
                    008A    811 _IT1	=	0x008a
                    008B    812 G$IE1$0$0 == 0x008b
                    008B    813 _IE1	=	0x008b
                    008C    814 G$TR0$0$0 == 0x008c
                    008C    815 _TR0	=	0x008c
                    008D    816 G$TF0$0$0 == 0x008d
                    008D    817 _TF0	=	0x008d
                    008E    818 G$TR1$0$0 == 0x008e
                    008E    819 _TR1	=	0x008e
                    008F    820 G$TF1$0$0 == 0x008f
                    008F    821 _TF1	=	0x008f
                    0088    822 G$CP0HYN0$0$0 == 0x0088
                    0088    823 _CP0HYN0	=	0x0088
                    0089    824 G$CP0HYN1$0$0 == 0x0089
                    0089    825 _CP0HYN1	=	0x0089
                    008A    826 G$CP0HYP0$0$0 == 0x008a
                    008A    827 _CP0HYP0	=	0x008a
                    008B    828 G$CP0HYP1$0$0 == 0x008b
                    008B    829 _CP0HYP1	=	0x008b
                    008C    830 G$CP0FIF$0$0 == 0x008c
                    008C    831 _CP0FIF	=	0x008c
                    008D    832 G$CP0RIF$0$0 == 0x008d
                    008D    833 _CP0RIF	=	0x008d
                    008E    834 G$CP0OUT$0$0 == 0x008e
                    008E    835 _CP0OUT	=	0x008e
                    008F    836 G$CP0EN$0$0 == 0x008f
                    008F    837 _CP0EN	=	0x008f
                    0088    838 G$CP1HYN0$0$0 == 0x0088
                    0088    839 _CP1HYN0	=	0x0088
                    0089    840 G$CP1HYN1$0$0 == 0x0089
                    0089    841 _CP1HYN1	=	0x0089
                    008A    842 G$CP1HYP0$0$0 == 0x008a
                    008A    843 _CP1HYP0	=	0x008a
                    008B    844 G$CP1HYP1$0$0 == 0x008b
                    008B    845 _CP1HYP1	=	0x008b
                    008C    846 G$CP1FIF$0$0 == 0x008c
                    008C    847 _CP1FIF	=	0x008c
                    008D    848 G$CP1RIF$0$0 == 0x008d
                    008D    849 _CP1RIF	=	0x008d
                    008E    850 G$CP1OUT$0$0 == 0x008e
                    008E    851 _CP1OUT	=	0x008e
                    008F    852 G$CP1EN$0$0 == 0x008f
                    008F    853 _CP1EN	=	0x008f
                    0088    854 G$FLHBUSY$0$0 == 0x0088
                    0088    855 _FLHBUSY	=	0x0088
                    0090    856 G$P1_0$0$0 == 0x0090
                    0090    857 _P1_0	=	0x0090
                    0091    858 G$P1_1$0$0 == 0x0091
                    0091    859 _P1_1	=	0x0091
                    0092    860 G$P1_2$0$0 == 0x0092
                    0092    861 _P1_2	=	0x0092
                    0093    862 G$P1_3$0$0 == 0x0093
                    0093    863 _P1_3	=	0x0093
                    0094    864 G$P1_4$0$0 == 0x0094
                    0094    865 _P1_4	=	0x0094
                    0095    866 G$P1_5$0$0 == 0x0095
                    0095    867 _P1_5	=	0x0095
                    0096    868 G$P1_6$0$0 == 0x0096
                    0096    869 _P1_6	=	0x0096
                    0097    870 G$P1_7$0$0 == 0x0097
                    0097    871 _P1_7	=	0x0097
                    0098    872 G$RI0$0$0 == 0x0098
                    0098    873 _RI0	=	0x0098
                    0098    874 G$RI$0$0 == 0x0098
                    0098    875 _RI	=	0x0098
                    0099    876 G$TI0$0$0 == 0x0099
                    0099    877 _TI0	=	0x0099
                    0099    878 G$TI$0$0 == 0x0099
                    0099    879 _TI	=	0x0099
                    009A    880 G$RB80$0$0 == 0x009a
                    009A    881 _RB80	=	0x009a
                    009B    882 G$TB80$0$0 == 0x009b
                    009B    883 _TB80	=	0x009b
                    009C    884 G$REN0$0$0 == 0x009c
                    009C    885 _REN0	=	0x009c
                    009C    886 G$REN$0$0 == 0x009c
                    009C    887 _REN	=	0x009c
                    009D    888 G$SM20$0$0 == 0x009d
                    009D    889 _SM20	=	0x009d
                    009E    890 G$SM10$0$0 == 0x009e
                    009E    891 _SM10	=	0x009e
                    009F    892 G$SM00$0$0 == 0x009f
                    009F    893 _SM00	=	0x009f
                    0098    894 G$RI1$0$0 == 0x0098
                    0098    895 _RI1	=	0x0098
                    0099    896 G$TI1$0$0 == 0x0099
                    0099    897 _TI1	=	0x0099
                    009A    898 G$RB81$0$0 == 0x009a
                    009A    899 _RB81	=	0x009a
                    009B    900 G$TB81$0$0 == 0x009b
                    009B    901 _TB81	=	0x009b
                    009C    902 G$REN1$0$0 == 0x009c
                    009C    903 _REN1	=	0x009c
                    009D    904 G$MCE1$0$0 == 0x009d
                    009D    905 _MCE1	=	0x009d
                    009F    906 G$S1MODE$0$0 == 0x009f
                    009F    907 _S1MODE	=	0x009f
                    00A0    908 G$P2_0$0$0 == 0x00a0
                    00A0    909 _P2_0	=	0x00a0
                    00A1    910 G$P2_1$0$0 == 0x00a1
                    00A1    911 _P2_1	=	0x00a1
                    00A2    912 G$P2_2$0$0 == 0x00a2
                    00A2    913 _P2_2	=	0x00a2
                    00A3    914 G$P2_3$0$0 == 0x00a3
                    00A3    915 _P2_3	=	0x00a3
                    00A4    916 G$P2_4$0$0 == 0x00a4
                    00A4    917 _P2_4	=	0x00a4
                    00A5    918 G$P2_5$0$0 == 0x00a5
                    00A5    919 _P2_5	=	0x00a5
                    00A6    920 G$P2_6$0$0 == 0x00a6
                    00A6    921 _P2_6	=	0x00a6
                    00A7    922 G$P2_7$0$0 == 0x00a7
                    00A7    923 _P2_7	=	0x00a7
                    00A8    924 G$EX0$0$0 == 0x00a8
                    00A8    925 _EX0	=	0x00a8
                    00A9    926 G$ET0$0$0 == 0x00a9
                    00A9    927 _ET0	=	0x00a9
                    00AA    928 G$EX1$0$0 == 0x00aa
                    00AA    929 _EX1	=	0x00aa
                    00AB    930 G$ET1$0$0 == 0x00ab
                    00AB    931 _ET1	=	0x00ab
                    00AC    932 G$ES0$0$0 == 0x00ac
                    00AC    933 _ES0	=	0x00ac
                    00AC    934 G$ES$0$0 == 0x00ac
                    00AC    935 _ES	=	0x00ac
                    00AD    936 G$ET2$0$0 == 0x00ad
                    00AD    937 _ET2	=	0x00ad
                    00AF    938 G$EA$0$0 == 0x00af
                    00AF    939 _EA	=	0x00af
                    00B0    940 G$P3_0$0$0 == 0x00b0
                    00B0    941 _P3_0	=	0x00b0
                    00B1    942 G$P3_1$0$0 == 0x00b1
                    00B1    943 _P3_1	=	0x00b1
                    00B2    944 G$P3_2$0$0 == 0x00b2
                    00B2    945 _P3_2	=	0x00b2
                    00B3    946 G$P3_3$0$0 == 0x00b3
                    00B3    947 _P3_3	=	0x00b3
                    00B4    948 G$P3_4$0$0 == 0x00b4
                    00B4    949 _P3_4	=	0x00b4
                    00B5    950 G$P3_5$0$0 == 0x00b5
                    00B5    951 _P3_5	=	0x00b5
                    00B6    952 G$P3_6$0$0 == 0x00b6
                    00B6    953 _P3_6	=	0x00b6
                    00B7    954 G$P3_7$0$0 == 0x00b7
                    00B7    955 _P3_7	=	0x00b7
                    00B8    956 G$PX0$0$0 == 0x00b8
                    00B8    957 _PX0	=	0x00b8
                    00B9    958 G$PT0$0$0 == 0x00b9
                    00B9    959 _PT0	=	0x00b9
                    00BA    960 G$PX1$0$0 == 0x00ba
                    00BA    961 _PX1	=	0x00ba
                    00BB    962 G$PT1$0$0 == 0x00bb
                    00BB    963 _PT1	=	0x00bb
                    00BC    964 G$PS0$0$0 == 0x00bc
                    00BC    965 _PS0	=	0x00bc
                    00BC    966 G$PS$0$0 == 0x00bc
                    00BC    967 _PS	=	0x00bc
                    00BD    968 G$PT2$0$0 == 0x00bd
                    00BD    969 _PT2	=	0x00bd
                    00C0    970 G$SMBTOE$0$0 == 0x00c0
                    00C0    971 _SMBTOE	=	0x00c0
                    00C1    972 G$SMBFTE$0$0 == 0x00c1
                    00C1    973 _SMBFTE	=	0x00c1
                    00C2    974 G$AA$0$0 == 0x00c2
                    00C2    975 _AA	=	0x00c2
                    00C3    976 G$SI$0$0 == 0x00c3
                    00C3    977 _SI	=	0x00c3
                    00C4    978 G$STO$0$0 == 0x00c4
                    00C4    979 _STO	=	0x00c4
                    00C5    980 G$STA$0$0 == 0x00c5
                    00C5    981 _STA	=	0x00c5
                    00C6    982 G$ENSMB$0$0 == 0x00c6
                    00C6    983 _ENSMB	=	0x00c6
                    00C7    984 G$BUSY$0$0 == 0x00c7
                    00C7    985 _BUSY	=	0x00c7
                    00C0    986 G$MAC0N$0$0 == 0x00c0
                    00C0    987 _MAC0N	=	0x00c0
                    00C1    988 G$MAC0SO$0$0 == 0x00c1
                    00C1    989 _MAC0SO	=	0x00c1
                    00C2    990 G$MAC0Z$0$0 == 0x00c2
                    00C2    991 _MAC0Z	=	0x00c2
                    00C3    992 G$MAC0HO$0$0 == 0x00c3
                    00C3    993 _MAC0HO	=	0x00c3
                    00C8    994 G$CPRL2$0$0 == 0x00c8
                    00C8    995 _CPRL2	=	0x00c8
                    00C9    996 G$CT2$0$0 == 0x00c9
                    00C9    997 _CT2	=	0x00c9
                    00CA    998 G$TR2$0$0 == 0x00ca
                    00CA    999 _TR2	=	0x00ca
                    00CB   1000 G$EXEN2$0$0 == 0x00cb
                    00CB   1001 _EXEN2	=	0x00cb
                    00CE   1002 G$EXF2$0$0 == 0x00ce
                    00CE   1003 _EXF2	=	0x00ce
                    00CF   1004 G$TF2$0$0 == 0x00cf
                    00CF   1005 _TF2	=	0x00cf
                    00C8   1006 G$CPRL3$0$0 == 0x00c8
                    00C8   1007 _CPRL3	=	0x00c8
                    00C9   1008 G$CT3$0$0 == 0x00c9
                    00C9   1009 _CT3	=	0x00c9
                    00CA   1010 G$TR3$0$0 == 0x00ca
                    00CA   1011 _TR3	=	0x00ca
                    00CB   1012 G$EXEN3$0$0 == 0x00cb
                    00CB   1013 _EXEN3	=	0x00cb
                    00CE   1014 G$EXF3$0$0 == 0x00ce
                    00CE   1015 _EXF3	=	0x00ce
                    00CF   1016 G$TF3$0$0 == 0x00cf
                    00CF   1017 _TF3	=	0x00cf
                    00C8   1018 G$CPRL4$0$0 == 0x00c8
                    00C8   1019 _CPRL4	=	0x00c8
                    00C9   1020 G$CT4$0$0 == 0x00c9
                    00C9   1021 _CT4	=	0x00c9
                    00CA   1022 G$TR4$0$0 == 0x00ca
                    00CA   1023 _TR4	=	0x00ca
                    00CB   1024 G$EXEN4$0$0 == 0x00cb
                    00CB   1025 _EXEN4	=	0x00cb
                    00CE   1026 G$EXF4$0$0 == 0x00ce
                    00CE   1027 _EXF4	=	0x00ce
                    00CF   1028 G$TF4$0$0 == 0x00cf
                    00CF   1029 _TF4	=	0x00cf
                    00C8   1030 G$P4_0$0$0 == 0x00c8
                    00C8   1031 _P4_0	=	0x00c8
                    00C9   1032 G$P4_1$0$0 == 0x00c9
                    00C9   1033 _P4_1	=	0x00c9
                    00CA   1034 G$P4_2$0$0 == 0x00ca
                    00CA   1035 _P4_2	=	0x00ca
                    00CB   1036 G$P4_3$0$0 == 0x00cb
                    00CB   1037 _P4_3	=	0x00cb
                    00CC   1038 G$P4_4$0$0 == 0x00cc
                    00CC   1039 _P4_4	=	0x00cc
                    00CD   1040 G$P4_5$0$0 == 0x00cd
                    00CD   1041 _P4_5	=	0x00cd
                    00CE   1042 G$P4_6$0$0 == 0x00ce
                    00CE   1043 _P4_6	=	0x00ce
                    00CF   1044 G$P4_7$0$0 == 0x00cf
                    00CF   1045 _P4_7	=	0x00cf
                    00D0   1046 G$P$0$0 == 0x00d0
                    00D0   1047 _P	=	0x00d0
                    00D1   1048 G$F1$0$0 == 0x00d1
                    00D1   1049 _F1	=	0x00d1
                    00D2   1050 G$OV$0$0 == 0x00d2
                    00D2   1051 _OV	=	0x00d2
                    00D3   1052 G$RS0$0$0 == 0x00d3
                    00D3   1053 _RS0	=	0x00d3
                    00D4   1054 G$RS1$0$0 == 0x00d4
                    00D4   1055 _RS1	=	0x00d4
                    00D5   1056 G$F0$0$0 == 0x00d5
                    00D5   1057 _F0	=	0x00d5
                    00D6   1058 G$AC$0$0 == 0x00d6
                    00D6   1059 _AC	=	0x00d6
                    00D7   1060 G$CY$0$0 == 0x00d7
                    00D7   1061 _CY	=	0x00d7
                    00D8   1062 G$CCF0$0$0 == 0x00d8
                    00D8   1063 _CCF0	=	0x00d8
                    00D9   1064 G$CCF1$0$0 == 0x00d9
                    00D9   1065 _CCF1	=	0x00d9
                    00DA   1066 G$CCF2$0$0 == 0x00da
                    00DA   1067 _CCF2	=	0x00da
                    00DB   1068 G$CCF3$0$0 == 0x00db
                    00DB   1069 _CCF3	=	0x00db
                    00DC   1070 G$CCF4$0$0 == 0x00dc
                    00DC   1071 _CCF4	=	0x00dc
                    00DD   1072 G$CCF5$0$0 == 0x00dd
                    00DD   1073 _CCF5	=	0x00dd
                    00DE   1074 G$CR$0$0 == 0x00de
                    00DE   1075 _CR	=	0x00de
                    00DF   1076 G$CF$0$0 == 0x00df
                    00DF   1077 _CF	=	0x00df
                    00D8   1078 G$P5_0$0$0 == 0x00d8
                    00D8   1079 _P5_0	=	0x00d8
                    00D9   1080 G$P5_1$0$0 == 0x00d9
                    00D9   1081 _P5_1	=	0x00d9
                    00DA   1082 G$P5_2$0$0 == 0x00da
                    00DA   1083 _P5_2	=	0x00da
                    00DB   1084 G$P5_3$0$0 == 0x00db
                    00DB   1085 _P5_3	=	0x00db
                    00DC   1086 G$P5_4$0$0 == 0x00dc
                    00DC   1087 _P5_4	=	0x00dc
                    00DD   1088 G$P5_5$0$0 == 0x00dd
                    00DD   1089 _P5_5	=	0x00dd
                    00DE   1090 G$P5_6$0$0 == 0x00de
                    00DE   1091 _P5_6	=	0x00de
                    00DF   1092 G$P5_7$0$0 == 0x00df
                    00DF   1093 _P5_7	=	0x00df
                    00E8   1094 G$AD0LJST$0$0 == 0x00e8
                    00E8   1095 _AD0LJST	=	0x00e8
                    00E9   1096 G$AD0WINT$0$0 == 0x00e9
                    00E9   1097 _AD0WINT	=	0x00e9
                    00EA   1098 G$AD0CM0$0$0 == 0x00ea
                    00EA   1099 _AD0CM0	=	0x00ea
                    00EB   1100 G$AD0CM1$0$0 == 0x00eb
                    00EB   1101 _AD0CM1	=	0x00eb
                    00EC   1102 G$AD0BUSY$0$0 == 0x00ec
                    00EC   1103 _AD0BUSY	=	0x00ec
                    00ED   1104 G$AD0INT$0$0 == 0x00ed
                    00ED   1105 _AD0INT	=	0x00ed
                    00EE   1106 G$AD0TM$0$0 == 0x00ee
                    00EE   1107 _AD0TM	=	0x00ee
                    00EF   1108 G$AD0EN$0$0 == 0x00ef
                    00EF   1109 _AD0EN	=	0x00ef
                    00E8   1110 G$AD2WINT$0$0 == 0x00e8
                    00E8   1111 _AD2WINT	=	0x00e8
                    00E9   1112 G$AD2CM0$0$0 == 0x00e9
                    00E9   1113 _AD2CM0	=	0x00e9
                    00EA   1114 G$AD2CM1$0$0 == 0x00ea
                    00EA   1115 _AD2CM1	=	0x00ea
                    00EB   1116 G$AD2CM2$0$0 == 0x00eb
                    00EB   1117 _AD2CM2	=	0x00eb
                    00EC   1118 G$AD2BUSY$0$0 == 0x00ec
                    00EC   1119 _AD2BUSY	=	0x00ec
                    00ED   1120 G$AD2INT$0$0 == 0x00ed
                    00ED   1121 _AD2INT	=	0x00ed
                    00EE   1122 G$AD2TM$0$0 == 0x00ee
                    00EE   1123 _AD2TM	=	0x00ee
                    00EF   1124 G$AD2EN$0$0 == 0x00ef
                    00EF   1125 _AD2EN	=	0x00ef
                    00E8   1126 G$P6_0$0$0 == 0x00e8
                    00E8   1127 _P6_0	=	0x00e8
                    00E9   1128 G$P6_1$0$0 == 0x00e9
                    00E9   1129 _P6_1	=	0x00e9
                    00EA   1130 G$P6_2$0$0 == 0x00ea
                    00EA   1131 _P6_2	=	0x00ea
                    00EB   1132 G$P6_3$0$0 == 0x00eb
                    00EB   1133 _P6_3	=	0x00eb
                    00EC   1134 G$P6_4$0$0 == 0x00ec
                    00EC   1135 _P6_4	=	0x00ec
                    00ED   1136 G$P6_5$0$0 == 0x00ed
                    00ED   1137 _P6_5	=	0x00ed
                    00EE   1138 G$P6_6$0$0 == 0x00ee
                    00EE   1139 _P6_6	=	0x00ee
                    00EF   1140 G$P6_7$0$0 == 0x00ef
                    00EF   1141 _P6_7	=	0x00ef
                    00F8   1142 G$SPIEN$0$0 == 0x00f8
                    00F8   1143 _SPIEN	=	0x00f8
                    00F9   1144 G$TXBMT$0$0 == 0x00f9
                    00F9   1145 _TXBMT	=	0x00f9
                    00FA   1146 G$NSSMD0$0$0 == 0x00fa
                    00FA   1147 _NSSMD0	=	0x00fa
                    00FB   1148 G$NSSMD1$0$0 == 0x00fb
                    00FB   1149 _NSSMD1	=	0x00fb
                    00FC   1150 G$RXOVRN$0$0 == 0x00fc
                    00FC   1151 _RXOVRN	=	0x00fc
                    00FD   1152 G$MODF$0$0 == 0x00fd
                    00FD   1153 _MODF	=	0x00fd
                    00FE   1154 G$WCOL$0$0 == 0x00fe
                    00FE   1155 _WCOL	=	0x00fe
                    00FF   1156 G$SPIF$0$0 == 0x00ff
                    00FF   1157 _SPIF	=	0x00ff
                    00F8   1158 G$P7_0$0$0 == 0x00f8
                    00F8   1159 _P7_0	=	0x00f8
                    00F9   1160 G$P7_1$0$0 == 0x00f9
                    00F9   1161 _P7_1	=	0x00f9
                    00FA   1162 G$P7_2$0$0 == 0x00fa
                    00FA   1163 _P7_2	=	0x00fa
                    00FB   1164 G$P7_3$0$0 == 0x00fb
                    00FB   1165 _P7_3	=	0x00fb
                    00FC   1166 G$P7_4$0$0 == 0x00fc
                    00FC   1167 _P7_4	=	0x00fc
                    00FD   1168 G$P7_5$0$0 == 0x00fd
                    00FD   1169 _P7_5	=	0x00fd
                    00FE   1170 G$P7_6$0$0 == 0x00fe
                    00FE   1171 _P7_6	=	0x00fe
                    00FF   1172 G$P7_7$0$0 == 0x00ff
                    00FF   1173 _P7_7	=	0x00ff
                           1174 ;--------------------------------------------------------
                           1175 ; overlayable register banks
                           1176 ;--------------------------------------------------------
                           1177 	.area REG_BANK_0	(REL,OVR,DATA)
   0000                    1178 	.ds 8
                           1179 ;--------------------------------------------------------
                           1180 ; internal ram data
                           1181 ;--------------------------------------------------------
                           1182 	.area DSEG    (DATA)
                           1183 ;--------------------------------------------------------
                           1184 ; overlayable items in internal ram 
                           1185 ;--------------------------------------------------------
                           1186 	.area OSEG    (OVR,DATA)
                           1187 ;--------------------------------------------------------
                           1188 ; indirectly addressable internal ram data
                           1189 ;--------------------------------------------------------
                           1190 	.area ISEG    (DATA)
                           1191 ;--------------------------------------------------------
                           1192 ; absolute internal ram data
                           1193 ;--------------------------------------------------------
                           1194 	.area IABS    (ABS,DATA)
                           1195 	.area IABS    (ABS,DATA)
                           1196 ;--------------------------------------------------------
                           1197 ; bit data
                           1198 ;--------------------------------------------------------
                           1199 	.area BSEG    (BIT)
                           1200 ;--------------------------------------------------------
                           1201 ; paged external ram data
                           1202 ;--------------------------------------------------------
                           1203 	.area PSEG    (PAG,XDATA)
                           1204 ;--------------------------------------------------------
                           1205 ; external ram data
                           1206 ;--------------------------------------------------------
                           1207 	.area XSEG    (XDATA)
                    8000   1208 G$NIC_REG$0$0 == 0x8000
                    8000   1209 _NIC_REG	=	0x8000
                    8100   1210 G$NIC_DAT$0$0 == 0x8100
                    8100   1211 _NIC_DAT	=	0x8100
                    0000   1212 Lputchar$a$1$1==.
   0000                    1213 _putchar_a_1_1:
   0000                    1214 	.ds 1
                           1215 ;--------------------------------------------------------
                           1216 ; absolute external ram data
                           1217 ;--------------------------------------------------------
                           1218 	.area XABS    (ABS,XDATA)
                           1219 ;--------------------------------------------------------
                           1220 ; external initialized ram data
                           1221 ;--------------------------------------------------------
                           1222 	.area XISEG   (XDATA)
                           1223 	.area HOME    (CODE)
                           1224 	.area GSINIT0 (CODE)
                           1225 	.area GSINIT1 (CODE)
                           1226 	.area GSINIT2 (CODE)
                           1227 	.area GSINIT3 (CODE)
                           1228 	.area GSINIT4 (CODE)
                           1229 	.area GSINIT5 (CODE)
                           1230 	.area GSINIT  (CODE)
                           1231 	.area GSFINAL (CODE)
                           1232 	.area CSEG    (CODE)
                           1233 ;--------------------------------------------------------
                           1234 ; global & static initialisations
                           1235 ;--------------------------------------------------------
                           1236 	.area HOME    (CODE)
                           1237 	.area GSINIT  (CODE)
                           1238 	.area GSFINAL (CODE)
                           1239 	.area GSINIT  (CODE)
                           1240 ;--------------------------------------------------------
                           1241 ; Home
                           1242 ;--------------------------------------------------------
                           1243 	.area HOME    (CODE)
                           1244 	.area HOME    (CODE)
                           1245 ;--------------------------------------------------------
                           1246 ; code
                           1247 ;--------------------------------------------------------
                           1248 	.area CSEG    (CODE)
                           1249 ;------------------------------------------------------------
                           1250 ;Allocation info for local variables in function 'CUart_init'
                           1251 ;------------------------------------------------------------
                           1252 ;timer                     Allocated to stack - offset -3
                           1253 ;baud                      Allocated to registers r2 
                           1254 ;------------------------------------------------------------
                    0000   1255 	G$CUart_init$0$0 ==.
                    0000   1256 	C$CUart.c$63$0$0 ==.
                           1257 ;	..\ip_avenger\CUart.c:63: char CUart_init(u8_t baud, char timer) __reentrant
                           1258 ;	-----------------------------------------
                           1259 ;	 function CUart_init
                           1260 ;	-----------------------------------------
   0000                    1261 _CUart_init:
                    0002   1262 	ar2 = 0x02
                    0003   1263 	ar3 = 0x03
                    0004   1264 	ar4 = 0x04
                    0005   1265 	ar5 = 0x05
                    0006   1266 	ar6 = 0x06
                    0007   1267 	ar7 = 0x07
                    0000   1268 	ar0 = 0x00
                    0001   1269 	ar1 = 0x01
   0000 C0*00              1270 	push	_bp
   0002 85 81*00           1271 	mov	_bp,sp
   0005 AA 82              1272 	mov	r2,dpl
                    0007   1273 	C$CUart.c$65$1$1 ==.
                           1274 ;	..\ip_avenger\CUart.c:65: if (timer == UART_TIMER1) {
   0007 A8*00              1275 	mov	r0,_bp
   0009 18                 1276 	dec	r0
   000A 18                 1277 	dec	r0
   000B 18                 1278 	dec	r0
   000C B6 01 33           1279 	cjne	@r0,#0x01,00107$
                    000F   1280 	C$CUart.c$67$2$2 ==.
                           1281 ;	..\ip_avenger\CUart.c:67: SFRPAGE = TIMER01_PAGE;             // Set the correct SFR page
   000F 75 84 00           1282 	mov	_SFRPAGE,#0x00
                    0012   1283 	C$CUart.c$69$2$2 ==.
                           1284 ;	..\ip_avenger\CUart.c:69: if ((baud == BAUD_UNDEFINED) || (baud >= BAUD_END))
   0012 EA                 1285 	mov	a,r2
   0013 60 05              1286 	jz	00101$
   0015 BA 02 00           1287 	cjne	r2,#0x02,00117$
   0018                    1288 00117$:
   0018 40 05              1289 	jc	00102$
   001A                    1290 00101$:
                    001A   1291 	C$CUart.c$70$2$2 ==.
                           1292 ;	..\ip_avenger\CUart.c:70: return -1;                        // Return if the wanted baudrate is out of bounds
   001A 75 82 FF           1293 	mov	dpl,#0xFF
   001D 80 52              1294 	sjmp	00109$
   001F                    1295 00102$:
                    001F   1296 	C$CUart.c$71$2$2 ==.
                           1297 ;	..\ip_avenger\CUart.c:71: TMOD |= 0x20;                       // TMOD: timer 1, mode 2, 8-bit reload
   001F 43 89 20           1298 	orl	_TMOD,#0x20
                    0022   1299 	C$CUart.c$72$2$2 ==.
                           1300 ;	..\ip_avenger\CUart.c:72: TH1 = baudrates[baud-1];            // set Timer1 reload value for baudrate
   0022 EA                 1301 	mov	a,r2
   0023 14                 1302 	dec	a
   0024 90s00r00           1303 	mov	dptr,#_baudrates
   0027 93                 1304 	movc	a,@a+dptr
   0028 F5 8D              1305 	mov	_TH1,a
                    002A   1306 	C$CUart.c$73$2$2 ==.
                           1307 ;	..\ip_avenger\CUart.c:73: CKCON |= 0x10;                      // Timer1 uses SYSCLK as time base
   002A 43 8E 10           1308 	orl	_CKCON,#0x10
                    002D   1309 	C$CUart.c$74$2$2 ==.
                           1310 ;	..\ip_avenger\CUart.c:74: TR1 = 1;                            // start Timer1
   002D D2 8E              1311 	setb	_TR1
                    002F   1312 	C$CUart.c$77$2$2 ==.
                           1313 ;	..\ip_avenger\CUart.c:77: SFRPAGE = UART0_PAGE;
   002F 75 84 00           1314 	mov	_SFRPAGE,#0x00
                    0032   1315 	C$CUart.c$78$2$2 ==.
                           1316 ;	..\ip_avenger\CUart.c:78: SCON0 = 0x50;                       // SCON0: mode 1, 8-bit UART, enable RX
   0032 75 98 50           1317 	mov	_SCON0,#0x50
                    0035   1318 	C$CUart.c$79$2$2 ==.
                           1319 ;	..\ip_avenger\CUart.c:79: SSTA0 = 0x10;                       // Set baud rate doubler.
   0035 75 91 10           1320 	mov	_SSTA0,#0x10
                    0038   1321 	C$CUart.c$84$2$2 ==.
                           1322 ;	..\ip_avenger\CUart.c:84: TI0 = 1;
   0038 D2 99              1323 	setb	_TI0
                    003A   1324 	C$CUart.c$86$2$2 ==.
                           1325 ;	..\ip_avenger\CUart.c:86: SFRPAGE = LEGACY_PAGE;              // Reset to legacy SFR page
   003A 75 84 00           1326 	mov	_SFRPAGE,#0x00
                    003D   1327 	C$CUart.c$88$2$2 ==.
                           1328 ;	..\ip_avenger\CUart.c:88: return 0;
   003D 75 82 00           1329 	mov	dpl,#0x00
   0040 80 2F              1330 	sjmp	00109$
   0042                    1331 00107$:
                    0042   1332 	C$CUart.c$91$2$3 ==.
                           1333 ;	..\ip_avenger\CUart.c:91: if (timer == UART_TIMER2) {
   0042 A8*00              1334 	mov	r0,_bp
   0044 18                 1335 	dec	r0
   0045 18                 1336 	dec	r0
   0046 18                 1337 	dec	r0
   0047 B6 02 24           1338 	cjne	@r0,#0x02,00108$
                    004A   1339 	C$CUart.c$92$3$4 ==.
                           1340 ;	..\ip_avenger\CUart.c:92: SFRPAGE   = TMR2_PAGE;
   004A 75 84 00           1341 	mov	_SFRPAGE,#0x00
                    004D   1342 	C$CUart.c$93$3$4 ==.
                           1343 ;	..\ip_avenger\CUart.c:93: TMR2CN    = 0x04;
   004D 75 C8 04           1344 	mov	_TMR2CN,#0x04
                    0050   1345 	C$CUart.c$94$3$4 ==.
                           1346 ;	..\ip_avenger\CUart.c:94: TMR2CF    = 0x08;
   0050 75 C9 08           1347 	mov	_TMR2CF,#0x08
                    0053   1348 	C$CUart.c$95$3$4 ==.
                           1349 ;	..\ip_avenger\CUart.c:95: RCAP2L    = 0xF5;
   0053 75 CA F5           1350 	mov	_RCAP2L,#0xF5
                    0056   1351 	C$CUart.c$96$3$4 ==.
                           1352 ;	..\ip_avenger\CUart.c:96: RCAP2H    = 0xFF;
   0056 75 CB FF           1353 	mov	_RCAP2H,#0xFF
                    0059   1354 	C$CUart.c$97$3$4 ==.
                           1355 ;	..\ip_avenger\CUart.c:97: TR2 = 1;
   0059 D2 CA              1356 	setb	_TR2
                    005B   1357 	C$CUart.c$99$3$4 ==.
                           1358 ;	..\ip_avenger\CUart.c:99: SFRPAGE = UART0_PAGE;
   005B 75 84 00           1359 	mov	_SFRPAGE,#0x00
                    005E   1360 	C$CUart.c$100$3$4 ==.
                           1361 ;	..\ip_avenger\CUart.c:100: SCON0 = 0x50;                     // SCON0: mode 1, 8-bit UART, enable RX
   005E 75 98 50           1362 	mov	_SCON0,#0x50
                    0061   1363 	C$CUart.c$101$3$4 ==.
                           1364 ;	..\ip_avenger\CUart.c:101: SSTA0 = 0x05;                     // Use timer 2 for tx and rx baud rate
   0061 75 91 05           1365 	mov	_SSTA0,#0x05
                    0064   1366 	C$CUart.c$103$3$4 ==.
                           1367 ;	..\ip_avenger\CUart.c:103: TI0 = 1;
   0064 D2 99              1368 	setb	_TI0
                    0066   1369 	C$CUart.c$104$3$4 ==.
                           1370 ;	..\ip_avenger\CUart.c:104: SFRPAGE = LEGACY_PAGE;            // Reset to legacy SFR page
   0066 75 84 00           1371 	mov	_SFRPAGE,#0x00
                    0069   1372 	C$CUart.c$105$3$4 ==.
                           1373 ;	..\ip_avenger\CUart.c:105: return 0;
   0069 75 82 00           1374 	mov	dpl,#0x00
   006C 80 03              1375 	sjmp	00109$
   006E                    1376 00108$:
                    006E   1377 	C$CUart.c$111$1$1 ==.
                           1378 ;	..\ip_avenger\CUart.c:111: return -1;
   006E 75 82 FF           1379 	mov	dpl,#0xFF
   0071                    1380 00109$:
   0071 D0*00              1381 	pop	_bp
                    0073   1382 	C$CUart.c$112$1$1 ==.
                    0073   1383 	XG$CUart_init$0$0 ==.
   0073 22                 1384 	ret
                           1385 ;------------------------------------------------------------
                           1386 ;Allocation info for local variables in function 'putchar'
                           1387 ;------------------------------------------------------------
                           1388 ;a                         Allocated with name '_putchar_a_1_1'
                           1389 ;------------------------------------------------------------
                    0074   1390 	G$putchar$0$0 ==.
                    0074   1391 	C$CUart.c$120$1$1 ==.
                           1392 ;	..\ip_avenger\CUart.c:120: void putchar(char a)
                           1393 ;	-----------------------------------------
                           1394 ;	 function putchar
                           1395 ;	-----------------------------------------
   0074                    1396 _putchar:
   0074 E5 82              1397 	mov	a,dpl
   0076 90s00r00           1398 	mov	dptr,#_putchar_a_1_1
   0079 F0                 1399 	movx	@dptr,a
                    007A   1400 	C$CUart.c$123$1$1 ==.
                           1401 ;	..\ip_avenger\CUart.c:123: SFRPAGE = UART0_PAGE;                 // Set the correct SFR page
   007A 75 84 00           1402 	mov	_SFRPAGE,#0x00
                    007D   1403 	C$CUart.c$125$1$1 ==.
                           1404 ;	..\ip_avenger\CUart.c:125: while (TI0 == 0);
   007D                    1405 00101$:
   007D 30 99 FD           1406 	jnb	_TI0,00101$
                    0080   1407 	C$CUart.c$126$1$1 ==.
                           1408 ;	..\ip_avenger\CUart.c:126: SBUF0 = a;
   0080 90s00r00           1409 	mov	dptr,#_putchar_a_1_1
   0083 E0                 1410 	movx	a,@dptr
   0084 F5 99              1411 	mov	_SBUF0,a
                    0086   1412 	C$CUart.c$127$1$1 ==.
                           1413 ;	..\ip_avenger\CUart.c:127: TI0 = 0;
   0086 C2 99              1414 	clr	_TI0
                    0088   1415 	C$CUart.c$129$1$1 ==.
                           1416 ;	..\ip_avenger\CUart.c:129: SFRPAGE = LEGACY_PAGE;                // Reset to legacy SFR page
   0088 75 84 00           1417 	mov	_SFRPAGE,#0x00
                    008B   1418 	C$CUart.c$131$1$1 ==.
                    008B   1419 	XG$putchar$0$0 ==.
   008B 22                 1420 	ret
                           1421 	.area CSEG    (CODE)
                           1422 	.area CONST   (CODE)
                    0000   1423 G$baudrates$0$0 == .
   0000                    1424 _baudrates:
   0000 F5                 1425 	.db #0xF5
                           1426 	.area XINIT   (CODE)
                           1427 	.area CABS    (ABS,CODE)
