                              1 ;--------------------------------------------------------
                              2 ; File Created by SDCC : free open source ANSI-C Compiler
                              3 ; Version 2.8.0 #5117 (Mar 23 2008) (MINGW32)
                              4 ; This file was generated Sun Jan 30 19:17:13 2011
                              5 ;--------------------------------------------------------
                              6 	.module base64
                              7 	.optsdcc -mmcs51 --model-large
                              8 	
                              9 ;--------------------------------------------------------
                             10 ; Public variables in this module
                             11 ;--------------------------------------------------------
                             12 	.globl _encode64
                             13 	.globl _encodeblock64
                             14 	.globl _encode64_PARM_2
                             15 ;--------------------------------------------------------
                             16 ; special function registers
                             17 ;--------------------------------------------------------
                             18 	.area RSEG    (DATA)
                             19 ;--------------------------------------------------------
                             20 ; special function bits
                             21 ;--------------------------------------------------------
                             22 	.area RSEG    (DATA)
                             23 ;--------------------------------------------------------
                             24 ; overlayable register banks
                             25 ;--------------------------------------------------------
                             26 	.area REG_BANK_0	(REL,OVR,DATA)
   0000                      27 	.ds 8
                             28 ;--------------------------------------------------------
                             29 ; internal ram data
                             30 ;--------------------------------------------------------
                             31 	.area DSEG    (DATA)
                             32 ;--------------------------------------------------------
                             33 ; overlayable items in internal ram 
                             34 ;--------------------------------------------------------
                             35 	.area OSEG    (OVR,DATA)
                             36 ;--------------------------------------------------------
                             37 ; indirectly addressable internal ram data
                             38 ;--------------------------------------------------------
                             39 	.area ISEG    (DATA)
                             40 ;--------------------------------------------------------
                             41 ; absolute internal ram data
                             42 ;--------------------------------------------------------
                             43 	.area IABS    (ABS,DATA)
                             44 	.area IABS    (ABS,DATA)
                             45 ;--------------------------------------------------------
                             46 ; bit data
                             47 ;--------------------------------------------------------
                             48 	.area BSEG    (BIT)
                             49 ;--------------------------------------------------------
                             50 ; paged external ram data
                             51 ;--------------------------------------------------------
                             52 	.area PSEG    (PAG,XDATA)
                             53 ;--------------------------------------------------------
                             54 ; external ram data
                             55 ;--------------------------------------------------------
                             56 	.area XSEG    (XDATA)
                    0000     57 Lencode64$outstr$1$1==.
   0000                      58 _encode64_PARM_2:
   0000                      59 	.ds 3
                    0003     60 Lencode64$instr$1$1==.
   0003                      61 _encode64_instr_1_1:
   0003                      62 	.ds 3
                    0006     63 Lencode64$in$1$1==.
   0006                      64 _encode64_in_1_1:
   0006                      65 	.ds 3
                    0009     66 Lencode64$out$1$1==.
   0009                      67 _encode64_out_1_1:
   0009                      68 	.ds 4
                             69 ;--------------------------------------------------------
                             70 ; absolute external ram data
                             71 ;--------------------------------------------------------
                             72 	.area XABS    (ABS,XDATA)
                             73 ;--------------------------------------------------------
                             74 ; external initialized ram data
                             75 ;--------------------------------------------------------
                             76 	.area XISEG   (XDATA)
                             77 	.area HOME    (CODE)
                             78 	.area GSINIT0 (CODE)
                             79 	.area GSINIT1 (CODE)
                             80 	.area GSINIT2 (CODE)
                             81 	.area GSINIT3 (CODE)
                             82 	.area GSINIT4 (CODE)
                             83 	.area GSINIT5 (CODE)
                             84 	.area GSINIT  (CODE)
                             85 	.area GSFINAL (CODE)
                             86 	.area CSEG    (CODE)
                             87 ;--------------------------------------------------------
                             88 ; global & static initialisations
                             89 ;--------------------------------------------------------
                             90 	.area HOME    (CODE)
                             91 	.area GSINIT  (CODE)
                             92 	.area GSFINAL (CODE)
                             93 	.area GSINIT  (CODE)
                             94 ;--------------------------------------------------------
                             95 ; Home
                             96 ;--------------------------------------------------------
                             97 	.area HOME    (CODE)
                             98 	.area HOME    (CODE)
                             99 ;--------------------------------------------------------
                            100 ; code
                            101 ;--------------------------------------------------------
                            102 	.area CSEG    (CODE)
                            103 ;------------------------------------------------------------
                            104 ;Allocation info for local variables in function 'encodeblock64'
                            105 ;------------------------------------------------------------
                            106 ;out                       Allocated to stack - offset -5
                            107 ;len                       Allocated to stack - offset -7
                            108 ;in                        Allocated to stack - offset 1
                            109 ;sloc0                     Allocated to stack - offset 4
                            110 ;sloc1                     Allocated to stack - offset 5
                            111 ;------------------------------------------------------------
                    0000    112 	G$encodeblock64$0$0 ==.
                    0000    113 	C$base64.c$219$0$0 ==.
                            114 ;	..\apps\webserver\base64.c:219: void encodeblock64( unsigned char in[3], unsigned char out[4], int len ) __reentrant
                            115 ;	-----------------------------------------
                            116 ;	 function encodeblock64
                            117 ;	-----------------------------------------
   0000                     118 _encodeblock64:
                    0002    119 	ar2 = 0x02
                    0003    120 	ar3 = 0x03
                    0004    121 	ar4 = 0x04
                    0005    122 	ar5 = 0x05
                    0006    123 	ar6 = 0x06
                    0007    124 	ar7 = 0x07
                    0000    125 	ar0 = 0x00
                    0001    126 	ar1 = 0x01
   0000 C0*00               127 	push	_bp
   0002 85 81*00            128 	mov	_bp,sp
   0005 C0 82               129 	push	dpl
   0007 C0 83               130 	push	dph
   0009 C0 F0               131 	push	b
   000B E5 81               132 	mov	a,sp
   000D 24 07               133 	add	a,#0x07
   000F F5 81               134 	mov	sp,a
                    0011    135 	C$base64.c$221$1$1 ==.
                            136 ;	..\apps\webserver\base64.c:221: out[0] = cb64[ in[0] >> 2 ];
   0011 E5*00               137 	mov	a,_bp
   0013 24 FB               138 	add	a,#0xfb
   0015 F8                  139 	mov	r0,a
   0016 86 05               140 	mov	ar5,@r0
   0018 08                  141 	inc	r0
   0019 86 06               142 	mov	ar6,@r0
   001B 08                  143 	inc	r0
   001C 86 07               144 	mov	ar7,@r0
   001E A8*00               145 	mov	r0,_bp
   0020 08                  146 	inc	r0
   0021 86 82               147 	mov	dpl,@r0
   0023 08                  148 	inc	r0
   0024 86 83               149 	mov	dph,@r0
   0026 08                  150 	inc	r0
   0027 86 F0               151 	mov	b,@r0
   0029 12s00r00            152 	lcall	__gptrget
   002C FA                  153 	mov	r2,a
   002D 03                  154 	rr	a
   002E 03                  155 	rr	a
   002F 54 3F               156 	anl	a,#0x3f
   0031 90s00r00            157 	mov	dptr,#_cb64
   0034 93                  158 	movc	a,@a+dptr
   0035 8D 82               159 	mov	dpl,r5
   0037 8E 83               160 	mov	dph,r6
   0039 8F F0               161 	mov	b,r7
   003B 12s00r00            162 	lcall	__gptrput
                    003E    163 	C$base64.c$222$1$1 ==.
                            164 ;	..\apps\webserver\base64.c:222: out[1] = cb64[ ((in[0] & 0x03) << 4) | ((in[1] & 0xf0) >> 4) ];
   003E E5*00               165 	mov	a,_bp
   0040 24 05               166 	add	a,#0x05
   0042 F8                  167 	mov	r0,a
   0043 74 01               168 	mov	a,#0x01
   0045 2D                  169 	add	a,r5
   0046 F6                  170 	mov	@r0,a
   0047 E4                  171 	clr	a
   0048 3E                  172 	addc	a,r6
   0049 08                  173 	inc	r0
   004A F6                  174 	mov	@r0,a
   004B 08                  175 	inc	r0
   004C A6 07               176 	mov	@r0,ar7
   004E 53 02 03            177 	anl	ar2,#0x03
   0051 E5*00               178 	mov	a,_bp
   0053 24 04               179 	add	a,#0x04
   0055 F8                  180 	mov	r0,a
   0056 EA                  181 	mov	a,r2
   0057 C4                  182 	swap	a
   0058 54 F0               183 	anl	a,#0xf0
   005A F6                  184 	mov	@r0,a
   005B A8*00               185 	mov	r0,_bp
   005D 08                  186 	inc	r0
   005E 74 01               187 	mov	a,#0x01
   0060 26                  188 	add	a,@r0
   0061 FB                  189 	mov	r3,a
   0062 E4                  190 	clr	a
   0063 08                  191 	inc	r0
   0064 36                  192 	addc	a,@r0
   0065 FC                  193 	mov	r4,a
   0066 08                  194 	inc	r0
   0067 86 02               195 	mov	ar2,@r0
   0069 8B 82               196 	mov	dpl,r3
   006B 8C 83               197 	mov	dph,r4
   006D 8A F0               198 	mov	b,r2
   006F 12s00r00            199 	lcall	__gptrget
   0072 FA                  200 	mov	r2,a
   0073 74 F0               201 	mov	a,#0xF0
   0075 5A                  202 	anl	a,r2
   0076 C4                  203 	swap	a
   0077 54 0F               204 	anl	a,#0x0f
   0079 FB                  205 	mov	r3,a
   007A E5*00               206 	mov	a,_bp
   007C 24 04               207 	add	a,#0x04
   007E F8                  208 	mov	r0,a
   007F EB                  209 	mov	a,r3
   0080 46                  210 	orl	a,@r0
   0081 90s00r00            211 	mov	dptr,#_cb64
   0084 93                  212 	movc	a,@a+dptr
   0085 FB                  213 	mov	r3,a
   0086 E5*00               214 	mov	a,_bp
   0088 24 05               215 	add	a,#0x05
   008A F8                  216 	mov	r0,a
   008B 86 82               217 	mov	dpl,@r0
   008D 08                  218 	inc	r0
   008E 86 83               219 	mov	dph,@r0
   0090 08                  220 	inc	r0
   0091 86 F0               221 	mov	b,@r0
   0093 EB                  222 	mov	a,r3
   0094 12s00r00            223 	lcall	__gptrput
                    0097    224 	C$base64.c$223$1$1 ==.
                            225 ;	..\apps\webserver\base64.c:223: out[2] = (unsigned char) (len > 1 ? cb64[ ((in[1] & 0x0f) << 2) | ((in[2] & 0xc0) >> 6) ] : '=');
   0097 E5*00               226 	mov	a,_bp
   0099 24 05               227 	add	a,#0x05
   009B F8                  228 	mov	r0,a
   009C 74 02               229 	mov	a,#0x02
   009E 2D                  230 	add	a,r5
   009F F6                  231 	mov	@r0,a
   00A0 E4                  232 	clr	a
   00A1 3E                  233 	addc	a,r6
   00A2 08                  234 	inc	r0
   00A3 F6                  235 	mov	@r0,a
   00A4 08                  236 	inc	r0
   00A5 A6 07               237 	mov	@r0,ar7
   00A7 E5*00               238 	mov	a,_bp
   00A9 24 F9               239 	add	a,#0xf9
   00AB F8                  240 	mov	r0,a
   00AC C3                  241 	clr	c
   00AD 74 01               242 	mov	a,#0x01
   00AF 96                  243 	subb	a,@r0
   00B0 74 80               244 	mov	a,#(0x00 ^ 0x80)
   00B2 08                  245 	inc	r0
   00B3 86 F0               246 	mov	b,@r0
   00B5 63 F0 80            247 	xrl	b,#0x80
   00B8 95 F0               248 	subb	a,b
   00BA 50 3A               249 	jnc	00103$
   00BC C0 05               250 	push	ar5
   00BE C0 06               251 	push	ar6
   00C0 C0 07               252 	push	ar7
   00C2 53 02 0F            253 	anl	ar2,#0x0F
   00C5 EA                  254 	mov	a,r2
   00C6 2A                  255 	add	a,r2
   00C7 25 E0               256 	add	a,acc
   00C9 FA                  257 	mov	r2,a
   00CA A8*00               258 	mov	r0,_bp
   00CC 08                  259 	inc	r0
   00CD 74 02               260 	mov	a,#0x02
   00CF 26                  261 	add	a,@r0
   00D0 FB                  262 	mov	r3,a
   00D1 E4                  263 	clr	a
   00D2 08                  264 	inc	r0
   00D3 36                  265 	addc	a,@r0
   00D4 FC                  266 	mov	r4,a
   00D5 08                  267 	inc	r0
   00D6 86 05               268 	mov	ar5,@r0
   00D8 8B 82               269 	mov	dpl,r3
   00DA 8C 83               270 	mov	dph,r4
   00DC 8D F0               271 	mov	b,r5
   00DE 12s00r00            272 	lcall	__gptrget
   00E1 54 C0               273 	anl	a,#0xC0
   00E3 23                  274 	rl	a
   00E4 23                  275 	rl	a
   00E5 54 03               276 	anl	a,#0x03
   00E7 FB                  277 	mov	r3,a
   00E8 4A                  278 	orl	a,r2
   00E9 90s00r00            279 	mov	dptr,#_cb64
   00EC 93                  280 	movc	a,@a+dptr
   00ED FA                  281 	mov	r2,a
   00EE D0 07               282 	pop	ar7
   00F0 D0 06               283 	pop	ar6
   00F2 D0 05               284 	pop	ar5
   00F4 80 02               285 	sjmp	00104$
   00F6                     286 00103$:
   00F6 7A 3D               287 	mov	r2,#0x3D
   00F8                     288 00104$:
   00F8 E5*00               289 	mov	a,_bp
   00FA 24 05               290 	add	a,#0x05
   00FC F8                  291 	mov	r0,a
   00FD 86 82               292 	mov	dpl,@r0
   00FF 08                  293 	inc	r0
   0100 86 83               294 	mov	dph,@r0
   0102 08                  295 	inc	r0
   0103 86 F0               296 	mov	b,@r0
   0105 EA                  297 	mov	a,r2
   0106 12s00r00            298 	lcall	__gptrput
                    0109    299 	C$base64.c$224$1$1 ==.
                            300 ;	..\apps\webserver\base64.c:224: out[3] = (unsigned char) (len > 2 ? cb64[ in[2] & 0x3f ] : '=');
   0109 74 03               301 	mov	a,#0x03
   010B 2D                  302 	add	a,r5
   010C FA                  303 	mov	r2,a
   010D E4                  304 	clr	a
   010E 3E                  305 	addc	a,r6
   010F FB                  306 	mov	r3,a
   0110 8F 04               307 	mov	ar4,r7
   0112 E5*00               308 	mov	a,_bp
   0114 24 F9               309 	add	a,#0xf9
   0116 F8                  310 	mov	r0,a
   0117 C3                  311 	clr	c
   0118 74 02               312 	mov	a,#0x02
   011A 96                  313 	subb	a,@r0
   011B 74 80               314 	mov	a,#(0x00 ^ 0x80)
   011D 08                  315 	inc	r0
   011E 86 F0               316 	mov	b,@r0
   0120 63 F0 80            317 	xrl	b,#0x80
   0123 95 F0               318 	subb	a,b
   0125 50 22               319 	jnc	00105$
   0127 A8*00               320 	mov	r0,_bp
   0129 08                  321 	inc	r0
   012A 74 02               322 	mov	a,#0x02
   012C 26                  323 	add	a,@r0
   012D FD                  324 	mov	r5,a
   012E E4                  325 	clr	a
   012F 08                  326 	inc	r0
   0130 36                  327 	addc	a,@r0
   0131 FE                  328 	mov	r6,a
   0132 08                  329 	inc	r0
   0133 86 07               330 	mov	ar7,@r0
   0135 8D 82               331 	mov	dpl,r5
   0137 8E 83               332 	mov	dph,r6
   0139 8F F0               333 	mov	b,r7
   013B 12s00r00            334 	lcall	__gptrget
   013E FD                  335 	mov	r5,a
   013F 74 3F               336 	mov	a,#0x3F
   0141 5D                  337 	anl	a,r5
   0142 90s00r00            338 	mov	dptr,#_cb64
   0145 93                  339 	movc	a,@a+dptr
   0146 FD                  340 	mov	r5,a
   0147 80 02               341 	sjmp	00106$
   0149                     342 00105$:
   0149 7D 3D               343 	mov	r5,#0x3D
   014B                     344 00106$:
   014B 8A 82               345 	mov	dpl,r2
   014D 8B 83               346 	mov	dph,r3
   014F 8C F0               347 	mov	b,r4
   0151 ED                  348 	mov	a,r5
   0152 12s00r00            349 	lcall	__gptrput
   0155 85*00 81            350 	mov	sp,_bp
   0158 D0*00               351 	pop	_bp
                    015A    352 	C$base64.c$225$1$1 ==.
                    015A    353 	XG$encodeblock64$0$0 ==.
   015A 22                  354 	ret
                            355 ;------------------------------------------------------------
                            356 ;Allocation info for local variables in function 'encode64'
                            357 ;------------------------------------------------------------
                            358 ;outstr                    Allocated with name '_encode64_PARM_2'
                            359 ;instr                     Allocated with name '_encode64_instr_1_1'
                            360 ;in                        Allocated with name '_encode64_in_1_1'
                            361 ;out                       Allocated with name '_encode64_out_1_1'
                            362 ;i                         Allocated with name '_encode64_i_1_1'
                            363 ;len                       Allocated with name '_encode64_len_1_1'
                            364 ;------------------------------------------------------------
                    015B    365 	G$encode64$0$0 ==.
                    015B    366 	C$base64.c$232$1$1 ==.
                            367 ;	..\apps\webserver\base64.c:232: void encode64( const char *instr, char *outstr)
                            368 ;	-----------------------------------------
                            369 ;	 function encode64
                            370 ;	-----------------------------------------
   015B                     371 _encode64:
   015B AA F0               372 	mov	r2,b
   015D AB 83               373 	mov	r3,dph
   015F E5 82               374 	mov	a,dpl
   0161 90s00r03            375 	mov	dptr,#_encode64_instr_1_1
   0164 F0                  376 	movx	@dptr,a
   0165 A3                  377 	inc	dptr
   0166 EB                  378 	mov	a,r3
   0167 F0                  379 	movx	@dptr,a
   0168 A3                  380 	inc	dptr
   0169 EA                  381 	mov	a,r2
   016A F0                  382 	movx	@dptr,a
                    016B    383 	C$base64.c$237$3$3 ==.
                            384 ;	..\apps\webserver\base64.c:237: while(*instr)
   016B                     385 00105$:
   016B 90s00r03            386 	mov	dptr,#_encode64_instr_1_1
   016E E0                  387 	movx	a,@dptr
   016F FA                  388 	mov	r2,a
   0170 A3                  389 	inc	dptr
   0171 E0                  390 	movx	a,@dptr
   0172 FB                  391 	mov	r3,a
   0173 A3                  392 	inc	dptr
   0174 E0                  393 	movx	a,@dptr
   0175 FC                  394 	mov	r4,a
   0176 8A 82               395 	mov	dpl,r2
   0178 8B 83               396 	mov	dph,r3
   017A 8C F0               397 	mov	b,r4
   017C 12s00r00            398 	lcall	__gptrget
   017F 70 03               399 	jnz	00127$
   0181 02s02r4B            400 	ljmp	00107$
   0184                     401 00127$:
                    0184    402 	C$base64.c$240$1$1 ==.
                            403 ;	..\apps\webserver\base64.c:240: for( i = 0; i < 3; i++ ) {
   0184 7D 00               404 	mov	r5,#0x00
   0186 7E 00               405 	mov	r6,#0x00
   0188 7F 00               406 	mov	r7,#0x00
   018A 78 00               407 	mov	r0,#0x00
   018C                     408 00108$:
   018C C3                  409 	clr	c
   018D EF                  410 	mov	a,r7
   018E 94 03               411 	subb	a,#0x03
   0190 E8                  412 	mov	a,r0
   0191 64 80               413 	xrl	a,#0x80
   0193 94 80               414 	subb	a,#0x80
   0195 50 3E               415 	jnc	00126$
                    0197    416 	C$base64.c$241$1$1 ==.
                            417 ;	..\apps\webserver\base64.c:241: in[i] = *instr;
   0197 C0 05               418 	push	ar5
   0199 C0 06               419 	push	ar6
   019B EF                  420 	mov	a,r7
   019C 24r06               421 	add	a,#_encode64_in_1_1
   019E F9                  422 	mov	r1,a
   019F E8                  423 	mov	a,r0
   01A0 34s00               424 	addc	a,#(_encode64_in_1_1 >> 8)
   01A2 FD                  425 	mov	r5,a
   01A3 8A 82               426 	mov	dpl,r2
   01A5 8B 83               427 	mov	dph,r3
   01A7 8C F0               428 	mov	b,r4
   01A9 12s00r00            429 	lcall	__gptrget
   01AC FE                  430 	mov	r6,a
   01AD 89 82               431 	mov	dpl,r1
   01AF 8D 83               432 	mov	dph,r5
   01B1 F0                  433 	movx	@dptr,a
                    01B2    434 	C$base64.c$242$1$1 ==.
                            435 ;	..\apps\webserver\base64.c:242: if(*instr) {
   01B2 EE                  436 	mov	a,r6
   01B3 D0 06               437 	pop	ar6
   01B5 D0 05               438 	pop	ar5
   01B7 60 15               439 	jz	00110$
                    01B9    440 	C$base64.c$243$4$4 ==.
                            441 ;	..\apps\webserver\base64.c:243: instr++;
   01B9 0A                  442 	inc	r2
   01BA BA 00 01            443 	cjne	r2,#0x00,00130$
   01BD 0B                  444 	inc	r3
   01BE                     445 00130$:
   01BE 90s00r03            446 	mov	dptr,#_encode64_instr_1_1
   01C1 EA                  447 	mov	a,r2
   01C2 F0                  448 	movx	@dptr,a
   01C3 A3                  449 	inc	dptr
   01C4 EB                  450 	mov	a,r3
   01C5 F0                  451 	movx	@dptr,a
   01C6 A3                  452 	inc	dptr
   01C7 EC                  453 	mov	a,r4
   01C8 F0                  454 	movx	@dptr,a
                    01C9    455 	C$base64.c$244$4$4 ==.
                            456 ;	..\apps\webserver\base64.c:244: len++;
   01C9 0D                  457 	inc	r5
   01CA BD 00 01            458 	cjne	r5,#0x00,00131$
   01CD 0E                  459 	inc	r6
   01CE                     460 00131$:
   01CE                     461 00110$:
                    01CE    462 	C$base64.c$240$2$2 ==.
                            463 ;	..\apps\webserver\base64.c:240: for( i = 0; i < 3; i++ ) {
   01CE 0F                  464 	inc	r7
   01CF BF 00 BA            465 	cjne	r7,#0x00,00108$
   01D2 08                  466 	inc	r0
   01D3 80 B7               467 	sjmp	00108$
   01D5                     468 00126$:
   01D5 90s00r03            469 	mov	dptr,#_encode64_instr_1_1
   01D8 EA                  470 	mov	a,r2
   01D9 F0                  471 	movx	@dptr,a
   01DA A3                  472 	inc	dptr
   01DB EB                  473 	mov	a,r3
   01DC F0                  474 	movx	@dptr,a
   01DD A3                  475 	inc	dptr
   01DE EC                  476 	mov	a,r4
   01DF F0                  477 	movx	@dptr,a
                    01E0    478 	C$base64.c$247$2$2 ==.
                            479 ;	..\apps\webserver\base64.c:247: if( len ) {
   01E0 ED                  480 	mov	a,r5
   01E1 4E                  481 	orl	a,r6
   01E2 60 87               482 	jz	00105$
                    01E4    483 	C$base64.c$248$3$5 ==.
                            484 ;	..\apps\webserver\base64.c:248: encodeblock64( in, out, len );
   01E4 C0 05               485 	push	ar5
   01E6 C0 06               486 	push	ar6
   01E8 74r09               487 	mov	a,#_encode64_out_1_1
   01EA C0 E0               488 	push	acc
   01EC 74s00               489 	mov	a,#(_encode64_out_1_1 >> 8)
   01EE C0 E0               490 	push	acc
   01F0 E4                  491 	clr	a
   01F1 C0 E0               492 	push	acc
   01F3 90s00r06            493 	mov	dptr,#_encode64_in_1_1
   01F6 75 F0 00            494 	mov	b,#0x00
   01F9 12s00r00            495 	lcall	_encodeblock64
   01FC E5 81               496 	mov	a,sp
   01FE 24 FB               497 	add	a,#0xfb
   0200 F5 81               498 	mov	sp,a
                    0202    499 	C$base64.c$249$1$1 ==.
                            500 ;	..\apps\webserver\base64.c:249: for( i = 0; i < 4; i++ ) {
   0202 90s00r00            501 	mov	dptr,#_encode64_PARM_2
   0205 E0                  502 	movx	a,@dptr
   0206 FA                  503 	mov	r2,a
   0207 A3                  504 	inc	dptr
   0208 E0                  505 	movx	a,@dptr
   0209 FB                  506 	mov	r3,a
   020A A3                  507 	inc	dptr
   020B E0                  508 	movx	a,@dptr
   020C FC                  509 	mov	r4,a
   020D 7D 00               510 	mov	r5,#0x00
   020F 7E 00               511 	mov	r6,#0x00
   0211                     512 00112$:
   0211 C3                  513 	clr	c
   0212 ED                  514 	mov	a,r5
   0213 94 04               515 	subb	a,#0x04
   0215 EE                  516 	mov	a,r6
   0216 64 80               517 	xrl	a,#0x80
   0218 94 80               518 	subb	a,#0x80
   021A 40 03               519 	jc	00134$
   021C 02s01r6B            520 	ljmp	00105$
   021F                     521 00134$:
                    021F    522 	C$base64.c$250$4$6 ==.
                            523 ;	..\apps\webserver\base64.c:250: *outstr++ = out[i];
   021F ED                  524 	mov	a,r5
   0220 24r09               525 	add	a,#_encode64_out_1_1
   0222 F5 82               526 	mov	dpl,a
   0224 EE                  527 	mov	a,r6
   0225 34s00               528 	addc	a,#(_encode64_out_1_1 >> 8)
   0227 F5 83               529 	mov	dph,a
   0229 E0                  530 	movx	a,@dptr
   022A FF                  531 	mov	r7,a
   022B 8A 82               532 	mov	dpl,r2
   022D 8B 83               533 	mov	dph,r3
   022F 8C F0               534 	mov	b,r4
   0231 12s00r00            535 	lcall	__gptrput
   0234 A3                  536 	inc	dptr
   0235 AA 82               537 	mov	r2,dpl
   0237 AB 83               538 	mov	r3,dph
   0239 90s00r00            539 	mov	dptr,#_encode64_PARM_2
   023C EA                  540 	mov	a,r2
   023D F0                  541 	movx	@dptr,a
   023E A3                  542 	inc	dptr
   023F EB                  543 	mov	a,r3
   0240 F0                  544 	movx	@dptr,a
   0241 A3                  545 	inc	dptr
   0242 EC                  546 	mov	a,r4
   0243 F0                  547 	movx	@dptr,a
                    0244    548 	C$base64.c$249$3$5 ==.
                            549 ;	..\apps\webserver\base64.c:249: for( i = 0; i < 4; i++ ) {
   0244 0D                  550 	inc	r5
   0245 BD 00 C9            551 	cjne	r5,#0x00,00112$
   0248 0E                  552 	inc	r6
   0249 80 C6               553 	sjmp	00112$
   024B                     554 00107$:
                    024B    555 	C$base64.c$254$1$1 ==.
                            556 ;	..\apps\webserver\base64.c:254: *outstr = '\0';
   024B 90s00r00            557 	mov	dptr,#_encode64_PARM_2
   024E E0                  558 	movx	a,@dptr
   024F FA                  559 	mov	r2,a
   0250 A3                  560 	inc	dptr
   0251 E0                  561 	movx	a,@dptr
   0252 FB                  562 	mov	r3,a
   0253 A3                  563 	inc	dptr
   0254 E0                  564 	movx	a,@dptr
   0255 FC                  565 	mov	r4,a
   0256 8A 82               566 	mov	dpl,r2
   0258 8B 83               567 	mov	dph,r3
   025A 8C F0               568 	mov	b,r4
   025C E4                  569 	clr	a
                    025D    570 	C$base64.c$255$1$1 ==.
                    025D    571 	XG$encode64$0$0 ==.
   025D 02s00r00            572 	ljmp	__gptrput
                            573 	.area CSEG    (CODE)
                            574 	.area CONST   (CODE)
                    0000    575 Fbase64$cb64$0$0 == .
   0000                     576 _cb64:
   0000 41 42 43 44 45 46   577 	.ascii "ABCDEFGHIJKLMNOPQRSTUVWXYZabcdefghijklmnopqrstuvwxyz01234567"
        47 48 49 4A 4B 4C
        4D 4E 4F 50 51 52
        53 54 55 56 57 58
        59 5A 61 62 63 64
        65 66 67 68 69 6A
        6B 6C 6D 6E 6F 70
        71 72 73 74 75 76
        77 78 79 7A 30 31
        32 33 34 35 36 37
   003C 38 39 2B 2F         578 	.ascii "89+/"
   0040 00                  579 	.db 0x00
                    0041    580 Fbase64$cd64$0$0 == .
   0041                     581 _cd64:
   0041 7C 24 24 24 7D 72   582 	.ascii "|$$$}rstuvwxyz{$$$$$$$>?@ABCDEFGHIJKLMNOPQRSTUVW$$$$$$XYZ["
        73 74 75 76 77 78
        79 7A 7B 24 24 24
        24 24 24 24 3E 3F
        40 41 42 43 44 45
        46 47 48 49 4A 4B
        4C 4D 4E 4F 50 51
        52 53 54 55 56 57
        24 24 24 24 24 24
        58 59 5A 5B
   007B 5C                  583 	.db 0x5C
   007C 5D                  584 	.ascii "]"
   007D 5E 5F 60 61 62 63   585 	.ascii "^_`abcdefghijklmnopq"
        64 65 66 67 68 69
        6A 6B 6C 6D 6E 6F
        70 71
   0091 00                  586 	.db 0x00
                            587 	.area XINIT   (CODE)
                            588 	.area CABS    (ABS,CODE)
