                              1 ;--------------------------------------------------------
                              2 ; File Created by SDCC : free open source ANSI-C Compiler
                              3 ; Version 2.8.0 #5117 (Mar 23 2008) (MINGW32)
                              4 ; This file was generated Sun Nov 06 21:58:53 2016
                              5 ;--------------------------------------------------------
                              6 	.module http_strings
                              7 	.optsdcc -mmcs51 --model-large
                              8 	
                              9 ;--------------------------------------------------------
                             10 ; Public variables in this module
                             11 ;--------------------------------------------------------
                             12 	.globl _http_txt
                             13 	.globl _http_text
                             14 	.globl _http_jpg
                             15 	.globl _http_gif
                             16 	.globl _http_png
                             17 	.globl _http_css
                             18 	.globl _http_htm
                             19 	.globl _http_shtml
                             20 	.globl _http_html
                             21 	.globl _http_content_type_binary
                             22 	.globl _http_content_type_jpg
                             23 	.globl _http_content_type_gif
                             24 	.globl _http_content_type_png
                             25 	.globl _http_content_type_text
                             26 	.globl _http_content_type_css
                             27 	.globl _http_content_type_html
                             28 	.globl _http_content_type_plain
                             29 	.globl _http_header_404
                             30 	.globl _http_header_401
                             31 	.globl _http_header_200
                             32 	.globl _http_content_length
                             33 	.globl _http_referer
                             34 	.globl _http_401_html
                             35 	.globl _http_404_html
                             36 	.globl _http_index_html
                             37 	.globl _http_crnl
                             38 	.globl _http_host
                             39 	.globl _http_location
                             40 	.globl _http_texthtml
                             41 	.globl _http_authorization
                             42 	.globl _http_content_type
                             43 	.globl _http_11
                             44 	.globl _http_10
                             45 	.globl _http_get
                             46 	.globl _http_302
                             47 	.globl _http_301
                             48 	.globl _http_200
                             49 	.globl _http_http
                             50 ;--------------------------------------------------------
                             51 ; special function registers
                             52 ;--------------------------------------------------------
                             53 	.area RSEG    (DATA)
                             54 ;--------------------------------------------------------
                             55 ; special function bits
                             56 ;--------------------------------------------------------
                             57 	.area RSEG    (DATA)
                             58 ;--------------------------------------------------------
                             59 ; overlayable register banks
                             60 ;--------------------------------------------------------
                             61 	.area REG_BANK_0	(REL,OVR,DATA)
   0000                      62 	.ds 8
                             63 ;--------------------------------------------------------
                             64 ; internal ram data
                             65 ;--------------------------------------------------------
                             66 	.area DSEG    (DATA)
                             67 ;--------------------------------------------------------
                             68 ; overlayable items in internal ram 
                             69 ;--------------------------------------------------------
                             70 	.area OSEG    (OVR,DATA)
                             71 ;--------------------------------------------------------
                             72 ; indirectly addressable internal ram data
                             73 ;--------------------------------------------------------
                             74 	.area ISEG    (DATA)
                             75 ;--------------------------------------------------------
                             76 ; absolute internal ram data
                             77 ;--------------------------------------------------------
                             78 	.area IABS    (ABS,DATA)
                             79 	.area IABS    (ABS,DATA)
                             80 ;--------------------------------------------------------
                             81 ; bit data
                             82 ;--------------------------------------------------------
                             83 	.area BSEG    (BIT)
                             84 ;--------------------------------------------------------
                             85 ; paged external ram data
                             86 ;--------------------------------------------------------
                             87 	.area PSEG    (PAG,XDATA)
                             88 ;--------------------------------------------------------
                             89 ; external ram data
                             90 ;--------------------------------------------------------
                             91 	.area XSEG    (XDATA)
                             92 ;--------------------------------------------------------
                             93 ; absolute external ram data
                             94 ;--------------------------------------------------------
                             95 	.area XABS    (ABS,XDATA)
                             96 ;--------------------------------------------------------
                             97 ; external initialized ram data
                             98 ;--------------------------------------------------------
                             99 	.area XISEG   (XDATA)
                            100 	.area HOME    (CODE)
                            101 	.area GSINIT0 (CODE)
                            102 	.area GSINIT1 (CODE)
                            103 	.area GSINIT2 (CODE)
                            104 	.area GSINIT3 (CODE)
                            105 	.area GSINIT4 (CODE)
                            106 	.area GSINIT5 (CODE)
                            107 	.area GSINIT  (CODE)
                            108 	.area GSFINAL (CODE)
                            109 	.area CSEG    (CODE)
                            110 ;--------------------------------------------------------
                            111 ; global & static initialisations
                            112 ;--------------------------------------------------------
                            113 	.area HOME    (CODE)
                            114 	.area GSINIT  (CODE)
                            115 	.area GSFINAL (CODE)
                            116 	.area GSINIT  (CODE)
                            117 ;--------------------------------------------------------
                            118 ; Home
                            119 ;--------------------------------------------------------
                            120 	.area HOME    (CODE)
                            121 	.area HOME    (CODE)
                            122 ;--------------------------------------------------------
                            123 ; code
                            124 ;--------------------------------------------------------
                            125 	.area CSEG    (CODE)
                            126 	.area CSEG    (CODE)
                            127 	.area CONST   (CODE)
                    0000    128 G$http_http$0$0 == .
   0000                     129 _http_http:
   0000 68                  130 	.db #0x68
   0001 74                  131 	.db #0x74
   0002 74                  132 	.db #0x74
   0003 70                  133 	.db #0x70
   0004 3A                  134 	.db #0x3A
   0005 2F                  135 	.db #0x2F
   0006 2F                  136 	.db #0x2F
   0007 00                  137 	.db 0x00
                    0008    138 G$http_200$0$0 == .
   0008                     139 _http_200:
   0008 32                  140 	.db #0x32
   0009 30                  141 	.db #0x30
   000A 30                  142 	.db #0x30
   000B 20                  143 	.db #0x20
   000C 00                  144 	.db 0x00
                    000D    145 G$http_301$0$0 == .
   000D                     146 _http_301:
   000D 33                  147 	.db #0x33
   000E 30                  148 	.db #0x30
   000F 31                  149 	.db #0x31
   0010 20                  150 	.db #0x20
   0011 00                  151 	.db 0x00
                    0012    152 G$http_302$0$0 == .
   0012                     153 _http_302:
   0012 33                  154 	.db #0x33
   0013 30                  155 	.db #0x30
   0014 32                  156 	.db #0x32
   0015 20                  157 	.db #0x20
   0016 00                  158 	.db 0x00
                    0017    159 G$http_get$0$0 == .
   0017                     160 _http_get:
   0017 47                  161 	.db #0x47
   0018 45                  162 	.db #0x45
   0019 54                  163 	.db #0x54
   001A 20                  164 	.db #0x20
   001B 00                  165 	.db 0x00
                    001C    166 G$http_10$0$0 == .
   001C                     167 _http_10:
   001C 48                  168 	.db #0x48
   001D 54                  169 	.db #0x54
   001E 54                  170 	.db #0x54
   001F 50                  171 	.db #0x50
   0020 2F                  172 	.db #0x2F
   0021 31                  173 	.db #0x31
   0022 2E                  174 	.db #0x2E
   0023 30                  175 	.db #0x30
   0024 00                  176 	.db 0x00
                    0025    177 G$http_11$0$0 == .
   0025                     178 _http_11:
   0025 48                  179 	.db #0x48
   0026 54                  180 	.db #0x54
   0027 54                  181 	.db #0x54
   0028 50                  182 	.db #0x50
   0029 2F                  183 	.db #0x2F
   002A 31                  184 	.db #0x31
   002B 2E                  185 	.db #0x2E
   002C 31                  186 	.db #0x31
   002D 00                  187 	.db 0x00
                    002E    188 G$http_content_type$0$0 == .
   002E                     189 _http_content_type:
   002E 63                  190 	.db #0x63
   002F 6F                  191 	.db #0x6F
   0030 6E                  192 	.db #0x6E
   0031 74                  193 	.db #0x74
   0032 65                  194 	.db #0x65
   0033 6E                  195 	.db #0x6E
   0034 74                  196 	.db #0x74
   0035 2D                  197 	.db #0x2D
   0036 74                  198 	.db #0x74
   0037 79                  199 	.db #0x79
   0038 70                  200 	.db #0x70
   0039 65                  201 	.db #0x65
   003A 3A                  202 	.db #0x3A
   003B 20                  203 	.db #0x20
   003C 00                  204 	.db 0x00
                    003D    205 G$http_authorization$0$0 == .
   003D                     206 _http_authorization:
   003D 41                  207 	.db #0x41
   003E 75                  208 	.db #0x75
   003F 74                  209 	.db #0x74
   0040 68                  210 	.db #0x68
   0041 6F                  211 	.db #0x6F
   0042 72                  212 	.db #0x72
   0043 69                  213 	.db #0x69
   0044 7A                  214 	.db #0x7A
   0045 61                  215 	.db #0x61
   0046 74                  216 	.db #0x74
   0047 69                  217 	.db #0x69
   0048 6F                  218 	.db #0x6F
   0049 6E                  219 	.db #0x6E
   004A 3A                  220 	.db #0x3A
   004B 20                  221 	.db #0x20
   004C 42                  222 	.db #0x42
   004D 61                  223 	.db #0x61
   004E 73                  224 	.db #0x73
   004F 69                  225 	.db #0x69
   0050 63                  226 	.db #0x63
   0051 20                  227 	.db #0x20
   0052 00                  228 	.db 0x00
                    0053    229 G$http_texthtml$0$0 == .
   0053                     230 _http_texthtml:
   0053 74                  231 	.db #0x74
   0054 65                  232 	.db #0x65
   0055 78                  233 	.db #0x78
   0056 74                  234 	.db #0x74
   0057 2F                  235 	.db #0x2F
   0058 68                  236 	.db #0x68
   0059 74                  237 	.db #0x74
   005A 6D                  238 	.db #0x6D
   005B 6C                  239 	.db #0x6C
   005C 00                  240 	.db 0x00
                    005D    241 G$http_location$0$0 == .
   005D                     242 _http_location:
   005D 6C                  243 	.db #0x6C
   005E 6F                  244 	.db #0x6F
   005F 63                  245 	.db #0x63
   0060 61                  246 	.db #0x61
   0061 74                  247 	.db #0x74
   0062 69                  248 	.db #0x69
   0063 6F                  249 	.db #0x6F
   0064 6E                  250 	.db #0x6E
   0065 3A                  251 	.db #0x3A
   0066 20                  252 	.db #0x20
   0067 00                  253 	.db 0x00
                    0068    254 G$http_host$0$0 == .
   0068                     255 _http_host:
   0068 68                  256 	.db #0x68
   0069 6F                  257 	.db #0x6F
   006A 73                  258 	.db #0x73
   006B 74                  259 	.db #0x74
   006C 3A                  260 	.db #0x3A
   006D 20                  261 	.db #0x20
   006E 00                  262 	.db 0x00
                    006F    263 G$http_crnl$0$0 == .
   006F                     264 _http_crnl:
   006F 0D                  265 	.db #0x0D
   0070 0A                  266 	.db #0x0A
   0071 00                  267 	.db 0x00
                    0072    268 G$http_index_html$0$0 == .
   0072                     269 _http_index_html:
   0072 2F                  270 	.db #0x2F
   0073 69                  271 	.db #0x69
   0074 6E                  272 	.db #0x6E
   0075 64                  273 	.db #0x64
   0076 65                  274 	.db #0x65
   0077 78                  275 	.db #0x78
   0078 2E                  276 	.db #0x2E
   0079 73                  277 	.db #0x73
   007A 68                  278 	.db #0x68
   007B 74                  279 	.db #0x74
   007C 6D                  280 	.db #0x6D
   007D 6C                  281 	.db #0x6C
   007E 00                  282 	.db 0x00
                    007F    283 G$http_404_html$0$0 == .
   007F                     284 _http_404_html:
   007F 2F                  285 	.db #0x2F
   0080 34                  286 	.db #0x34
   0081 30                  287 	.db #0x30
   0082 34                  288 	.db #0x34
   0083 2E                  289 	.db #0x2E
   0084 68                  290 	.db #0x68
   0085 74                  291 	.db #0x74
   0086 6D                  292 	.db #0x6D
   0087 6C                  293 	.db #0x6C
   0088 00                  294 	.db 0x00
                    0089    295 G$http_401_html$0$0 == .
   0089                     296 _http_401_html:
   0089 2F                  297 	.db #0x2F
   008A 34                  298 	.db #0x34
   008B 30                  299 	.db #0x30
   008C 31                  300 	.db #0x31
   008D 2E                  301 	.db #0x2E
   008E 68                  302 	.db #0x68
   008F 74                  303 	.db #0x74
   0090 6D                  304 	.db #0x6D
   0091 6C                  305 	.db #0x6C
   0092 00                  306 	.db 0x00
                    0093    307 G$http_referer$0$0 == .
   0093                     308 _http_referer:
   0093 52                  309 	.db #0x52
   0094 65                  310 	.db #0x65
   0095 66                  311 	.db #0x66
   0096 65                  312 	.db #0x65
   0097 72                  313 	.db #0x72
   0098 65                  314 	.db #0x65
   0099 72                  315 	.db #0x72
   009A 3A                  316 	.db #0x3A
   009B 00                  317 	.db 0x00
                    009C    318 G$http_content_length$0$0 == .
   009C                     319 _http_content_length:
   009C 43                  320 	.db #0x43
   009D 6F                  321 	.db #0x6F
   009E 6E                  322 	.db #0x6E
   009F 74                  323 	.db #0x74
   00A0 65                  324 	.db #0x65
   00A1 6E                  325 	.db #0x6E
   00A2 74                  326 	.db #0x74
   00A3 2D                  327 	.db #0x2D
   00A4 4C                  328 	.db #0x4C
   00A5 65                  329 	.db #0x65
   00A6 6E                  330 	.db #0x6E
   00A7 67                  331 	.db #0x67
   00A8 74                  332 	.db #0x74
   00A9 68                  333 	.db #0x68
   00AA 3A                  334 	.db #0x3A
   00AB 00                  335 	.db 0x00
                    00AC    336 G$http_header_200$0$0 == .
   00AC                     337 _http_header_200:
   00AC 48                  338 	.db #0x48
   00AD 54                  339 	.db #0x54
   00AE 54                  340 	.db #0x54
   00AF 50                  341 	.db #0x50
   00B0 2F                  342 	.db #0x2F
   00B1 31                  343 	.db #0x31
   00B2 2E                  344 	.db #0x2E
   00B3 30                  345 	.db #0x30
   00B4 20                  346 	.db #0x20
   00B5 32                  347 	.db #0x32
   00B6 30                  348 	.db #0x30
   00B7 30                  349 	.db #0x30
   00B8 20                  350 	.db #0x20
   00B9 4F                  351 	.db #0x4F
   00BA 4B                  352 	.db #0x4B
   00BB 0D                  353 	.db #0x0D
   00BC 0A                  354 	.db #0x0A
   00BD 53                  355 	.db #0x53
   00BE 65                  356 	.db #0x65
   00BF 72                  357 	.db #0x72
   00C0 76                  358 	.db #0x76
   00C1 65                  359 	.db #0x65
   00C2 72                  360 	.db #0x72
   00C3 3A                  361 	.db #0x3A
   00C4 20                  362 	.db #0x20
   00C5 75                  363 	.db #0x75
   00C6 49                  364 	.db #0x49
   00C7 50                  365 	.db #0x50
   00C8 2F                  366 	.db #0x2F
   00C9 31                  367 	.db #0x31
   00CA 2E                  368 	.db #0x2E
   00CB 30                  369 	.db #0x30
   00CC 20                  370 	.db #0x20
   00CD 68                  371 	.db #0x68
   00CE 74                  372 	.db #0x74
   00CF 74                  373 	.db #0x74
   00D0 70                  374 	.db #0x70
   00D1 3A                  375 	.db #0x3A
   00D2 2F                  376 	.db #0x2F
   00D3 2F                  377 	.db #0x2F
   00D4 77                  378 	.db #0x77
   00D5 77                  379 	.db #0x77
   00D6 77                  380 	.db #0x77
   00D7 2E                  381 	.db #0x2E
   00D8 73                  382 	.db #0x73
   00D9 69                  383 	.db #0x69
   00DA 63                  384 	.db #0x63
   00DB 73                  385 	.db #0x73
   00DC 2E                  386 	.db #0x2E
   00DD 73                  387 	.db #0x73
   00DE 65                  388 	.db #0x65
   00DF 2F                  389 	.db #0x2F
   00E0 7E                  390 	.db #0x7E
   00E1 61                  391 	.db #0x61
   00E2 64                  392 	.db #0x64
   00E3 61                  393 	.db #0x61
   00E4 6D                  394 	.db #0x6D
   00E5 2F                  395 	.db #0x2F
   00E6 75                  396 	.db #0x75
   00E7 69                  397 	.db #0x69
   00E8 70                  398 	.db #0x70
   00E9 2F                  399 	.db #0x2F
   00EA 0D                  400 	.db #0x0D
   00EB 0A                  401 	.db #0x0A
   00EC 43                  402 	.db #0x43
   00ED 6F                  403 	.db #0x6F
   00EE 6E                  404 	.db #0x6E
   00EF 6E                  405 	.db #0x6E
   00F0 65                  406 	.db #0x65
   00F1 63                  407 	.db #0x63
   00F2 74                  408 	.db #0x74
   00F3 69                  409 	.db #0x69
   00F4 6F                  410 	.db #0x6F
   00F5 6E                  411 	.db #0x6E
   00F6 3A                  412 	.db #0x3A
   00F7 20                  413 	.db #0x20
   00F8 63                  414 	.db #0x63
   00F9 6C                  415 	.db #0x6C
   00FA 6F                  416 	.db #0x6F
   00FB 73                  417 	.db #0x73
   00FC 65                  418 	.db #0x65
   00FD 0D                  419 	.db #0x0D
   00FE 0A                  420 	.db #0x0A
   00FF 00                  421 	.db 0x00
                    0100    422 G$http_header_401$0$0 == .
   0100                     423 _http_header_401:
   0100 48                  424 	.db #0x48
   0101 54                  425 	.db #0x54
   0102 54                  426 	.db #0x54
   0103 50                  427 	.db #0x50
   0104 2F                  428 	.db #0x2F
   0105 31                  429 	.db #0x31
   0106 2E                  430 	.db #0x2E
   0107 30                  431 	.db #0x30
   0108 20                  432 	.db #0x20
   0109 34                  433 	.db #0x34
   010A 30                  434 	.db #0x30
   010B 31                  435 	.db #0x31
   010C 20                  436 	.db #0x20
   010D 55                  437 	.db #0x55
   010E 4E                  438 	.db #0x4E
   010F 41                  439 	.db #0x41
   0110 55                  440 	.db #0x55
   0111 54                  441 	.db #0x54
   0112 48                  442 	.db #0x48
   0113 4F                  443 	.db #0x4F
   0114 52                  444 	.db #0x52
   0115 49                  445 	.db #0x49
   0116 5A                  446 	.db #0x5A
   0117 45                  447 	.db #0x45
   0118 44                  448 	.db #0x44
   0119 0D                  449 	.db #0x0D
   011A 0A                  450 	.db #0x0A
   011B 57                  451 	.db #0x57
   011C 57                  452 	.db #0x57
   011D 57                  453 	.db #0x57
   011E 2D                  454 	.db #0x2D
   011F 41                  455 	.db #0x41
   0120 75                  456 	.db #0x75
   0121 74                  457 	.db #0x74
   0122 68                  458 	.db #0x68
   0123 65                  459 	.db #0x65
   0124 6E                  460 	.db #0x6E
   0125 74                  461 	.db #0x74
   0126 69                  462 	.db #0x69
   0127 63                  463 	.db #0x63
   0128 61                  464 	.db #0x61
   0129 74                  465 	.db #0x74
   012A 65                  466 	.db #0x65
   012B 3A                  467 	.db #0x3A
   012C 20                  468 	.db #0x20
   012D 42                  469 	.db #0x42
   012E 61                  470 	.db #0x61
   012F 73                  471 	.db #0x73
   0130 69                  472 	.db #0x69
   0131 63                  473 	.db #0x63
   0132 20                  474 	.db #0x20
   0133 72                  475 	.db #0x72
   0134 65                  476 	.db #0x65
   0135 61                  477 	.db #0x61
   0136 6C                  478 	.db #0x6C
   0137 6D                  479 	.db #0x6D
   0138 3D                  480 	.db #0x3D
   0139 56                  481 	.db #0x56
   013A 44                  482 	.db #0x44
   013B 56                  483 	.db #0x56
   013C 54                  484 	.db #0x54
   013D 0D                  485 	.db #0x0D
   013E 0A                  486 	.db #0x0A
   013F 00                  487 	.db 0x00
                    0140    488 G$http_header_404$0$0 == .
   0140                     489 _http_header_404:
   0140 48                  490 	.db #0x48
   0141 54                  491 	.db #0x54
   0142 54                  492 	.db #0x54
   0143 50                  493 	.db #0x50
   0144 2F                  494 	.db #0x2F
   0145 31                  495 	.db #0x31
   0146 2E                  496 	.db #0x2E
   0147 30                  497 	.db #0x30
   0148 20                  498 	.db #0x20
   0149 34                  499 	.db #0x34
   014A 30                  500 	.db #0x30
   014B 34                  501 	.db #0x34
   014C 20                  502 	.db #0x20
   014D 4E                  503 	.db #0x4E
   014E 6F                  504 	.db #0x6F
   014F 74                  505 	.db #0x74
   0150 20                  506 	.db #0x20
   0151 66                  507 	.db #0x66
   0152 6F                  508 	.db #0x6F
   0153 75                  509 	.db #0x75
   0154 6E                  510 	.db #0x6E
   0155 64                  511 	.db #0x64
   0156 0D                  512 	.db #0x0D
   0157 0A                  513 	.db #0x0A
   0158 53                  514 	.db #0x53
   0159 65                  515 	.db #0x65
   015A 72                  516 	.db #0x72
   015B 76                  517 	.db #0x76
   015C 65                  518 	.db #0x65
   015D 72                  519 	.db #0x72
   015E 3A                  520 	.db #0x3A
   015F 20                  521 	.db #0x20
   0160 75                  522 	.db #0x75
   0161 49                  523 	.db #0x49
   0162 50                  524 	.db #0x50
   0163 2F                  525 	.db #0x2F
   0164 31                  526 	.db #0x31
   0165 2E                  527 	.db #0x2E
   0166 30                  528 	.db #0x30
   0167 20                  529 	.db #0x20
   0168 68                  530 	.db #0x68
   0169 74                  531 	.db #0x74
   016A 74                  532 	.db #0x74
   016B 70                  533 	.db #0x70
   016C 3A                  534 	.db #0x3A
   016D 2F                  535 	.db #0x2F
   016E 2F                  536 	.db #0x2F
   016F 77                  537 	.db #0x77
   0170 77                  538 	.db #0x77
   0171 77                  539 	.db #0x77
   0172 2E                  540 	.db #0x2E
   0173 73                  541 	.db #0x73
   0174 69                  542 	.db #0x69
   0175 63                  543 	.db #0x63
   0176 73                  544 	.db #0x73
   0177 2E                  545 	.db #0x2E
   0178 73                  546 	.db #0x73
   0179 65                  547 	.db #0x65
   017A 2F                  548 	.db #0x2F
   017B 7E                  549 	.db #0x7E
   017C 61                  550 	.db #0x61
   017D 64                  551 	.db #0x64
   017E 61                  552 	.db #0x61
   017F 6D                  553 	.db #0x6D
   0180 2F                  554 	.db #0x2F
   0181 75                  555 	.db #0x75
   0182 69                  556 	.db #0x69
   0183 70                  557 	.db #0x70
   0184 2F                  558 	.db #0x2F
   0185 0D                  559 	.db #0x0D
   0186 0A                  560 	.db #0x0A
   0187 43                  561 	.db #0x43
   0188 6F                  562 	.db #0x6F
   0189 6E                  563 	.db #0x6E
   018A 6E                  564 	.db #0x6E
   018B 65                  565 	.db #0x65
   018C 63                  566 	.db #0x63
   018D 74                  567 	.db #0x74
   018E 69                  568 	.db #0x69
   018F 6F                  569 	.db #0x6F
   0190 6E                  570 	.db #0x6E
   0191 3A                  571 	.db #0x3A
   0192 20                  572 	.db #0x20
   0193 63                  573 	.db #0x63
   0194 6C                  574 	.db #0x6C
   0195 6F                  575 	.db #0x6F
   0196 73                  576 	.db #0x73
   0197 65                  577 	.db #0x65
   0198 0D                  578 	.db #0x0D
   0199 0A                  579 	.db #0x0A
   019A 00                  580 	.db 0x00
                    019B    581 G$http_content_type_plain$0$0 == .
   019B                     582 _http_content_type_plain:
   019B 43                  583 	.db #0x43
   019C 6F                  584 	.db #0x6F
   019D 6E                  585 	.db #0x6E
   019E 74                  586 	.db #0x74
   019F 65                  587 	.db #0x65
   01A0 6E                  588 	.db #0x6E
   01A1 74                  589 	.db #0x74
   01A2 2D                  590 	.db #0x2D
   01A3 74                  591 	.db #0x74
   01A4 79                  592 	.db #0x79
   01A5 70                  593 	.db #0x70
   01A6 65                  594 	.db #0x65
   01A7 3A                  595 	.db #0x3A
   01A8 20                  596 	.db #0x20
   01A9 74                  597 	.db #0x74
   01AA 65                  598 	.db #0x65
   01AB 78                  599 	.db #0x78
   01AC 74                  600 	.db #0x74
   01AD 2F                  601 	.db #0x2F
   01AE 70                  602 	.db #0x70
   01AF 6C                  603 	.db #0x6C
   01B0 61                  604 	.db #0x61
   01B1 69                  605 	.db #0x69
   01B2 6E                  606 	.db #0x6E
   01B3 0D                  607 	.db #0x0D
   01B4 0A                  608 	.db #0x0A
   01B5 0D                  609 	.db #0x0D
   01B6 0A                  610 	.db #0x0A
   01B7 00                  611 	.db 0x00
                    01B8    612 G$http_content_type_html$0$0 == .
   01B8                     613 _http_content_type_html:
   01B8 43                  614 	.db #0x43
   01B9 6F                  615 	.db #0x6F
   01BA 6E                  616 	.db #0x6E
   01BB 74                  617 	.db #0x74
   01BC 65                  618 	.db #0x65
   01BD 6E                  619 	.db #0x6E
   01BE 74                  620 	.db #0x74
   01BF 2D                  621 	.db #0x2D
   01C0 74                  622 	.db #0x74
   01C1 79                  623 	.db #0x79
   01C2 70                  624 	.db #0x70
   01C3 65                  625 	.db #0x65
   01C4 3A                  626 	.db #0x3A
   01C5 20                  627 	.db #0x20
   01C6 74                  628 	.db #0x74
   01C7 65                  629 	.db #0x65
   01C8 78                  630 	.db #0x78
   01C9 74                  631 	.db #0x74
   01CA 2F                  632 	.db #0x2F
   01CB 68                  633 	.db #0x68
   01CC 74                  634 	.db #0x74
   01CD 6D                  635 	.db #0x6D
   01CE 6C                  636 	.db #0x6C
   01CF 0D                  637 	.db #0x0D
   01D0 0A                  638 	.db #0x0A
   01D1 0D                  639 	.db #0x0D
   01D2 0A                  640 	.db #0x0A
   01D3 00                  641 	.db 0x00
                    01D4    642 G$http_content_type_css$0$0 == .
   01D4                     643 _http_content_type_css:
   01D4 43                  644 	.db #0x43
   01D5 6F                  645 	.db #0x6F
   01D6 6E                  646 	.db #0x6E
   01D7 74                  647 	.db #0x74
   01D8 65                  648 	.db #0x65
   01D9 6E                  649 	.db #0x6E
   01DA 74                  650 	.db #0x74
   01DB 2D                  651 	.db #0x2D
   01DC 74                  652 	.db #0x74
   01DD 79                  653 	.db #0x79
   01DE 70                  654 	.db #0x70
   01DF 65                  655 	.db #0x65
   01E0 3A                  656 	.db #0x3A
   01E1 20                  657 	.db #0x20
   01E2 74                  658 	.db #0x74
   01E3 65                  659 	.db #0x65
   01E4 78                  660 	.db #0x78
   01E5 74                  661 	.db #0x74
   01E6 2F                  662 	.db #0x2F
   01E7 63                  663 	.db #0x63
   01E8 73                  664 	.db #0x73
   01E9 73                  665 	.db #0x73
   01EA 0D                  666 	.db #0x0D
   01EB 0A                  667 	.db #0x0A
   01EC 0D                  668 	.db #0x0D
   01ED 0A                  669 	.db #0x0A
   01EE 00                  670 	.db 0x00
                    01EF    671 G$http_content_type_text$0$0 == .
   01EF                     672 _http_content_type_text:
   01EF 43                  673 	.db #0x43
   01F0 6F                  674 	.db #0x6F
   01F1 6E                  675 	.db #0x6E
   01F2 74                  676 	.db #0x74
   01F3 65                  677 	.db #0x65
   01F4 6E                  678 	.db #0x6E
   01F5 74                  679 	.db #0x74
   01F6 2D                  680 	.db #0x2D
   01F7 74                  681 	.db #0x74
   01F8 79                  682 	.db #0x79
   01F9 70                  683 	.db #0x70
   01FA 65                  684 	.db #0x65
   01FB 3A                  685 	.db #0x3A
   01FC 20                  686 	.db #0x20
   01FD 74                  687 	.db #0x74
   01FE 65                  688 	.db #0x65
   01FF 78                  689 	.db #0x78
   0200 74                  690 	.db #0x74
   0201 2F                  691 	.db #0x2F
   0202 74                  692 	.db #0x74
   0203 65                  693 	.db #0x65
   0204 78                  694 	.db #0x78
   0205 74                  695 	.db #0x74
   0206 0D                  696 	.db #0x0D
   0207 0A                  697 	.db #0x0A
   0208 0D                  698 	.db #0x0D
   0209 0A                  699 	.db #0x0A
   020A 00                  700 	.db 0x00
                    020B    701 G$http_content_type_png$0$0 == .
   020B                     702 _http_content_type_png:
   020B 43                  703 	.db #0x43
   020C 6F                  704 	.db #0x6F
   020D 6E                  705 	.db #0x6E
   020E 74                  706 	.db #0x74
   020F 65                  707 	.db #0x65
   0210 6E                  708 	.db #0x6E
   0211 74                  709 	.db #0x74
   0212 2D                  710 	.db #0x2D
   0213 74                  711 	.db #0x74
   0214 79                  712 	.db #0x79
   0215 70                  713 	.db #0x70
   0216 65                  714 	.db #0x65
   0217 3A                  715 	.db #0x3A
   0218 20                  716 	.db #0x20
   0219 69                  717 	.db #0x69
   021A 6D                  718 	.db #0x6D
   021B 61                  719 	.db #0x61
   021C 67                  720 	.db #0x67
   021D 65                  721 	.db #0x65
   021E 2F                  722 	.db #0x2F
   021F 70                  723 	.db #0x70
   0220 6E                  724 	.db #0x6E
   0221 67                  725 	.db #0x67
   0222 0D                  726 	.db #0x0D
   0223 0A                  727 	.db #0x0A
   0224 0D                  728 	.db #0x0D
   0225 0A                  729 	.db #0x0A
   0226 00                  730 	.db 0x00
                    0227    731 G$http_content_type_gif$0$0 == .
   0227                     732 _http_content_type_gif:
   0227 43                  733 	.db #0x43
   0228 6F                  734 	.db #0x6F
   0229 6E                  735 	.db #0x6E
   022A 74                  736 	.db #0x74
   022B 65                  737 	.db #0x65
   022C 6E                  738 	.db #0x6E
   022D 74                  739 	.db #0x74
   022E 2D                  740 	.db #0x2D
   022F 74                  741 	.db #0x74
   0230 79                  742 	.db #0x79
   0231 70                  743 	.db #0x70
   0232 65                  744 	.db #0x65
   0233 3A                  745 	.db #0x3A
   0234 20                  746 	.db #0x20
   0235 69                  747 	.db #0x69
   0236 6D                  748 	.db #0x6D
   0237 61                  749 	.db #0x61
   0238 67                  750 	.db #0x67
   0239 65                  751 	.db #0x65
   023A 2F                  752 	.db #0x2F
   023B 67                  753 	.db #0x67
   023C 69                  754 	.db #0x69
   023D 66                  755 	.db #0x66
   023E 0D                  756 	.db #0x0D
   023F 0A                  757 	.db #0x0A
   0240 0D                  758 	.db #0x0D
   0241 0A                  759 	.db #0x0A
   0242 00                  760 	.db 0x00
                    0243    761 G$http_content_type_jpg$0$0 == .
   0243                     762 _http_content_type_jpg:
   0243 43                  763 	.db #0x43
   0244 6F                  764 	.db #0x6F
   0245 6E                  765 	.db #0x6E
   0246 74                  766 	.db #0x74
   0247 65                  767 	.db #0x65
   0248 6E                  768 	.db #0x6E
   0249 74                  769 	.db #0x74
   024A 2D                  770 	.db #0x2D
   024B 74                  771 	.db #0x74
   024C 79                  772 	.db #0x79
   024D 70                  773 	.db #0x70
   024E 65                  774 	.db #0x65
   024F 3A                  775 	.db #0x3A
   0250 20                  776 	.db #0x20
   0251 69                  777 	.db #0x69
   0252 6D                  778 	.db #0x6D
   0253 61                  779 	.db #0x61
   0254 67                  780 	.db #0x67
   0255 65                  781 	.db #0x65
   0256 2F                  782 	.db #0x2F
   0257 6A                  783 	.db #0x6A
   0258 70                  784 	.db #0x70
   0259 65                  785 	.db #0x65
   025A 67                  786 	.db #0x67
   025B 0D                  787 	.db #0x0D
   025C 0A                  788 	.db #0x0A
   025D 0D                  789 	.db #0x0D
   025E 0A                  790 	.db #0x0A
   025F 00                  791 	.db 0x00
                    0260    792 G$http_content_type_binary$0$0 == .
   0260                     793 _http_content_type_binary:
   0260 43                  794 	.db #0x43
   0261 6F                  795 	.db #0x6F
   0262 6E                  796 	.db #0x6E
   0263 74                  797 	.db #0x74
   0264 65                  798 	.db #0x65
   0265 6E                  799 	.db #0x6E
   0266 74                  800 	.db #0x74
   0267 2D                  801 	.db #0x2D
   0268 74                  802 	.db #0x74
   0269 79                  803 	.db #0x79
   026A 70                  804 	.db #0x70
   026B 65                  805 	.db #0x65
   026C 3A                  806 	.db #0x3A
   026D 20                  807 	.db #0x20
   026E 61                  808 	.db #0x61
   026F 70                  809 	.db #0x70
   0270 70                  810 	.db #0x70
   0271 6C                  811 	.db #0x6C
   0272 69                  812 	.db #0x69
   0273 63                  813 	.db #0x63
   0274 61                  814 	.db #0x61
   0275 74                  815 	.db #0x74
   0276 69                  816 	.db #0x69
   0277 6F                  817 	.db #0x6F
   0278 6E                  818 	.db #0x6E
   0279 2F                  819 	.db #0x2F
   027A 6F                  820 	.db #0x6F
   027B 63                  821 	.db #0x63
   027C 74                  822 	.db #0x74
   027D 65                  823 	.db #0x65
   027E 74                  824 	.db #0x74
   027F 2D                  825 	.db #0x2D
   0280 73                  826 	.db #0x73
   0281 74                  827 	.db #0x74
   0282 72                  828 	.db #0x72
   0283 65                  829 	.db #0x65
   0284 61                  830 	.db #0x61
   0285 6D                  831 	.db #0x6D
   0286 0D                  832 	.db #0x0D
   0287 0A                  833 	.db #0x0A
   0288 0D                  834 	.db #0x0D
   0289 0A                  835 	.db #0x0A
   028A 00                  836 	.db 0x00
                    028B    837 G$http_html$0$0 == .
   028B                     838 _http_html:
   028B 2E                  839 	.db #0x2E
   028C 68                  840 	.db #0x68
   028D 74                  841 	.db #0x74
   028E 6D                  842 	.db #0x6D
   028F 6C                  843 	.db #0x6C
   0290 00                  844 	.db 0x00
                    0291    845 G$http_shtml$0$0 == .
   0291                     846 _http_shtml:
   0291 2E                  847 	.db #0x2E
   0292 73                  848 	.db #0x73
   0293 68                  849 	.db #0x68
   0294 74                  850 	.db #0x74
   0295 6D                  851 	.db #0x6D
   0296 6C                  852 	.db #0x6C
   0297 00                  853 	.db 0x00
                    0298    854 G$http_htm$0$0 == .
   0298                     855 _http_htm:
   0298 2E                  856 	.db #0x2E
   0299 68                  857 	.db #0x68
   029A 74                  858 	.db #0x74
   029B 6D                  859 	.db #0x6D
   029C 00                  860 	.db 0x00
                    029D    861 G$http_css$0$0 == .
   029D                     862 _http_css:
   029D 2E                  863 	.db #0x2E
   029E 63                  864 	.db #0x63
   029F 73                  865 	.db #0x73
   02A0 73                  866 	.db #0x73
   02A1 00                  867 	.db 0x00
                    02A2    868 G$http_png$0$0 == .
   02A2                     869 _http_png:
   02A2 2E                  870 	.db #0x2E
   02A3 70                  871 	.db #0x70
   02A4 6E                  872 	.db #0x6E
   02A5 67                  873 	.db #0x67
   02A6 00                  874 	.db 0x00
                    02A7    875 G$http_gif$0$0 == .
   02A7                     876 _http_gif:
   02A7 2E                  877 	.db #0x2E
   02A8 67                  878 	.db #0x67
   02A9 69                  879 	.db #0x69
   02AA 66                  880 	.db #0x66
   02AB 00                  881 	.db 0x00
                    02AC    882 G$http_jpg$0$0 == .
   02AC                     883 _http_jpg:
   02AC 2E                  884 	.db #0x2E
   02AD 6A                  885 	.db #0x6A
   02AE 70                  886 	.db #0x70
   02AF 67                  887 	.db #0x67
   02B0 00                  888 	.db 0x00
                    02B1    889 G$http_text$0$0 == .
   02B1                     890 _http_text:
   02B1 2E                  891 	.db #0x2E
   02B2 74                  892 	.db #0x74
   02B3 78                  893 	.db #0x78
   02B4 74                  894 	.db #0x74
   02B5 00                  895 	.db 0x00
                    02B6    896 G$http_txt$0$0 == .
   02B6                     897 _http_txt:
   02B6 2E                  898 	.db #0x2E
   02B7 74                  899 	.db #0x74
   02B8 78                  900 	.db #0x78
   02B9 74                  901 	.db #0x74
   02BA 00                  902 	.db 0x00
                            903 	.area XINIT   (CODE)
                            904 	.area CABS    (ABS,CODE)
