                              1 ;--------------------------------------------------------
                              2 ; File Created by SDCC : free open source ANSI-C Compiler
                              3 ; Version 2.8.0 #5117 (Mar 23 2008) (MINGW32)
                              4 ; This file was generated Sun Nov 06 21:58:52 2016
                              5 ;--------------------------------------------------------
                              6 	.module smtp_strings
                              7 	.optsdcc -mmcs51 --model-large
                              8 	
                              9 ;--------------------------------------------------------
                             10 ; Public variables in this module
                             11 ;--------------------------------------------------------
                             12 	.globl _smtp_crnlperiodcrnl
                             13 	.globl _smtp_crnl
                             14 	.globl _smtp_quit
                             15 	.globl _smtp_auth
                             16 	.globl _smtp_250_dsn
                             17 	.globl _smtp_content_type_text
                             18 	.globl _smtp_subject
                             19 	.globl _smtp_from
                             20 	.globl _smtp_cc
                             21 	.globl _smtp_to
                             22 	.globl _smtp_data
                             23 	.globl _smtp_rcpt_to
                             24 	.globl _smtp_mail_from
                             25 	.globl _smtp_ehlo
                             26 	.globl _smtp_helo
                             27 	.globl _smtp_235
                             28 	.globl _smtp_334
                             29 	.globl _smtp_220
                             30 ;--------------------------------------------------------
                             31 ; special function registers
                             32 ;--------------------------------------------------------
                             33 	.area RSEG    (DATA)
                             34 ;--------------------------------------------------------
                             35 ; special function bits
                             36 ;--------------------------------------------------------
                             37 	.area RSEG    (DATA)
                             38 ;--------------------------------------------------------
                             39 ; overlayable register banks
                             40 ;--------------------------------------------------------
                             41 	.area REG_BANK_0	(REL,OVR,DATA)
   0000                      42 	.ds 8
                             43 ;--------------------------------------------------------
                             44 ; internal ram data
                             45 ;--------------------------------------------------------
                             46 	.area DSEG    (DATA)
                             47 ;--------------------------------------------------------
                             48 ; overlayable items in internal ram 
                             49 ;--------------------------------------------------------
                             50 	.area OSEG    (OVR,DATA)
                             51 ;--------------------------------------------------------
                             52 ; indirectly addressable internal ram data
                             53 ;--------------------------------------------------------
                             54 	.area ISEG    (DATA)
                             55 ;--------------------------------------------------------
                             56 ; absolute internal ram data
                             57 ;--------------------------------------------------------
                             58 	.area IABS    (ABS,DATA)
                             59 	.area IABS    (ABS,DATA)
                             60 ;--------------------------------------------------------
                             61 ; bit data
                             62 ;--------------------------------------------------------
                             63 	.area BSEG    (BIT)
                             64 ;--------------------------------------------------------
                             65 ; paged external ram data
                             66 ;--------------------------------------------------------
                             67 	.area PSEG    (PAG,XDATA)
                             68 ;--------------------------------------------------------
                             69 ; external ram data
                             70 ;--------------------------------------------------------
                             71 	.area XSEG    (XDATA)
                             72 ;--------------------------------------------------------
                             73 ; absolute external ram data
                             74 ;--------------------------------------------------------
                             75 	.area XABS    (ABS,XDATA)
                             76 ;--------------------------------------------------------
                             77 ; external initialized ram data
                             78 ;--------------------------------------------------------
                             79 	.area XISEG   (XDATA)
                             80 	.area HOME    (CODE)
                             81 	.area GSINIT0 (CODE)
                             82 	.area GSINIT1 (CODE)
                             83 	.area GSINIT2 (CODE)
                             84 	.area GSINIT3 (CODE)
                             85 	.area GSINIT4 (CODE)
                             86 	.area GSINIT5 (CODE)
                             87 	.area GSINIT  (CODE)
                             88 	.area GSFINAL (CODE)
                             89 	.area CSEG    (CODE)
                             90 ;--------------------------------------------------------
                             91 ; global & static initialisations
                             92 ;--------------------------------------------------------
                             93 	.area HOME    (CODE)
                             94 	.area GSINIT  (CODE)
                             95 	.area GSFINAL (CODE)
                             96 	.area GSINIT  (CODE)
                             97 ;--------------------------------------------------------
                             98 ; Home
                             99 ;--------------------------------------------------------
                            100 	.area HOME    (CODE)
                            101 	.area HOME    (CODE)
                            102 ;--------------------------------------------------------
                            103 ; code
                            104 ;--------------------------------------------------------
                            105 	.area CSEG    (CODE)
                            106 	.area CSEG    (CODE)
                            107 	.area CONST   (CODE)
                    0000    108 G$smtp_220$0$0 == .
   0000                     109 _smtp_220:
   0000 32                  110 	.db #0x32
   0001 32                  111 	.db #0x32
   0002 30                  112 	.db #0x30
   0003 00                  113 	.db 0x00
                    0004    114 G$smtp_334$0$0 == .
   0004                     115 _smtp_334:
   0004 33                  116 	.db #0x33
   0005 33                  117 	.db #0x33
   0006 34                  118 	.db #0x34
   0007 00                  119 	.db 0x00
                    0008    120 G$smtp_235$0$0 == .
   0008                     121 _smtp_235:
   0008 32                  122 	.db #0x32
   0009 33                  123 	.db #0x33
   000A 35                  124 	.db #0x35
   000B 00                  125 	.db 0x00
                    000C    126 G$smtp_helo$0$0 == .
   000C                     127 _smtp_helo:
   000C 48                  128 	.db #0x48
   000D 45                  129 	.db #0x45
   000E 4C                  130 	.db #0x4C
   000F 4F                  131 	.db #0x4F
   0010 20                  132 	.db #0x20
   0011 00                  133 	.db 0x00
                    0012    134 G$smtp_ehlo$0$0 == .
   0012                     135 _smtp_ehlo:
   0012 65                  136 	.db #0x65
   0013 68                  137 	.db #0x68
   0014 6C                  138 	.db #0x6C
   0015 6F                  139 	.db #0x6F
   0016 20                  140 	.db #0x20
   0017 00                  141 	.db 0x00
                    0018    142 G$smtp_mail_from$0$0 == .
   0018                     143 _smtp_mail_from:
   0018 4D                  144 	.db #0x4D
   0019 41                  145 	.db #0x41
   001A 49                  146 	.db #0x49
   001B 4C                  147 	.db #0x4C
   001C 20                  148 	.db #0x20
   001D 46                  149 	.db #0x46
   001E 52                  150 	.db #0x52
   001F 4F                  151 	.db #0x4F
   0020 4D                  152 	.db #0x4D
   0021 3A                  153 	.db #0x3A
   0022 20                  154 	.db #0x20
   0023 00                  155 	.db 0x00
                    0024    156 G$smtp_rcpt_to$0$0 == .
   0024                     157 _smtp_rcpt_to:
   0024 52                  158 	.db #0x52
   0025 43                  159 	.db #0x43
   0026 50                  160 	.db #0x50
   0027 54                  161 	.db #0x54
   0028 20                  162 	.db #0x20
   0029 54                  163 	.db #0x54
   002A 4F                  164 	.db #0x4F
   002B 3A                  165 	.db #0x3A
   002C 20                  166 	.db #0x20
   002D 00                  167 	.db 0x00
                    002E    168 G$smtp_data$0$0 == .
   002E                     169 _smtp_data:
   002E 44                  170 	.db #0x44
   002F 41                  171 	.db #0x41
   0030 54                  172 	.db #0x54
   0031 41                  173 	.db #0x41
   0032 0D                  174 	.db #0x0D
   0033 0A                  175 	.db #0x0A
   0034 00                  176 	.db 0x00
                    0035    177 G$smtp_to$0$0 == .
   0035                     178 _smtp_to:
   0035 54                  179 	.db #0x54
   0036 6F                  180 	.db #0x6F
   0037 3A                  181 	.db #0x3A
   0038 20                  182 	.db #0x20
   0039 00                  183 	.db 0x00
                    003A    184 G$smtp_cc$0$0 == .
   003A                     185 _smtp_cc:
   003A 43                  186 	.db #0x43
   003B 63                  187 	.db #0x63
   003C 3A                  188 	.db #0x3A
   003D 20                  189 	.db #0x20
   003E 00                  190 	.db 0x00
                    003F    191 G$smtp_from$0$0 == .
   003F                     192 _smtp_from:
   003F 46                  193 	.db #0x46
   0040 72                  194 	.db #0x72
   0041 6F                  195 	.db #0x6F
   0042 6D                  196 	.db #0x6D
   0043 3A                  197 	.db #0x3A
   0044 20                  198 	.db #0x20
   0045 00                  199 	.db 0x00
                    0046    200 G$smtp_subject$0$0 == .
   0046                     201 _smtp_subject:
   0046 53                  202 	.db #0x53
   0047 75                  203 	.db #0x75
   0048 62                  204 	.db #0x62
   0049 6A                  205 	.db #0x6A
   004A 65                  206 	.db #0x65
   004B 63                  207 	.db #0x63
   004C 74                  208 	.db #0x74
   004D 3A                  209 	.db #0x3A
   004E 20                  210 	.db #0x20
   004F 00                  211 	.db 0x00
                    0050    212 G$smtp_content_type_text$0$0 == .
   0050                     213 _smtp_content_type_text:
   0050 43                  214 	.db #0x43
   0051 6F                  215 	.db #0x6F
   0052 6E                  216 	.db #0x6E
   0053 74                  217 	.db #0x74
   0054 65                  218 	.db #0x65
   0055 6E                  219 	.db #0x6E
   0056 74                  220 	.db #0x74
   0057 2D                  221 	.db #0x2D
   0058 54                  222 	.db #0x54
   0059 79                  223 	.db #0x79
   005A 70                  224 	.db #0x70
   005B 65                  225 	.db #0x65
   005C 3A                  226 	.db #0x3A
   005D 20                  227 	.db #0x20
   005E 74                  228 	.db #0x74
   005F 65                  229 	.db #0x65
   0060 78                  230 	.db #0x78
   0061 74                  231 	.db #0x74
   0062 2F                  232 	.db #0x2F
   0063 70                  233 	.db #0x70
   0064 6C                  234 	.db #0x6C
   0065 61                  235 	.db #0x61
   0066 69                  236 	.db #0x69
   0067 6E                  237 	.db #0x6E
   0068 3B                  238 	.db #0x3B
   0069 20                  239 	.db #0x20
   006A 63                  240 	.db #0x63
   006B 68                  241 	.db #0x68
   006C 61                  242 	.db #0x61
   006D 72                  243 	.db #0x72
   006E 73                  244 	.db #0x73
   006F 65                  245 	.db #0x65
   0070 74                  246 	.db #0x74
   0071 3D                  247 	.db #0x3D
   0072 55                  248 	.db #0x55
   0073 54                  249 	.db #0x54
   0074 46                  250 	.db #0x46
   0075 2D                  251 	.db #0x2D
   0076 38                  252 	.db #0x38
   0077 00                  253 	.db 0x00
                    0078    254 G$smtp_250_dsn$0$0 == .
   0078                     255 _smtp_250_dsn:
   0078 32                  256 	.db #0x32
   0079 35                  257 	.db #0x35
   007A 30                  258 	.db #0x30
   007B 20                  259 	.db #0x20
   007C 44                  260 	.db #0x44
   007D 53                  261 	.db #0x53
   007E 4E                  262 	.db #0x4E
   007F 00                  263 	.db 0x00
                    0080    264 G$smtp_auth$0$0 == .
   0080                     265 _smtp_auth:
   0080 61                  266 	.db #0x61
   0081 75                  267 	.db #0x75
   0082 74                  268 	.db #0x74
   0083 68                  269 	.db #0x68
   0084 20                  270 	.db #0x20
   0085 6C                  271 	.db #0x6C
   0086 6F                  272 	.db #0x6F
   0087 67                  273 	.db #0x67
   0088 69                  274 	.db #0x69
   0089 6E                  275 	.db #0x6E
   008A 00                  276 	.db 0x00
                    008B    277 G$smtp_quit$0$0 == .
   008B                     278 _smtp_quit:
   008B 51                  279 	.db #0x51
   008C 55                  280 	.db #0x55
   008D 49                  281 	.db #0x49
   008E 54                  282 	.db #0x54
   008F 0D                  283 	.db #0x0D
   0090 0A                  284 	.db #0x0A
   0091 00                  285 	.db 0x00
                    0092    286 G$smtp_crnl$0$0 == .
   0092                     287 _smtp_crnl:
   0092 0D                  288 	.db #0x0D
   0093 0A                  289 	.db #0x0A
   0094 00                  290 	.db 0x00
                    0095    291 G$smtp_crnlperiodcrnl$0$0 == .
   0095                     292 _smtp_crnlperiodcrnl:
   0095 0D                  293 	.db #0x0D
   0096 0A                  294 	.db #0x0A
   0097 2E                  295 	.db #0x2E
   0098 0D                  296 	.db #0x0D
   0099 0A                  297 	.db #0x0A
   009A 00                  298 	.db 0x00
                            299 	.area XINIT   (CODE)
                            300 	.area CABS    (ABS,CODE)
